<?xml version="1.0" encoding="UTF-8"?>
<root><fields><field><label>Field0</label><value>false</value></field><field><label>Field1</label><value>1/1/70</value></field><field><label>Field2</label><value>1.0</value></field><field><label>Field3</label><value>file.txt</value></field><field><label>Field4</label><value>Latitude: -8.035, Longitude: -34.918</value></field><field><label>Field5</label><value>2</value></field><field><label>Field6</label><value>Link to Page content</value></field><field><label>Field7</label><value>3</value></field><field><label>Field8</label><value>Option 1</value></field><field><label>Field9</label><value>Option 1</value></field><field><label>Field10</label><value>Text content</value></field><field><label>Field11</label><value>Text Area content</value></field><field><label>Field12</label><value>Text HTML content</value></field><field><label>Status</label><value>Approved</value></field></fields></root>