<?xml version="1.0"?>

<root available-locales="en_US" default-locale="en_US">
	<dynamic-element index-type="keyword" instance-id="Okhyj6Ni" name="boolean" type="boolean">
		<dynamic-content language-id="en_US"><![CDATA[true]]></dynamic-content>
	</dynamic-element>
	<dynamic-element index-type="keyword" instance-id="1SYNQuhg" name="boolean" type="boolean">
		<dynamic-content language-id="en_US"><![CDATA[]]></dynamic-content>
	</dynamic-element>
</root>