<?xml version="1.0"?>

<root available-locales="en_US,pt_BR" default-locale="en_US">
	<dynamic-element index-type="keyword" instance-id="Okhyj7Ni" name="text" type="text">
		<dynamic-content><![CDATA[one]]></dynamic-content>
	</dynamic-element>
</root>