<?xml version="1.0"?>

<root available-locales="en_US" default-locale="en_US">
	<dynamic-element index="0" index-type="keyword" name="HTML2030" type="text_area">
		<dynamic-content language-id="en_US"><![CDATA[]]></dynamic-content>
	</dynamic-element>
</root>