<?xml version="1.0" encoding="UTF-8"?>

<root>
	<dynamic-element index-type="" name="boolean" repeatable="false" type="boolean">
		<meta-data>
			<entry name="displayAsTooltip"><![CDATA[true]]></entry>
			<entry name="instructions"><![CDATA[]]></entry>
			<entry name="label"><![CDATA[Boolean Field]]></entry>
			<entry name="predefinedValue"><![CDATA[]]></entry>
			<entry name="required"><![CDATA[false]]></entry>
		</meta-data>
	</dynamic-element>
	<dynamic-element index-type="" name="document_library" repeatable="false" type="document_library">
		<meta-data>
			<entry name="displayAsTooltip"><![CDATA[true]]></entry>
			<entry name="instructions"><![CDATA[]]></entry>
			<entry name="label"><![CDATA[Document Library Field]]></entry>
			<entry name="predefinedValue"><![CDATA[]]></entry>
			<entry name="required"><![CDATA[false]]></entry>
		</meta-data>
	</dynamic-element>
	<dynamic-element index-type="" name="image_1" repeatable="false" type="image">
		<meta-data>
			<entry name="displayAsTooltip"><![CDATA[true]]></entry>
			<entry name="instructions"><![CDATA[]]></entry>
			<entry name="label"><![CDATA[Image Field]]></entry>
			<entry name="predefinedValue"><![CDATA[]]></entry>
			<entry name="required"><![CDATA[false]]></entry>
		</meta-data>
	</dynamic-element>
	<dynamic-element index-type="" name="image_2" repeatable="false" type="image">
		<meta-data>
			<entry name="label"><![CDATA[image_2]]></entry>
			<entry name="required"><![CDATA[false]]></entry>
		</meta-data>
	</dynamic-element>
	<dynamic-element index-type="" name="image_3" type="image">
		<meta-data>
			<entry name="label"><![CDATA[image_3]]></entry>
			<entry name="required"><![CDATA[false]]></entry>
		</meta-data>
	</dynamic-element>
	<dynamic-element index-type="" name="link_to_layout" repeatable="false" type="link_to_layout">
		<meta-data>
			<entry name="displayAsTooltip"><![CDATA[true]]></entry>
			<entry name="instructions"><![CDATA[]]></entry>
			<entry name="label"><![CDATA[Link To Page Field]]></entry>
			<entry name="predefinedValue"><![CDATA[]]></entry>
			<entry name="required"><![CDATA[false]]></entry>
		</meta-data>
	</dynamic-element>
	<dynamic-element index-type="" name="list" repeatable="false" type="list">
		<dynamic-element index-type="" name="List Item 01" repeatable="false" type="value 01" />
		<dynamic-element index-type="" name="List Item 02" repeatable="false" type="value 02" />
		<meta-data>
			<entry name="displayAsTooltip"><![CDATA[true]]></entry>
			<entry name="instructions"><![CDATA[]]></entry>
			<entry name="label"><![CDATA[List Field]]></entry>
			<entry name="predefinedValue"><![CDATA[]]></entry>
			<entry name="required"><![CDATA[false]]></entry>
		</meta-data>
	</dynamic-element>
	<dynamic-element index-type="" name="multi_list" repeatable="false" type="multi-list">
		<dynamic-element name="Multi Item 01" repeatable="false" type="value 01" />
		<dynamic-element name="Multi Item 02" repeatable="false" type="value 02" />
		<meta-data>
			<entry name="displayAsTooltip"><![CDATA[true]]></entry>
			<entry name="instructions"><![CDATA[]]></entry>
			<entry name="label"><![CDATA[Multi Select Field]]></entry>
			<entry name="predefinedValue"><![CDATA[]]></entry>
			<entry name="required"><![CDATA[false]]></entry>
		</meta-data>
	</dynamic-element>
	<dynamic-element index-type="" name="selection_break" repeatable="false" type="selection_break">
		<meta-data>
			<entry name="displayAsTooltip"><![CDATA[true]]></entry>
			<entry name="instructions"><![CDATA[]]></entry>
			<entry name="label"><![CDATA[Selection Break Field]]></entry>
			<entry name="predefinedValue"><![CDATA[]]></entry>
			<entry name="required"><![CDATA[false]]></entry>
		</meta-data>
	</dynamic-element>
	<dynamic-element name="contact" type="text" index-type="text" repeatable="true">
		<dynamic-element name="phone" type="text" index-type="text" repeatable="true">
			<dynamic-element name="ext" type="text" index-type="text" repeatable="false">
				<meta-data>
					<entry name="displayAsTooltip"><![CDATA[true]]></entry>
					<entry name="instructions"><![CDATA[]]></entry>
					<entry name="label"><![CDATA[Ext]]></entry>
					<entry name="predefinedValue"><![CDATA[]]></entry>
					<entry name="required"><![CDATA[false]]></entry>
				</meta-data>
			</dynamic-element>
			<meta-data>
				<entry name="displayAsTooltip"><![CDATA[true]]></entry>
				<entry name="instructions"><![CDATA[]]></entry>
				<entry name="label"><![CDATA[Phone]]></entry>
				<entry name="predefinedValue"><![CDATA[]]></entry>
				<entry name="required"><![CDATA[false]]></entry>
			</meta-data>
		</dynamic-element>
		<meta-data>
			<entry name="displayAsTooltip"><![CDATA[true]]></entry>
			<entry name="instructions"><![CDATA[]]></entry>
			<entry name="label"><![CDATA[Contact]]></entry>
			<entry name="predefinedValue"><![CDATA[]]></entry>
			<entry name="required"><![CDATA[false]]></entry>
		</meta-data>
	</dynamic-element>
	<dynamic-element name="text" type="text" index-type="text" repeatable="true">
		<meta-data>
			<entry name="displayAsTooltip"><![CDATA[true]]></entry>
			<entry name="instructions"><![CDATA[These are some instructions.]]></entry>
			<entry name="label"><![CDATA[Text Field]]></entry>
			<entry name="predefinedValue"><![CDATA[test]]></entry>
			<entry name="required"><![CDATA[true]]></entry>
		</meta-data>
	</dynamic-element>
	<dynamic-element index-type="" name="text_box" repeatable="true" type="text_box">
		<meta-data>
			<entry name="displayAsTooltip"><![CDATA[true]]></entry>
			<entry name="instructions"><![CDATA[]]></entry>
			<entry name="label"><![CDATA[Text Area Field]]></entry>
			<entry name="predefinedValue"><![CDATA[]]></entry>
			<entry name="required"><![CDATA[false]]></entry>
		</meta-data>
	</dynamic-element>
	<dynamic-element index-type="" name="text_area" repeatable="false" type="text_area">
		<meta-data>
			<entry name="displayAsTooltip"><![CDATA[true]]></entry>
			<entry name="instructions"><![CDATA[]]></entry>
			<entry name="label"><![CDATA[HTML Field]]></entry>
			<entry name="predefinedValue"><![CDATA[]]></entry>
			<entry name="required"><![CDATA[false]]></entry>
		</meta-data>
	</dynamic-element>
</root>