<?xml version="1.0"?>

<root available-locales="en_US" default-locale="en_US">
	<dynamic-element index="0" index-type="keyword" instance-id="uewn" name="image_1" type="image">
		<dynamic-content language-id="en_US"><![CDATA[ffd8ffe000104a46494600010100000100010000fffe003b43524541544f523a2067642d6a7065672076312e3020287573696e6720494a47204a50454720763632292c207175616c697479203d2038350affdb0043000503040404030504040405050506070c08070707070f0b0b090c110f1212110f111113161c1713141a1511111821181a1d1d1f1f1f13172224221e241c1e1f1effdb0043010505050706070e08080e1e1411141e1e1e1e1e1e1e1e1e1e1e1e1e1e1e1e1e1e1e1e1e1e1e1e1e1e1e1e1e1e1e1e1e1e1e1e1e1e1e1e1e1e1e1e1e1e1e1e1e1effc0001108032104b003012200021101031101ffc4001f0000010501010101010100000000000000000102030405060708090a0bffc400b5100002010303020403050504040000017d01020300041105122131410613516107227114328191a1082342b1c11552d1f02433627282090a161718191a25262728292a3435363738393a434445464748494a535455565758595a636465666768696a737475767778797a838485868788898a92939495969798999aa2a3a4a5a6a7a8a9aab2b3b4b5b6b7b8b9bac2c3c4c5c6c7c8c9cad2d3d4d5d6d7d8d9dae1e2e3e4e5e6e7e8e9eaf1f2f3f4f5f6f7f8f9faffc4001f0100030101010101010101010000000000000102030405060708090a0bffc400b51100020102040403040705040400010277000102031104052131061241510761711322328108144291a1b1c109233352f0156272d10a162434e125f11718191a262728292a35363738393a434445464748494a535455565758595a636465666768696a737475767778797a82838485868788898a92939495969798999aa2a3a4a5a6a7a8a9aab2b3b4b5b6b7b8b9bac2c3c4c5c6c7c8c9cad2d3d4d5d6d7d8d9dae2e3e4e5e6e7e8e9eaf2f3f4f5f6f7f8f9faffda000c03010002110311003f00cda2933ef467debee8f9f169d4ccfbd2d0263a9453452d021f45267de8cfbd002d3a999f7a70a100e14520345301c29c29a2941a00752d369d400e14b4d06973ef400b4519a33400514668a0029c3a5369c3a50014a292945002d2d253b34000a5a28cd0014a28c51400ea0526696801c29c29a29734012034b9a8c1a766801d9a29b9a375003a8a6eea375003b340a6e68dd400fcd253775206a009052815186a76ff00f39a005c52114ec8f6a438a04464518a71a4a000714668349400b452502818e14b4da5cd003852d36973400ea2933466801714ea6d19f7a00751480d2d002d14940a0070a7d474fa0028c528a5a004c50453e908a006628c53a8a006e29a45494da006818a5cd07a532801dde928068cd0014519a33400a053d6938a75002e6826933499a005a514da4dd4012834e06a20dcd383500499a4cd377519a00766933499a4cd0004d213484d213400ecd19a6e68cd0038d25266933400ecd21a4cd1400869314b4a0500340a5c53b14b400dc52814b4a281052d1480d002d2114b450020a5a290d002e698d41348c68012908a050680128a763da908aa0128cd14ca007e69a6928a002834ea422824611498a791498a006e2940a5c5380a003148453e8228023c518a7d14008052d28a2800229314e349400014ab40a01a0071e95139e69ccd5139e6801ca39a7e38a66697750211a98d4e66a631a100948d4b48d4c0e768a28accdec14fa653a810b4e1d2994502b0fa29b4e1405829f4da51420b0fa29052d30b0a29c29b4a2810b4fa653b3400b4519a5cd002d14668a002969281400b4e1d2905283400528a4a51400b4668a5a0001a5cd2528e9400ea28a5a004a75262971400a2969b8a31400fa70a6528a0075369734b400da29d4d3400b9a434628c5002668c52e29a45002e693346296801c1a9c0e6a3a5140892822982973400a69a4d2d18a0028a293140ee3874a29b8a750171452d029d405c6d380a4c518a02e380a4a4c52e680b8a29d4da280b8ea29b40a02e3c74a7034ca5a02e3c5385301a783405c7521a0519a004a4cd38d3680026909a4a28012908a5cd213400d2714b484d18a005a29052d00381a70a66da318a02e49499a4145017034c269f8a31405c4069c0d262971400b9a766a3a0500499a4cd341a766801a6929d8a08a006d14b8a08a0043499a08a31400b45371401400ea70eb4d145004a290f5a6a9a526800a28cd25021d9a6034a28a005069734da2801d9a0d2521a000f5a6b53a994002d29a414b400ea69a290d50094ca7d2500369c0528a280129714a69a68240d36834a0d0020a75349a553400ea0d05b34d3400b4520a33400b466933499a007669334c278a4cd3b0ae4b9a6e6999a4268b05c79351b1e6909a4cd160b92669a5a9a5a909a5601dba909a6e696980a0d2134669a5853b01839a29294564740b8a5a28a04c28a28a042d2834945003b3ef4b9a653a840381a7669829c2980ecfbd2e6994a2824767de9d9a652e6801f9a334dcd19a00933ef4b9a6034e1400ea4cd03a525003b34bba999a33401266941a8c1a5cd00499a5cd459a5cd00499a5cd460d2e68026cd28a881e6a406801f8a5a6834b9a00514b4829680129452e28c500253a9314b40052114e145002514ec518a006d2114fc536801b8a314ea50280198a29f8a314086e2814ec526280145281494e1d28013146da70a51400d0b463da9e052e280198a5a7628c5003714629d8a31400dc514ec532801452d2519a005a05140a00751452d00029c0d2528a007669734d14b40c334d2694d36800cd00d34d1400ec52114b9a334009b68c52e696801b8a5c528a5c5002668a318a2810e028a4cd3a801314b8a70a5c500376d18a93148450322229b5211498a006514a4521a007d14ccd00d003f8a0d37341340011494a0d2d00340a5c5380e6948a006114d34e6a43400ab431a05235002e6814940a043c74a4a51d292800a28a2800cd14521a0033484514e3400da28a2800a69a71a6b550099a290d2d0028a281450029e94d34a69a4d0488681484d3b1400c6a01a56a41400a0d3b34118a6934001345252d002134dcd39aa33400b9a4a5028c5310dcd04d04518a006f34734ec5005003314b8a514a6801b485a86351b1e29a0159bdff5a616a693494c0c9cd2e6994a2b13a470a2929734098a2969b4b9a042d28a3345048b4b499a70a02c2629714b40a02c3e92814b4c626294518a5c5001452d18a004a70a31ed4a05048b40a28a00334b9a4c52d002669692945050514518a005069d9a652e6802414e151834e0d41248053c5441a9c1a802514e151034e0dc5003f3466999f7a506801d9a766994b400f069734c14b400fcd19a6d14087669b45140051451400ea43499f7a2800a28a2801452d20a5a00751499a33400b4ecd3334b9a007669734ccd2e6801d4d34b9a4a00434b9a4cd14001e68c502968000294518a5a00514dc528a5340094e069868cd00499a29b9a51400b4869c2931400da4c53f1ed46da006528a5dbed462800a51d69314f02800a29714628019499a522928014538532973400f14f1512e6a419a005cd19a369a369a00334119a369a5a008c8c5267152115195e680233494fda69bb4d002528a369a705a00414f148053a8005a7678a6e69acd400e26984d349a42680149a4cd21349400fcd28a60a7ad003b14b40a2800a4cd0692800a2933466801693346699ba801f9a4a4cd2e6800a28a2a890269a7a529a43d2801292834dcd003b34536945002d283494a050014b8a5145002118a434ae78a88b734087e334b8a6a9a7922801a452538d36801314629d4500371498a7d25002628db4f14a00a008714d22a561c544e698c630a6b2d2934330f6a6808c8a4029588a6eea6062e296928ac2e740ea29314ea2e26028a28a2e02e6941a6d28a648b9a7d32806801f9a5cd341a506802414a2a3069e0d1701e052e29a0d2e68b80ec518a40697345c05a29334945c561d4669b4b9a2e161734a29b9a3345c2c3f14629b4b9a2e31c29314668cd1700c518a334668b80b8a5a334669922d2e69b9a0d00480d381a805385004d9a506a1cd3835004c0d2e6a1dd4edc280250697350ee146e14013668cd439a334089b34b9a8853c5003b3466929474a005a51494b9a0028a33450028a5a61a2801f453334a0d003a8cd26692801d9a5cd3452d0019a3345140ae19a506929d405c05380a414ea02e2e2928a280b85068a31405c69a5028346280b8034f14d534f1cd0171453b149b69403405c5029714014f1405c6eda42b526697340c8768a502a4cd34d002628c514b4011914d22a7619a69434ae0434fda29fb714a14d1701152a454a1453f145c04db46da982d2eda2e041b690ae2ac6298cb45c0ae78a4c66a565a61145c08f6d26da909a69a62b8cc53b14629450171a69a6a434c61cd017184d349a56a6106818b48694034b8a006528a53499a007629453475a78a005cd19a4a6e2801d452669ad40099a334a4534d002e6980d29eb498a0070a70a45a46a005069c29b9a5aa245c534f4a7535cd0034d30d2375a406801e29c29a0f34e06801c053b14ccd206a0079e29a4d216e2a36340033122a3279a5622a33d69d8448ad526e350838a5ce4d16026dd4546053c51601734668a28b00669d4da1980a2c03b34b9a84c83d6a27704f5a2c04cefc5577939a8cbd46cf40c90c9f5a6990e2a12fcd3734d012973481cd479a01a6067669c2a3069c0d739d03c52d3453a8130a28a2800c514b8a502a8561314a052e294501600297140a75016002940a75140800a5a01a33400a052d341a5cd00140a0528a0029d8f6a00a5cd00263da8c7b52e68cd0037346692933400edd4b9f7a8f34b9a007e7de8cfbd333466801fba941a8f34a0d3249334b4ca70a0070a281486801334a0d2628c5003b71a377bd2536801fbbde8ddef4ca28024dffe734e56f7a869c0d022c06a78355d4d3c35004e29c3a540ad4f0d40131c6292a3df466801e6973ef4ccd2d003a8a414b40098a314b4500263de973ef499a4a007e68cfbd3452d003b34b4da70a091714b451400034b9f7a4a2801d9a334945002e69d9a652e6801d4b8a45a7500342e29eb4b4500381a75300e29f9a00502969052d0028145203466828522928268a0000a502814e02801169e071d280b4b4806114b8a5228a005514ec5341a5cd004a0d2e453296801d914d3cd14b8a008dc544c39ab056a365e6802bd0053f1462992340a314fa5c500464534ad4b8a50a2802b6cff0038a429edfa55a2829aca2828afb69a471539151b0a00848a4c53c8e69c173400cc52d388a4c50025388a00a5eb400c3494f2298d40052114a0d1400c228618a9314d7a0060a09a290d002e6941a65267d2a89260d51b353771a6934008c69bba8634c268025dd4a1bdff005a881a334012efff0039a035459a33401296f7a613cd337526ea005dd4669a69b9a621c4d3a33cd474aa6802dae314bc542afc53b75003f70a370a8734668026dc2a095f8ebfad2e6a293a50046d21cf53f9d30b9ff26861cd46d400a5bdff005a696a08a4c50312929db68c5340379a70a00a701c53032c52d301a729ac2e740f1d29f518a7e68b898b4514b45c05c518a5cd14804c518a762948a684c414e06928a621f9a334945002e68cd2536802406941a8f34b9f7a0078a70a8c1a70340ac499a09a603467de80b0a69a7ad2e69280b051451416145145001450052e3da800a7014829c2824314fa414e028014518a72ad3c2d0047cd2119a9f68f6a429fe714c921d94bb4d4bb0fbfe54bb28020d946ca9f6d1b45004183460d4b81ed4607b50222c1a5c53f0293140080e29775211498a007ab53c35438a70a009770a4079a60a70eb40992ab53b754429d9a04499a4269bba90b5050fcd301a4dd4d068132506973516ea3750225cd383543ba943550136e14edc2a0dd4a1a80270d4b9a8435381a007814e02981a9ea6a405c5252e69680014e06900a2801d9a5069b401400fcd2e6994500480d28351e6973ef400fdd466982945003b3403401401400e534fcd46053a80241d69d9e2a3cd05a8287134dcd2669b9a009334a0d440d3b3401206a52d51ad2d202556a786c54494e22801e5f8a6335183498a00427229bde968a0050714868a5a004a72d0052d00148dd29d48c284040fd6a1719ab256a165a6042179a78e053b68a6b5300a4c52834bc7b52246d2e6909a4340031a85fad39cd46cdcd002e6941a8f9a519a00955a949a8727d69ca7d6801c4530f14f2698d40099a69341e94d6aa0109a683484d341a00929a4500d2e6801b8a4a5269a4d00146714d26949a684c5269a79a426814001a4c53a8c7b50020a7669292801d9a514d14500293499a6e6909a007e686a8f346ea01030cd30ad3f34647b5031bb4d2118a90918ed51b30aa06c69a67206314fa40727a5021154e738a7b126949e300511a9eff00ad034620a7ad368ae73a6c482941a8b35266810f069734d069c28158766941a4cd28a0075389a68a4a684c752e290528a621d8a314940a005c5329f4dc5002514b8a4c5003a9734cce68a063e9734c029d400b4b4014b8a004a29714628189452e28db4000a7500629d4008053d56940a70a0900b4f0bcd2549400014ec520a70a005db4a0526e146ea2e48ec0a36d3334f0c0d1701acb48454a3068c0345c080ad215a9f14d228b88836d3b152114d345c089a9a4d48d4c345c043499a666941a63b12034e06980d381a043c1a5cd2034b9a0561334134534d031734dcd2e29050262668cd2e29314087668dd4ca2a807ee34a1a983a502802656a786aae29c0d00595a916ab838a7ab0a90271d29035479cd2e68025069d9a845385004b9a5a6014e1400b451499a005a28cd1400a29e298b5203400a3a52d00d2d00145069b400f34d2690b5349a0771734134dcd286a02e2834a0d2139a14679a02e3d4d381a6e734e514863d0d4ca2a11814a585004fb453585441c0a46907b5000d5196e698cf914cea6815c9835383542a2a41405c9375216a6e690d01724dc68dc6994b8a062e698fd29db4d294a10101a6b54ec2a261cd3022269371a79e6985682401a42d9a36d1b71400d3cd376d494e19a008714bb78a94252eda00ae452e2a62b4d2b401113494f618a8cf5a00434d6e94e66a89daa8069eb4c34a4f34d63400a0d381a629a53400b4da414b9a004c5029734b9a684c4c5069d4a3a5003452e2976e282d400d34dc5389e6933400514668cd003290d29a69a0029314b9a616a010ea4cd309a666818f2c71499cd2023b1a198f60298878141c2a934d42de82b16e3508e1b67b666505f0df74e7afff005a86c12372070ce473d453351ba16e38dc3e603803d2b0f4ebf4859b6b29de47506a0f16cb6b2e9f1cd3cac9ba61f741f43ed593a86aa2686293152e29a4545cd88f14ea5228c51713154d381a674a3345c44b9a5069829453112668cd3334e14d098e069d9a60a5a621f9a5a6d28a5701734668a402980f1cd2851ed4c0714e0d4804d9fe7149b69dba8eb4c571b4f028c53850170029c1695453c0a02e336d1b69f45050cdb4bf853a8c5031b8a5db474a33400ecd01a9a69282493753f7ff009cd57cd3f38a00943ff9cd2eff00f39a8734668027dd46ea8435286a0926cfbd0323b9a8c35383fd6802504d3b7ff9cd43be9775004db8526e1506e346e34089b23d6985a99b8d337500398fbd309a42692801b4034518a63141a78351d28340326069d9a8852e68112668cd373466801d401494034098e028db4a0d3a81116ca3654b8a00aa02309c7ff5a9db3fce29f8a7628022dbedfa51b7daa5c518a00610685cfbd3c0cd3c2d480d5a5a5c0a5c5000b520a60a70a009452d341a70e680129053f14dc5002528a5c514000eb4f14d029c280141a7034dc52d002e6909a29b4001a69a09a3340053c2d32a456a0036f35222f14019a914714008a983ff00d6a711814fe29add291444cd8a616cd39c73519a007024d2367d4d0b4a6801021cff00f5a9c13fce29f4a282466314a169e1734e2b4011e28db5205a78514011aa7f9c54813fce29ca29ddaa4a18540a46031da958d318d500c92a161cd48c79a69142020029d814a46298c699229029ac4526ea693400a3ad4aa0541bb1479a47ad0058c526298b264f7a717e2800a6b118ed4c7939ef5117a005918540cdcd1231a898d00399bdff005a899a9a58e298cc6a807eea42d5196a09a00914d3b351a1a750014518a2800cfbd2ad369cb4d098f1466929a4d0048cff00e735197ff39a61269b9a00941a4dd51efa4cd004bba8dd51668cd003cb0a61614c2c7151b31a009b7ff9cd465aa32c69bbe8044a5a9b9a8f71a371a0648bf28c9340704e31fad47bf70a5418058fd680b0f7936f6fd6b16fe7b0ba98306b68fe5c7de53eb4bacea8b6c48fde70c070a3d2b21ec44d6ed2db85420e3e626b39b348a2c4d1796449136f51cfca38c555d5e78af34e8ed99d11964dc72c09e87b7e34d7bc6b28c433966dc36fca076e0d60dedec4d7f26d570303a81e82b8a750de313d2734d34b4878aeb206914b9a4dd49400a4d368349400b9a7034ca29228901a553bd49351e6949c2e17f4a64b24627e503e94b34ab140bb8e39c74fad35480013fad437f0c97108d8587cd9e067d69324c7bed6737c914463699932aa54f3d7ff00af57343bfbbbe926134512adb95c95ec39cf7f6ae37539ae3edf1cdf63960654c0e083dfdaba5f0b5a8086e64d4fca0c1249118e01ea483cd72a9da468a27501d8a86500a1e8697354e0bdb79ef5ed21962288bb83a3820f4ec3eb572bb94af1329a168a052e2a21b8a225381a4c528154c18b9a70eb4dc53b34087ad3a980d2834087514dcfbd28340ee2d21a5a281dc61a05388a4a077128a5c7b521140828a293340c5a4a4cd266818ecd381a6528a09b1203c51ba999f7a4cd016240d4bb854746680b1266909a6e7de8a042e68cd2514001346690d25031734b9a6669734c43f3494dcd2e68063e9474a68a70e94087034a2900a70a05701401cd2f14e18cd01700b4f0b4ab8a781405c604a705a752814086eda762969dc5003314629fc51c5003714a28a05021d4525068016941a6528a0078eb4f02982a45340c5038a4c53c74a2801a29c290d1400a68cd2521a005cd19a6d1400ea29052d0021e9494ec50050020a72d285e28c5003d4e2a456a88528cd004dba918f14ce696801ad4d029f8cd0050030d394d045014d003c0e69d48a7da94d228721a78a88549400ecd045349c0a8cc98ff00f5d004a5b1519706a3925e3afeb50799f375fd6824b5d690a546920c75fd6a4320c751f9d0035862a3660296471ea3f3a859b9a001a4fa544ce29ac78eb51337bfeb42112eea42e13a1a877ff9cd359bbe7f5aab0c90b1639c0a5dc6a1f380180067eb4cf3189e87f3a96868b7bc4332853db3cd0ed90cdf53557ccc4cbbcf38ee695e50aac73c60f7aa40c7b37991007d7b5567bc83cf58bcce48cfdd34d7ba5f2c052339ecd5917b2a24eb2ac8bf2af66fad673958a48d5b8bb8d410ac0f5ea0d456f3383e600bc8c571e9abb4d79731873f248547ef73dcd68d95ecce7ca1e67033f78fad28cc9944e932c1b660734d5dd89063ad67437aef28728d81c7deabd1c85b042f5f7ad2e03c6563029c06290f3da9d9cd3482e380cd04014dc91eb4e505bad50ae072ee19c63b714d60c8e180e339aa9a9cf2a5d2ac68fb767f0938ea6a4b3ba12108e30781f3352065a72586eee69a4e29e70b215e303f2a61e68b101bea37e69c56a373834586852c29a4e699ba9375318ea33499a0900d003d7de8634cdc2a377e7ffaf400acc2a366a6124fad3493ef400fcd30352734e55f6a00426954d3f67b7e94f48fdbf4a6046c13f80934e8c3f42a31522a2a7dec0fa8a9635473f2c8bf85572a0b91792a7a93541a2b8b5b5799a30369ee41eb815b7fbb887cc54f6e6b1bc5779730c4d656da6cd7064456dd183c7cdd3001f4ac2ac558b81c0f88b53bcb9d41223143b5656504039c647bd345acb342a367cd9c9008abbaa69570822be9229508ccad1b4447a1209ac69f5195a76003dbaf621c81f4ed5e5d548eb81e9c5a909cd18a36d7a46371a452d3b69a4238a02e2526297146280b8da29f8a50b490ee474f0b85c9a7eca7e4e369e334d888f6ef031daa0bebe163080777dec7ca01f53deae18c15c8c920566eacd33c6214453b581fd3ff00af5126063f892385f4d96ee3422440aa093fed0edf8d67e8c6ea46890c8be4b1412ae39653d474f4cd59d5a4fb558c8d75f2741f27a647d6b3dcb225bf036a81e59f51c633fa579f37691d08ed74cb3d3e2949b6b76493690496278cfd7e95783571f693dd6a10ad8451a33c799081c1c67d49c77aeb3041c815dd46578995444c0d3c1a8779231c7a52a28079ad2264913519a8f3403557024cd2e6980d2e68b898ecd2e69b4517112d28a841c53c1a2e225a51516e149be8b8d131a69a60714bbe8b8c7d34d26ea42f45c62d368df4d2d45c68534da4269a68b8c973499a6668cd17247e697351e68145c0941a5cd440d3b345c05dc680d499a334c561d9a334ccd203408796a4dd4829680b866973494e02985c4cd38518a5cd021453c74a6034b9a05724cd19a6e690d021dba9e0f350914aa706802ca1a901a811a9fba802c668cd41ba9770a009b7519a8734bb85004b9a335186a706a007e68cd3734b9a042e69f51d3875a007528140a5c500281cd48062994b40c7e28cd333406a00713413406a5c66800a434b8a70a57023c502a5a28b80c14e029714628b8062940a414e068b80a0714629334f5345c06e29d8a70341a2e02628c5005380a2e02014829d4b8a2e03714aa28a706c51701cb1fd291d714d5702992483d68b0ee04e0d3d5b27155cbd217028b05cb4fd2aacad8341947a8fcaa292519ea28b05c697269a4d309e29a5b145844a242053cc87d6abef151993e94580b2d21a8da4a80be69a79a2c03da42475a899e822908a6804dd4d0495eb4be59cd2ac5f30419da7a9aa1a191fdf39f5aaba9ea296bc61fef01c007b66b44c464c228caaf0c7d05616aab3c57f2472a05b218f2e4cfcc5b0383faf6ed49b18f9ef8c9749b4b0f97b81ef5791cc96afebb3fa561de9686e566006c55e49fc6a1fb44f048aee8804c7317fb5fafb8a8e60b162f2e1ad8f24f5c7007a563cd7be61d9f3723b815a024ba8ef1ef3cb4dd20da7d3b7bfb560de5bc4ff00bf8d98b28c01dbafff005eb9aa4cda11332d98c5aacbcffac9ff00f663fe35d2e9eecb74c73fc1fe15c54f733adf0882261a5dbfafd6ba286409a6c492fca031e9f5359c663944ec55228f499a70a72ae075fa7f8d5cd39965b72d83c203cfd2b91bd752e1d4e4018aea3455b76b389cbb6e58d0fe38fa575c6573065d50319a52bb68ddbe4213914f90aacca01ed5b233622a823355ae6e3c93819ebd8536ea6682650c005918f3edfe4d364b8b4c61e523e80ff85272b0d20d6a78608da52ad9551d3eb55616061172a08f9449efd3354af6ebc9be8caed23667907de9b6d6d2bccd7213ab071c8c75cd4a90d9b96f3f9d6a92f396cf51ef56d860543a40933bdd40054ff3a27e6fa3ff0077fc6b5440acd50c87269f32e727eb50bae6203de98d0da4cd2f2694a9352171b9a467a0a1a6633405c50c4d04669c91127bd588e038e87f3a02e56d949e58abde49f7fce97c93eff9d0172888ea458fe956bc9fafe74f11fd680b95963071d2a648863a0a942629e00a02e41716eb728440029e9f31354a3b1bd865c9962dbbbb7a0fc2b495d3765ce3e94a1f7ee117cd8a6d3048a728cae25f98e7b5721a97882faca4171733b384519d91ae7938f41eb5d96a572f6f689bc28f9f1d33eb5e75716305d21934d792771f280c4019efd40ed5c95548da08b7a8eb4da959a80d27ef2338dcaa3ef0f6ae36fd48b97824e4ae0f1d3a7ff5eba292c6e6258fca8f7103f7f961f27d3f5f5accd4b4ebebc90c7141ba304303b803d3dcd79b52323aa27a663da92a42b8a630af58c04a38a43c5213400a7145349a01a00762945337d383669a10ecd49c3b03c0a8b3417dbd334319341c33e4f19ef597aa5da4176f98d58703ae3b56930658f7e7a8cd51bcb14ba41232a924f7247b566c0c6d505bd9dbb46be55e29018918c75e9dfd335896acd34934a623b213b9633c8c73c0f4e95ad606dee265b799198313eddb3ebed58d04af6fab5e5a93f24b398e300741b88e7f315e7622c99ac59d168f09bc8566b743692303968d7e6c038c6463daba450c07cca7f115850dd47a468d04a55b796284a0cf524f7fa5695c6a69bc2812723d0574e1e4b94265ae8dd29dd471496b89e2ddfec83cfbd29f9188ae94f532484cd283494a2a84381a753453a810a2969b4b9a0402968a3140ec21268e69714503486e4d2e4fad069281d85cd19a4cd266812173453734ecd030a28cd266818b453734668247514dcd19a02c3c52d479a3340587e696a2dd4e0d5403e900a4cd203410c900a701c5314d3c1a091314e14ec5285cd318dcd2549b29365026328a714a4db4080353b3481697140ae19a4cd2e29b8a02e48ad4f0e31ffd7a8314e1405c9b3ef4a0d460f34e0681926696980d3b3400e14e14c069c2801e0d28a68eb4e140870a70eb48295680245a7014d5a78a004a5a4a70140c4a0ad3f14e02802200835229a5da2908a0028a7628c520133466971462800a5a502971400d0a734b8a9314628023a0669e452aad000b9a29c062834000a5a4a09a000d19cd349a40680158d46d263bfeb4e7e955e4a0073c98ff00f5d42d213dff005a1cf151f5a603f79ff2691e4f7fd6a3638e94d6a0076f39ea7f3a09cf7a8e919b140121351b35216a8d8d00296a4cd349a39a0076e14bb85478a3140121e942f5a6834a0d0344ca07b52ef8e388b3ec5607804e0d4418d656b92dc2c82559008420dcb8192727ff00ad49b19a5f6b80b8659e250a72e038e7eb51ea696b7f02e2e2189776e0f9041c0231d6b8ebbbe36efe7316f2412d328032ca39207e19ad5d3755d36f74f89a1827588e4a860323048f5ac9c869197ab6abbace4716bc0c73bbdc7b552bdbd92686c888dd30bc7cdec2a18c493e9729918326fc11d3d2a76f2d62b6491493b408f1dba7ff005ab2e635e51dfda31ac0b0cd70a8ea7277c983fafd6a8dd4170bf30f34201cf07150ebda5bbc62e50c619dc02493e87fc292cf559ee665b29e4673264fdd007033dbe95cf391a41189656ed2eaf2bbca7093820119fe235d25edf5b476496e2189e447c9c30ce39ed8f7ac5ba9edac6f1c98df73c8795e7a1f73ef4002794dda8f91c6003d78e3fa54c5848d9d1da5bcb27cef2dbf03ab1e80d749a189a35759649155428f9b206066b2bc271a43729130c86763c1ff0067ff00ad5b5784859445f2f0c39aee81cb22f7db15388c890ffb2d573503108cce974876803e561ebeb9f7ae7f40dcd7aeb39de0467a7ae454dac5c43058c91a2b02707d7b8adafa1290dd5af43c48c877989589c3e7d3fc2b26ef56f2ac2399a0dcccf8397e7bfb7b54d0c323d85c4c5971e56e1ebd09ae60df2dcdf49a6b872225dfc80076efd7f8ab9a73b1b289ab77772cf1960ae1c600c3127ad6c698f7245aa7ef70db01e4fb564da7973ea115bc4a40607afd09fe95ada1c933decd1ef18b7915471e84ff0085384ae6523aeb32228963da0b0ce7d7ad5480f9b768739e08f5ec6a83eaeb06a72c72f98c028fbaa3d0558d1a5dce18e7ef1fe55d51666693460861c7e55179040ffeb5115c1370eb93f7f1d3dead9c6dcd55c653fb381ffecd23458fff00555a24546dcd31155939ff00eb5312039eff00955cf2c1a5e076a008e28b18e3f4a9d540ff00f5534362977d201c146694803d29bba98ef807ad003988f6a6171ebfad579253ef4c329f7a00b2d27f9cd30cbeff00ad57321f7a6190e680266b94894f9817fe04d8a6c1771b890c6ca31fdd6aa973e55c5bb33293d07a77ae6af75392c8ceb03326370fba0f4e9d6a255ec6a91d55f324f0289255fbd9f98e7d6b93bbb81632816d661b8ced8f8c9e9d85670f10ddba8df339ff00b66b45fcd7712199a51b940c1007afd2b96a574cd6289afaf498d5d061dc12f186e73e87f955686e27986c7825b341c899b2031feef41fe4563adc5d4a6e25128dc996c903af3ed52e9dadf98df64d48c93468a5805551f367ae460f426b8e7591a2b9e9c4f14c63484d349af5633ba3293026909a42692b3517cc38b10d19a43455d45a0d8bbb34a3ad340a70e2a503448052c2df3043f74f5a8f754171790a4676b26eec438cd273b1362e80bbf6a127270696477ff8f720055e41effe79aa7f6c8a38037988d23ae546f19ce3b7bd36d753849db7012370392ee33fad652ac52470d68262c259d028071c1f6acbd5736f7227fe1decf93e80e6bb1f1458ecbf43689c0887ee624fbc7279c0ff000ed5c56bcadf69854b9c6f612a9ff967c8c83faf5f4af2318b5d0de28bd63742fadd51c8110cb02a0839ce3bfe352f862e6e22b94bb81119919800dd395c7afbd52b75823b64f26ea2efc211ebec6ac786a1b89255da92ac7b9b2429c676d674272468d6874cd79aede4a227b2b7092b6d054e0e0ffc0aba9d26dc43a645697798ca64900e4e4927b67d6b1ad400d6ecafcc254b63db1d7d3a56e47731caa1b0a49ff6b35ece1d736e73cc9e8a2909aea6cc85a4cd267de8353701734b9a652126a94864b9a334ca2900fcd19a651400fcd19a651400e3499a4a0d2b006693345474580933466a3a28b00bb8d1b8d25140ee2ee34b9a6d2e298809a426976d2ecff38a6857101a5a708ffce29767f9c5215c12a4c5354629d9aa10aa29eb51834f078a108901a729a80353d5a9924f45461ffce680d4089290d34352e68131d48452034a0d03b8d2b4629f450171b8a314e14b405c6629c2971495421c0d0a6905281400e069e86a3c53d45004a0034e55a62e73528a00518a766984d1400f069c0d4629c28024a70a6d385488750a68a555a4c62e69ca680b4e54ff0038a0685094edbc538034ed848ffeb52b9440c2900e6a668ffce28d9fe7145c0628a5db9a705a785a2e04429d4b81ed48481e947313ca21148afcf6a5dc293007a52287eea42c2a3638a899dbdff3a2f62796e58f307b526f06abe4d2eea2fcc26898b5349a66ea42dc552f74698ac698682d4d26872b92e37118734d68c819152704672293764e31ed5518b1ca4a0441198f4a63254cec50642934363da9b88467ce57db8a6b0a9ce3daa36c54dda29a512134c2b52e0534e29a8260f51816948a0b014c2ffe734dc5204ac2f4a631a76734c6a14530dc4dc49c9a0601ce6909c2134b8063ddbb1c66a6f61b02e09c83543589646819615569481b54f7e6ae2c90aa02d247f891585adc82def5266bb0aab18ca16c03c91eb5139584a263eb918ba8e35baca18c30f93f0cfafa52e97a459ad847710cb3348d90412318c9f6f614ed6ef6d23b212ab433b346cd80e339c74aaba078820fb322c90c69853f2b4a38f9be95c73a86f1890fd91f4d60114997ef2ab10739e3b55147961b8966bf510ab3ee42bce46727a67dab5e5952e07992cab1b8e0066c9c5626bf7ab1f930f9225ddb941ddf419e950d9572fc1aa5bc67cc4914c646012a6b93966920d4a2bd4552f1a6003d39c8feb5b3b40d22194c2132e4723dcd6535b493e9d2dcb2b44c8c14215e4f239fd7f4ae596e6d16269465d4aeae5e450023827671d49f5fa56f69305b2dd3473c8e91043823ae723dbeb55b4bd3dec6d3cd65651728adb8a6dc71d73dfad6ee83670dd3ecf3109084eeda0e79ade944c2ab3a2b331d95b349b8ed0d924f3d703b541aacb686c66bb32b6e8e2691460e09c67d2a8db4b25c4a2ca4664f339cb1ce31cf4fc299a848b6967771dc00cbe5baaefe03000f4cd767b4d0c210b8695a8c773a6c5346cad2b672369031923fc2abdd1bd6b47b59e1450f827079ea3dfdab2742be45b86db1aac5b0ed50df28e474fd69b3ea8d7519649486e8009726b0557de36f666cdc40aba51762c3ca809fc97ffad5cf32e9c6d52f1e7904ae70c00e3bfb7b568deea821d2b6b80f98086cc9fecf7ae6a0d423cf992dba8b7230bb9be4cfb718cf5fd6a6bd4b97181b3a0dcca7449fcc55597cee1474230bff00d7ad5d3f559563786758d41015700e4f6f5ac9b2b58e26112df2b464925874071f5f6a6eaeeb6ef6e2da51704921bcb3f77a75c66aa12e589972731b0cb14d296958aa1e847ad755a3c53444471206cb13c9f6ae1aca5678972c4be0e509c91cd77369702c6dda45905d61b3b837ae0633cd74d09f3194e1ca5e7cdb979ee8796132fc73d393d2a4b0be82ee5325bb87caff00748e338ef597afdd21b5b7733ae6646263dfea071efd6b3b4cd47ca6f212dfcb2aa7e60d8cf3d3a7bd6bcfcb2214798ebd9959be539a6b96e38150c0c0a120e79ec6a5462d9ca9e2b55312619054034b9a692a1882c0519aae6b9571f9c52871513371d6a2693fce6a1c6e4b2779062abc928f514c69323afeb5131f7a6900e2d934c91b2690b530b0c53403b7e050ad935116a50e17ff00d74c08658ee150c31c618b73c9ae5f52827b79a65b94d8276603041cfaf4fad756ccd6f6ec7799981c86cf23daab096cee55c4e903ba8e37e18a93f5ac2b420f6378338cbb4686c91201bb0dfc5f8d36e1667b2916040ea48e49ef915bfa969bb4fdaa3f9e37200454e071d7f4fd6b2ada716e3f7b6f9e73b1b8cfe95c4d289b2664df5e5cc10c1188e3fbb86cf6c01ef5931c17177a94b2c7186665e40200e303bd6d5e4a3545bb09682dcdb86da40ceece7d863a7eb5ceb2df40e76b5c47db78dc33ed5e7574e4f43aa9b3d9e90d705e1af1f24f2ac7adbdb5b12cdc451487e5dbc1efdf35dd58dddadf46b2d9cbe6c640627691c1e9d40af5a9cd1cd3a6c711495658263009dddc572de2df121d12e00061d9e50725d18f5623b56b2a892b9318337e940ae0a2f88b69bd4b4f6e3246efdc49c5753e1cf10e9dac1dd15c2bb942c42c6ca300e3b8ac3dbf316e06a0a5c668a515b277218845635c58cab3042c9c8cf535b83a506273199a31bb6f1c9a528dc47213b4f15d233b831c2f9200e700f6fcaacdf40d7b6897d6c553cc6c7cfd70323dfd2ba196de3bb89a272c1ca95c2fa9accd4f468934f8edd9a50caf92370f7f6f7ae59c0b48c0d435ab982e15a6959ae02fc8ea8b8039ff00ebf6acdd423b4b8b3b8bc31317f2da5989246e241270338f5a8b799a75b8bfc45228da0274c7ebea698cf149697cbb8e02304e3af06bc9ad277d4e88a22d1ce92b631dccb6b2b2be40018e7393efed5d369863d3f4c959d496126415e7ae077ae4340d46e74b7f352388a14280b827a9cf63ed56751d6e592e54c42264db82769eb93ef5a42ac122dad0f4cd120b792d5a578c9f39158727b8279fceafc369146a0aa003a7535e6da4ead34b19112c4db42f99c1e3f5fad759e19d50c8de4a6c322a1246d3d377ff005ebb70f56ef439a713a4a69a4051508079a6bb6d68cbf0335e9ad4cac2d3a98fb1e42d112d9a4cd1ca224c518a683453e5131d452668cd20b8b45368a02e3a8a414b9a02e141a0d34d0171714cc53a8a02e3714629d4b405c66d346d34ea5a02e3369a752e2940a68570514f029a05385315c5534a45369c2815c31498a70a6914215c314a29b46698ae380a5a4dd9a5073408514a3ad20a534098e14b4c06941a009052d460528e29d8071a766999a051601f9a5069829d45807d252528a602e295692941e68014d394d20345004d9a50d50ee34b9a00981a70a801e2a453839a0095454805316418a5de2801f4e148a69c6a4942d48b510a728a4ca2615220a8969e1f140d12ad3c1c5566947a8a4128f51f9548ee592d4cde3dea06987a8fcaa2326280b96cb534c98f5aa8d28f6a616a02e5a329f7a61909a815d8fde007d29c31da9a40e44c18d38b1a8418ff008988a6874ee6af422ec989a69a61910f00fe942927a54b8dca521e45349a66403b1f884f2cddc7f9e298f242846c7257b923b5285a3b895d8f2d4a4d7336daa69c9e35be8e2b82d70201bd0a3600c27b7d2ba3631b0f31589238a7369ec29268526929a0447e70c770e71ef4d66790e0819f6a5145458f6251b6e69b7128863de73d09e2ab5f5cc7656325d4ec12442303048c12076fad79e789bc42d7f3841e4948d9c12a8c0e091ebf4ae6c4625d33ae861d5667a0c3a924ae5487e067a0ab0d21af1976897f7f031691b8208e31fe40abbe1d9e6bcf11dada2a29de1ba7078563dfe95c70cc652763ae7808d2573d5f7934d663515ba6cb658e4ca9440bf90a542b8da8738af52949cd1e6558a177d359bad377c6b3afcddbd2a3948690107bd5d44e3b110badc731a61a53cb13511765531b0001e6a22dc8a926f625069acc6980a3291b8f029a0a13e593f28e6aa578ec4c7423d427f2a06233d076f7a856ed9ad8e09fb9e83d29ba83bf94d696e039700f3d7aff00f5ab93d42d2f45e24cd0806190b2fcc307073cf3ed52dd8b5a9b17f713888157c7cde83d2b9bf10ea6679374c5d9360046d03b9abf3df34b185bbd91e0e7e507afeb4b7174134b96172048cc08183d323fc2b92a4cd61139e96392e2d77c6ca2354ce0f5c62b26de4315e3f98731ede00f5e2ae0892692ec82c5b24e3df9acd9dbca90c775fbb887423939ff0039ae19cf53a631d0eaf4c9ed6eed1e49637670fb41e9c607a1acdd59ed64ba86358dc3072a84f40723deb32daf20b69459cefb3ccf9fa127a7b7d2a39eda613896c53cd8e46dd2162060678c74f7a4aa12e06c5f4f25b58c71dcb6f843fcaaa070793edef5224f6eba3cd24e8ee038e9f87bd60dc4925afef428de4ed20f4ff3c54514975f6948d634208cff003f7a8e6d4a51378ea379791c7124d8b6886d08ca01d87b74f415ad61a841656518b54923b9190ef80415c938e4fd3b57376302477914c0b6e122b383d01ce6b724867ba9da58d032b742081eddebaa948c6a447cb71a88bf8e586e154aae012a3dfda9fadde1bbb485262ccc91b090e000490338c7d2b5b4ad2229a068af5a58e4673808c3a607b1f7aada85b5ada9748e490eddc3e6f6fc2b749d88a6f53869af1e0b8682d18c7b7d40231d7be7d6a6d1486bc8d0fdd24e47e14dd5bcb8f559a74625d80041e98c0ff0a93c16c1b0e87310918337a1da3ffad5c527691d04dadcb1a3476eeac44c59063a761cfe759b37d9e6886911c6c2480f98493f2e3d8e73fc556f51bcb317b70d713143148c63c29e707bf1ec2a3d16632ea92de41874923c02781c103a75ed4aa4b4048d6b38d4b0854603127f4ab0f62903091954e4eee09aad05fb1d4e2ddb043b4ee6c1c8383ffd6adab3b68ae63b89e4660631be1dbd1ba9e7f21e95b539a9c4cdae4326c19e4d566580edc479f9bf0ae8e6d4628606822591777cdd011fcfdab0e2d40d9ea1237c9e66dc104123b1ed54757d614ca1d590b05000da71d4d542b2a60a1ed0d9b8d41aede3c963f673c6401fe7a55ad244f7778e55d40d99f9bea0571b05ebf99be308439064c83c7d3f5aeb3c1d3f9976ccd8086238207fb42b5a559549185487b33bad2431809720fce7f90a9dae123de30d9e69a2577b762c0019edf8552b8bc088caa549008e41af47951cf615a679676dad8e33c8ab85f8ac78eed18fef582fd01abf1aaaaf04f5a1215c95a4351331a52490401512afce735aa61702d8a6193eb4fa42335360b8cdd9a69ce2a4d94003a668d82e468b9a8ae72bf9d5a0aa3b9e69471cd017337ed90ca362ab843d411ffd7aceb88b1e7496f84ea4e7bd747b1e342e0703d6a082e98bca182840792076e6a3d9c56ecd20ce42f2ff005692d96d2d2e963746dc4b22e31cfb1f5ac1bdbfb88ef112e642e4ae7e551d39fa57a65d4ba7c9100b3b97cf2369ff000ae5359bbb78418229376e50dc83ebff00d6ae2aee2ba9d3144fe1cb4b17b7669202cd728841dc7a907af3ef55bc4ba4dbc11e563509e6000063e86b98d7f558d65b3fb2b2398d8f9db94fcbd3e9ef50ea7afc936991428213b64cfdd6f7f7f7ae2f690ea74d3470e5dcb021d83766cf22b7740f135fe952266eee668f29f27da594617b77e2a936913819df17e67fc2aa4f6ad09fde6d3d7a135c11c5bb9dd5289ec9e1af1b58dfc2a2e7ecd6adb598b4974a4fdec63902a87c4416b74f85f26406151b861b1f3935e4cb2489c42db7ea2b647882f265d9793348c7b8451c7e18aeb96239a2737b3b165f4eb501542c24b71c4638aeefe1ce9cb68ab3021c342ebb76631f38ff000ae26d2785cc6ceac4b608af49f048ff00438dff0080a36077fbf5a617de6294743a1c50053b1495eaa89c0d85390303f7c84ee3b520a8ee12e5c620915548e87d7f2a99bb212651d5ae65b3b9864447285c92412060115593558e5bf92499d0c65780f2e573c7afe34ebcbfb6bb867b278e433c2ad1062005dd8c6783d323d2b959d1e099a294860bfddae1a956c6a996753b586cee161731ca0a6ede540c7278fd2b91d5ae278a5956da092446660c63ce147be056f5d6af6d78732a4cc718e401efd8d616a0f345e6b40e1639371231938ff26bc3c4d5bb3aa08aab287b18d37812839299f980e7b55882206512330f2c707238acd40147da08f9db827fcfd2a79279844628df08792303ad79d29c91d1ca6d58cc90477423da778e369c7ad6df82649e4bf7c0933e4b74273f78572967e64913346c0796a0c99eff004fc8d755e1abd8ec6d23bb50e2475642c00391bbd0f1dabd6cbf116dcca703d12e1c7965c811e2aa8bbde76f97b82f19dd9aa3753ddea36323d9ca230085fde01d720fa1a8f4cfb4470dc2dc3abb8500151df9cf6af7a358e268da2ffb856897249fe1a3354ec4dd3463648a060f51eff4abb8ae88cee4300d4edd4dc62939abe6b90c786a375460d28a40499a4cd20a4cd003f34b9a60a2801e4d3734134dcd3b00ecd2e6999a5a2c03b345005382d16010539452014e14215c5c518a5a298828a28cd315c762940a406941a4857140a520520346ee698842b4c2b528e69714c5718a87fc8a788ce3bfe552c6a33565220474a40ca0508f5fca948abad08f41f9d466118edf9d0055c51560c23dbf3a0443da8248326941a91a3c0ed4cdb8aa0b8a2929c29b405c70a5a68a70a02e3a94533346ec50512f14bc7a8a8779a5c9a009723da8dc2a21934f0b9a0078a70c52014b8a005c8f6a5cd4473406a009431a706350834e068116924e7ffaf52a9cd544eb532922a448b2b528c0f4aac8fc53d988a4c659cae3b54323807a8fcea30e7079aaf339cf5a06873cdeff00ad33ce3ebfad567734d5639a76196cca7d4fe74e327bfeb558353864d160250d93ff00d7a7839a8d56a4028b00ecf3cf14fce1781bb8ed51ed6979047a7359dab6b30e9519332cad80df7141fbbf5358cea728e306d9a61b27e65dbf5a37023fd5815c53f8f2c9e42ab1de0efcc69fe35b1a2f8a2c75121122b904b11f32a8e833d8d62abea6fec7437014cf5514d9242bf7727e869a556401d0601e79a42081824575d39dd1cf28d8911947ee24704b73963cff009e2ab6a1770d9412cd2ac6563566f99800c00cd3a60a651718f95460faff009e6bcf3c73e2196e6636168f24688d2c330745c30c81c1e4fafa57262eaf22d0e9c35252668586a76171e25bad4e3b5b6ccd085c2b29e9b475c73f76bb869479836461931c91d335e2315e1b2b7516e5925070cd80411d7bfe15dcf80fc4b73aa4e9673cb23b49236331a818099edf4ae5c3e21c9ea74d6c3d91dc32aa80fb80cf38a66dc1f377614f03d2871b11de5f99501381e82b09bc5fa49d566d1cdbde6f81439f9576f201e0eecff157a12a89238553d6c6bdd5ba4d0b40e16756c672bb875af21d7becf1eab7f109228ca4f2285c81d18f18ad5b8f18eae7c5169a6d9de3c692c45886863232031eb827f86bcff56d6e14d7f511a8acd34ad7527cc8a00ddbce4f515e663711168f4f074254d94f5dbcbbb7b97f2e798479014ab90bd2acf8135996c3c5567777172ee89bf3e64c40e6361d4fd6b275ad42d6f7f730472aed60df381e9f5f7aa16db848092335e552ab152b9e955a52a8ac7d2da5f88ec2ee34ccb6d970bff2dd4f5ad4f310a07842b83fdc39fe55f3f69ba9dd5ba446294a940bfc20f4aea74af1aea71a888dd498553d218fd7e95ea53cca30d0f3de5b27a9eae4a336edabc5326238c015cbe97e2fb3ba4c08eeb3b88e517d3eb5bb6b7715d2ab2ab8c80791eb5e9d2c52abb9c55a838139ced0db88cd5792e6d61b85b792ee12ec370dce01c7d33ed50eb772f6d6ca5588f9c0e003d8d783ea9e30d6ef7548aeed2f5a3091ecf9e18f39e7d8fad6388c4aa5b17428f36e7bfa4d1b6f11ed7ed9539a54c11b58846ef9eb5e19a4f8e7c456d7282e3512e8cebc2c11f4079fe1af5df0d5f36a5a0db6a93967336e192003c311d071daab0d89558cf134790b1792986f124542e02f6fc6a8ea85a692dde38c8192640bcf5c75fd6b56e1232a50ae58f4358d7f24b6b22216f965242803381eff009d744cc6260ebcc8d72f026d8ca90723e9ff00d7a8f4ed5e3b8d4e2f3ec1563c1043b64743ea2ac6b366dff1fb95cc8c17a9cf4ffeb5657d927b770f23a1c7a7ff00aab8aa45b368b11aeed4ddea5b63862c48db0061cf2dd2b0b5674ba8c47b55183025ba93c74ab52d84f2dcc9344d1aaab969012724673c71f5a555b12e6396076900c9209c7f3ae2944d948c79f31d8c8648cc8d918b961ca7238cff00f5fbd6f68db05bc04cab20744c8cfb552d42058233a5ce0319807f94fcb8cfaf5fe1ab1e1a6b788cf1dd23384dab0edfe1c67dc7b54f216d97755d38041790a8baf3182fd9d23cece3ef719f4f4ef5cc4b24d65ab4314eb22e50b65f2bebebf4aee6586ecd925c69f2a421db037f271ce7b1ee2b87d6da593518e6bf612ed8f1f28c7193e98ee68e51266c78794c86f5ddcb96c1881e7aeee9fa74aea2c4a41a6c4d3c8b0b1241de769ea7d6b17c396325cc51bd8948822a17de4f3e9ebe86a7d42df51babf934f33c444587c1181d077c67bd7453898d46751a36a99e23b5fb58dc7f7aad9dbc74ce0ff93543c4b7518219a2488b6f27271e9577c39047a7dab285c47e616214e7b01dea1d7e0b2bdb4b895a162618e4619623b7b1f6aec8fc273d1576713a8489703625b29c107ce519ddc74e9fe7154848ba3c0d141289909de6443b40278c719f4fd6ae5b32f9a635044406557d2b17cc8eef4c96cd148b99186c76fba00c1e7f23dabcbaf35cda1dea24920fb74f17eef1e637271bb76e3fad5aba8a4d2e11b7722e7686036039e6a6f07d8c975249e63237d88a6ec923a6738c7fbbdeadf8d27b392cd6d122904a932b127a6369f7f7158ca7a1a46062d85eb3101c91c9f98bf4e2b56c753b8482ec1925002fc9fbc237707a573b65134b205520024f5fa558bfb892d4451eefbd95e00ed8ac218870412a5cec96eafa673e69326f63c8de7359a2f259d4ee4703a6f2c4e29b35c90c598939f6150a0973e4861b5b922b09621c9b37a545411ab6b732eddbf67718002f27f79f4e3fce6bb5f0a5e2c1671cb3462272ac0ab3608f9bff00ad5c1c577e4f97e66e263c6dc01c62ae4dabdcbc2a6095979ee8b5ae1b12e12397114b98f51b5d63cf710c77390c7f866cfbd58bab84b7b67919d646284e0b73902b86d0eea3b6be8d5836724f03fd9357afafe59670bbcec2c460a8e99af72962f98e0942c757a1cbf6e40cd6fb14a9393c8e0e3d2b6fcc87cb256443f422b074991a1d06de580ec62cc09ebc6e6ab1631ce17e7753cf6fa7d2bd1a72ba39e5a1a292e588033cfad3b237727155e370a4820e69cd963c1ab6412d191516fa697ab027dc3da9bb813900543b8d44b7910b667daf907d07b52605b67e338e950cd788836955c83fdea86d6f62984a36bf1c7207bd44628e6b961b78c6793f4a4f51956ef5b918f10b2f1f73ccebefd2b2aff5d60bb0c26df7023779b8ddefd2b7eeac2c554cad012ca319dc7fc6b1b5fd36ce7b332243868e3765258f071f5f6ae2c451a91ea6f4918daa5e5c2e9714f14d2fcd26372b9e7af7fc2a8d96aaba85d22496c149c8dccfbb1819f4a9794d322827f9e3562401ebcff89a86cce9505b34896d289837cad92401c7bfd6bcd9426f7676463732afa3b617efba58b6995b76718519ef552f6d2dda56786fa22871855c6071f5abf796d6b3b4922c47e724b649e73f8d537b4b6b48166923cc4c76a852739ff20d70d68b89d1088ef26e2de40d0461b1cfcc454fe735c208ae804e36fcbefd7d6b5a68e3070114f1e9542eed324383b7a9e16bcd92d0f5e8d5524655fe84928df0195f2475603b7d2b0aeecae6d9c1b88b60c64fcc0ff2aea1e59635da1dce3d09a9e33697f191711c111271f3e0f039ef4e9e2527cad9cd568734ae71b6f2223ee8cee6041c11debb4f03f8b3fb32722730201132f31b1e4b03dab0b55d252294bc122952cc7e48f8c76e86b324b7913e61bc1e9d2bd6a15a1157b98d4a5647d0f6b770cf1996d9f7c20e19882307f1fa8a9a508de5be4edeac7d05790f823c5b2d9dec76f78cef6ececced2dc9083e4e33918ea057a87db21bcd2da6b59a37dd0ee0b1386c65720715ebd0c4291e74e9b45fdc5976c78310fbaddcff009e68c8460cc7118ea6a86872ca6055915c90a78627d6afc8cb14655c071d726b76d6e73db5296aba7fda23f3137924314e40ce7a570fe23b12a4c372191d5c120107f86ba6d435b10c773f301e506d83cdc74cf4ae427d522d46e19a69d23638277ca18f1c77af1f1d8950d0da11661c325c496cd1b228cb76fc3deaa396dc63600738a74d2450c4ccb7c871d8381fd6a933fcc24136ec9ddf7abe76bd5e667a3180892887509132385ee3e9572e113b13d2b3d3f7978f215ce57ebe9569e4fde05dd9c8f5a9dd1762543f285f6c568e9d14381b9d81c1fe759d6c033e09039157540562a2603e86b4c3cacc9675f1ead7763fe830470b249f392e0e73f98f4a93459df7deb4015a7948254f4ddf371f99a8b44b8b7d424596586289c3150ac41246339fd6bb2b5b7d29618d62fb1248ea03b2850ca71d4fbf5afa3a094a2714d18905aeaf7402df5aa4500e5591864b7a753ef5d0894e78c545388a33e4adf23edf461fcb35a0238d3aaa1fc2bd1a149239e488908239a47da3a1352b2a9fbaa07d0530a63a8fd2b68d9333bd8889a6935215a695a7cc171a0d2e68d87fc8a361f7fcaab9ae1700d4a1a9361a369f7a4e3710a4d00d2628c550c7034a0d201c5285a091c0d2eea40a69769f434031d9a0353707de8c1a043f34669b83ef460fbd0263c3538354601f7a7007de810f041a50b9a16339eff954c8b814c08c47f5a72c47d0d3f14e2c476a005484fa1fcea4111f43f9d312539e87f3a991f3da8005880f5a91405a88b9ff002693cdf7fd6958459dc05008aabe68f51f9d209bdff5a2c05b382298c054425f7fd68f33dff5a2c046e38a898d48ec315031e6ac917ad381a6af4a55a00762908c53852350014514a05162ae00538134014f503da815c6e0d3d78a5381e94ddc3da81122b53b3510a72934b51b1f8a6bf14e19f4a0a93dbf4a96e4348809e69ca6a4317f9c526cc7ff00aa9aa9240e9dc706cd381a6aa734fc517b14a9450bb850cff3867e38a6b03446a268c92db4e7183472f31125111a5c1cf18a633444efdc79f6a7ed2b90d192a3b91c6282d1483cb8d11987242e09c5439286e5469a642783c548a872a7d79a95e2403aae7d31446dbc85d9b02f1bbfad2a7355371b8dc6b2c218f98ecbf4aadfda362b28469c82467ee9ff000a6788ef5b4eb65963b43779902fca71d89cf43e95f38dc78bb569ae5645b9be4c2e302e9bdeb1af5552d8da9d367d3ee51441223129260e4fa71fe34f7f254f9aae493c735c17c1ed7ee35cb1b98ae52594da4502e6498c8790d9ea38fbb5df06427618d4639a7427ed56a4d4899be29bb9b4bd06e6ea144629b48dfc8e580ec7debcb6467b8b996ec81e64ce642074c939af59d5e389ec24b79d9278db04ef008ea3b1fa57986a72082f6e123b4c22c8e1768c0c03c638ae2c648efc1c08c0b9f21498d719f5ff00ebd3ec74d8eef53884a6452411f291e84d436aef78e63f31a0006eeb9ff0abf6f22c3789389800a0f1bb1d8ff8d70d09da4775782e53d2f4f8120d36d110b111c280e7d9455a3b9e30c8324d717a4f8d74e573693dc5aa90563cbddaf1d8f06ba4b5d574e9e2061d4ed4f7c24ea7bfb1af629d6563c5a94ddcbc36b216072a3a9af3ff00885a3e9ab24579713dc21065978231d89ed5de2bc73fc91c8aaa7a953919af32f8aef2eade55b4174f65f62f3d1b6313f68fba39008feefbf5ac71924d1d383a6d339b7d6348b71e5c176588fef46dd3f2acdd47c4d345a8c7756ab03844c7cc8d8cf3ee3d6b1ffb1a5ce5af1f777ca1cff3a6dd58436b6ed8d452e5b820719ebd3a9af1e13e567ab523a1d847f106e2e74b9ecee16cd37c1e50db13e79520f7ae36eac2e2f6e9ee608cb87c7f100380077fa55307ae1318ee2a7596710288ee644e7a2b115d4eb6871726a54b55d4f4abd8e55b68f6282497607a823b1a65a85babbbbb99c957f337e17a64924d5cbab9dd652163b9b23ab64f5149a5ac6d14d8552cca38039cf35c73773b28ab096cf76f3b456d12380b919e3d3dea8ea4b219d50a8e57fa9adbd2aceefed8eeb6f38529c1119c75159d7b6ec260ecc4e17b8ae691d2d976c260f6aa80826345078f6ffeb558dd23c600506b1f4ab80971246d8c3381c9f735ae724fc84e3daa4eba12561f876e4006add86ab736320c2458c8fbc09e9f4354b732f404d05b77de8ff3aa58992903a0aa743aa83c5333a00c2dc7d11bfc6b91b8d1ac369314d3b3e38048ff000a941c7dd18fa5246db1b7b4bbb1d89eb5d93c43940e29609a9dcc781161be11c6490250ad9ed835eebf0fc16f0858a7f00f3083dffd63578d7d980ba1228dde6beee17eef3ffd7af6cf02424781f4f0a4eedd267039ff0058f5d5964a573cccdbdc858d7501dc3e781c54571f66e55e4605b2381ffd6ab499542a21c9cfa553beb67678df0ca324fddfa57bee3cda9e2c66463ca810796c4f6e6ab491db3dda40d230665c803f1f6f6a2ee5317cbe5efc1aa3acabbea31cd6d2b792b1e1a68feea9c9e091c6791f9d4b92b58776437f6508b80b033bb972082475cfd2aa4ba3e9d34cc9a84f3c2e392108ebdbb1ed56af63730c72adc3008a5a49076e9f3139fa9ac9b9f10db58fca91c3aacc0e1b1302d83ce4f04f1c0ae1acd4353a69a6677886dedecaed600eff006468c348edcb0393d303d876ae7efada3b46516acce2f49c6fefe98e98fbddeba5d2afa0d62e161ba82249189509210ec4019ce08e9d6a9eaba4496f72d2ee79543b3429e5f0801e02fa76e9e95c739fb5d8e8b8cf0f6a173a2a04648c10a57e704f539ec6b235fb9171e21b796320a08704e08e72dfe3562f2079a157370d1ca5be68ff0089473d79fa7e75877b2c896524cd1b09171827838c8ef5cf77499a27a1d64772d02d9a0db89828391f4e9f9d6d6891c0baa4b2b3b0262c7ea2b8ed3246b9b5824690ee891580272738fd3a5749a29981fb4379855948e738ebebf8574d3a9ce7355d4d8bfb78e2bf8e28d98b14c807f1ff000acdd62ea5b58b0aab82adbb3db14dbcd42796513c90490ed5c6f663c7e38f7ac3d76e7ed325bafdafcbc1208df9f3338f7ff39abaf56d12b0d4eccc5bbd40a6ad35c36c0aca00383e83fc2a325a7bc4f2806e31e9eb5535b40976e1640dc8f9476e2ade9f2aa405ca8186fbe4f4e077af194ef33b671d0da9278a3b6862bb6f2d8a6d8c004e4e00f7f6aa1a94510b557b666798bfccadd00c1ffeb54304771a85c61fcd444701246058609ea3f2abba8a4569689079e8eeafcbf009ce4d6b5a574441191a32a48e12e18a658fddf4c533576b689f6c7231c161c8ff00eb547a6ca9e72b3bac782782ded4b751896f22e032bc9d7191824571f31ba4410a7da2201793d78e2af6f86def1199c850324919f5a86e36da4ecb1e0e303e5e3b66927df773aa430338231b906ec77ed42b144b3bc776df7bee93b30319cd3024918c46a0b7704d3aced4ba5c0964fb3b4238dc3058f3f4f4a9adad58209fcf3286e318ff00ebfb55233923534280c9f35c0280311f29f6ad1d1b4e17dac06937816f70a62da40cfcddf3f41e9504b347636ed6f85258eff333b76fb7e9fad5ed175bb4b4cbaa412bfca491280723f0af530cd26714e173bf582386d115998303c8fce9f7976b0fcb090dc67e607d6b034bd4cdf5c35cb4bb6374e22326429040fe9fad4b6973f6895597f7abc82436e1d2bdca328b479b5a0d336add0604a49cc9863e95306dcde5b70a39155ed1c9c86523a0507fa55c3b7cb1c00d9e7d6bad413328bb10303e9400de95263daa4451e94dc499ccae777a5674b6f7170a45c47b33c7ca474fd6b68c60f6fd29ed0f3f32e3eab50e255399ca9d3a6b7977c085be6c9dcc3b56ad936502dcfc9c1fbbeb9ad76893cbe2256e3fbb551a25dc73185fa8a2d61cddcaf2997610ca00acad5c58f996c6599d5b24e00efc7b55bd5f5116b6ce2287ed0d8046d6e7afd0d72b7506a1aadd44c56ead503e73b588c311f4e98ae6aef999bd3972c4b3a8dbacee4c059c6411ce3b7bd72a896eb7890b3b0461927bf7f6f6aeaeeb42bc82d51e3d46e2425b1f2a1f7f7aaf656365a6387bd36f3a8249926500004600c9cf7fe75e7d7a675e1eb1833c1269eea6d5779bb3f2ef239f4c74c7deef52bdb3bdb2fdb8189f3c8423af38f5ed4dbfd4127b9b9f2625912276f28a36420c9c6dc0e3a0e9e958b7134b70e7fe268e8fd4c5e61257df19ff0039af3abcf96275d387348e9efa3915b319038feb55d56597e47653dabd1745f0ceabab593dce9b6a678964285bcd45c3601c6091d88accd634836acf05f8786505936860791c11c66bca9d487b4e5b9eaaa2e91c16a365320ca320f980ea7d3e954ae6065e6320715d64da7b37ee6dd59c2f3cb0cff9e6b26eace5b38c864217827241ef8ed5855c32e6ba60e6625c79cb08f9c7dda8008fc856994b127b569dc1489e260786397cf6e944b02cbfbfb72cecdd41e062b3929a764ccdbe63127d3c20f29428279ea715bbe13f115d69529b6ba99de02d1a058e353f2ae4119383d0d54911e242918ce79e6a2650e844d95e3b57761f1ae067528a677b69e2e823d424902dc8b729844d8b9078f7faf7ad66f15e91b48b9b6bc75ee02aff00f155e4532285d9092d83dea8df45f3679c63fad75accefa1c4f0fa9de6b5a9d95cfdb0c114ca1fccf2f701c6738cf35c848c558ed387ee6a95bb855c03ce00a937313f3002b831955d4d4da146c36e638cfeef6f51eb48a55764601feed2dca2852326aac653cd5e7eeb0ae38ea74244e6568ae5901c607a7d2adac0e2ed012b8c7f8d54b6f2cea92bee3829fe15bdfbb5b94b90c76a0c13f9ff008d6f14b6134536cc6c30707352d9c73dc5d300eb8db9e7f0f6ab132c1a82bed76263073b78ebf5fa5476824b4f92250d818f9bf3ab51b19491d3e84ab697d1cb7037c6a4ee0bd4e548f6ab579ac2da4eed1f98a246263c2838e78ce7eb5896b7579e5949a28d413dbffd754aee385a42ceec0924f15d92c4ca8c7439dc2e7496baebbced248d21257fb8bed5e916b34773fc2dd71cd78bda48b6fca1c8c639aecbfb607dad1e131b480700a9c77af432fc7ba9a3319d33b3bdba8ad072afdfa0cf4aab16a90cc78593d7903fc6aa69d126af03adc12adb40c47c72c0e7ae6ae43a159db40b0c724e645eaacc381d7d3e95eba6db39651b170d262addb59c5040d1867c96cf27e94e10b2670386f7aeae54434530a29c5455c16ea1449f373c75a56888ec6a2d624a1b451b455dda7d29af1927a55a65a28e293156d946735114e734c4460539694a9cd380a04c5500d3b68a40869e01140866d146ca7eca51193eb40ae3028a76c1e952ac66a4109f7fce8115820a70415334440ef513f06815c70205286aae5a85702985cb59a42c08e86a0320f5a4de3d680b9646076a70900f5aa664fa5279bf4a02e5c67fad42f25465f34d273542b8f2e7d690487de994c1c1a02e5812fd69c253ef5006a5c93405c98b1c5275a8c134e5cd021e29738a0034854fa50028634f5a886476a70623d28026c52629a0d3d4d51370a031a901e29a013d2a1b290d249a555cd491265b9f5a99a08c8e4b54f30f948075a9634cd0d1a6f0c09c62a5dad1852a321bae6a5e2122d50931c910c76a5298141d89109727713823b53cf967f88d546ba919ca8ce240cd8a6e73563627a9a6b220ee689491508cc877501b34fda8c792694ac78c0639a55248ae560a334ac89e68f246d18ef4a9b94fca334c24bb847e33e94a159242549b63350337f675d185c2ba42f82477c1c57924be30d734cf155ddb35f1d8918002c319e4853dc57a278c2f0269171691952658258f041cfddc7f5af13d4f449158cf22baee207df5f4ff00eb57958cc559e87a743097477767f14b4d824116a30ea334a4920a431e36e3a7de1dc1ac2d47e266a725eccfa7dddc436c2463b1ede22766781df9c7bd60eada4594d6cf71e6cdf280bc118ebf4f7ac39347b50e8c924c7273c91fe1594b17c8b41c30d767ba785f5893c45e17b4925676958bbb33a85ce1d97f86bc13c3da54dab6a90c56ed12ab6e189091c8527b035d3785f4ab15b969259a65cc64751ea3daba6d274f8349fdc69af24cacc5f32919c9183d00ec2b9beb2ea3d4ea587b2297c3cf12d9f826ef54b6be8ee24334891ffa3aab0fdd9707ef11fdee2bd1f47f1a699aa0134105e286527e74507838ecc6bc87c41a57db750df75bd3f7ae7e461dcf3eb5143a0e94ede44d7372aaa32082339ffbe7deb78627d9ec633c3dcf7ad4e689ec6444560e71827a7515e73af8956494861d5c9ae0fc1d3ccbac416caaa4b973eff70ff857a0cb0ef897ccc83b7b1a556a731b51a7ca6169924cf74ca8e01099e47b8ada486290e0a647d4d57b7410dd3ed24fcb8e7f0ad2b552970a579ebd7e95cb176675c95d1e4baedc88f58bf16fb91a2b8900246790c71fca974bf14eb366a08bc21704002243df3dc533c696b2c5aeddcaca4092e6661c8fef7ff5eb101dbf356cab34714e96a7a5695f13af6dd7c99ae2e5a4662c0ac116318ffeb5737abf8b354bfbdb8905d3fcd2395dd120c64fb0ac6d362d325bb4fed0b89621ce760ed8e3b1ef5acb6fa1bca91d9de4f236ec61863e9fc22b3ab8872d0d6953e564125deb11d9a5ecd768c9236d0020ce79f6f6a8ad6cefaea65513458391cfd33e95d37f6784d3a2037e371ea47bd73ba8eb7349cc8b08181d14fafd6b953d4ea92ba2bc893c12cb1caeadb58afcbed4b1be5062aa9759e45941c907771d2b674fd2f50b8856f21b7dcb20201dea07071dcfb56ab630f66634d2a09d6dc838619f6ff3c55ed36486d9f732b7254f1ed59a42c8e0927f0ad0d3b6a9201f4159b91bc63637d6f350962074d9c43fefa83c77ec7bd61ea62e239d525915815cf03dcfb517291b4ec5d88e9d3e95031cb022b363654528ad23807729ce7debb0f0ae9771a9e9d14e8f10dcac7e72474623b0ae526557e7272b9adbd1bc4fa8e91611c76d0dab85cafef158f0493d98549ad39589664684fcc41e33c53048ac3001a8bedf71743e648f1d3807fc69f18f94eee091513dcf429c9242f20f0697cb4d85c8ca8ea334d4f95ce3d28f315c601fd29fb576b09cd489ec5e26765652482027b57a97c36d41a6b74d2b2dfb989df9518fbfebd7f8abc9d02f3cd6e7873506b090b8d982857e604f707b57a981afca78798d1f6a7b80422400e2a2ba8e5954aa328da08e6b93d57e21681687641a846cc54300d6f2fafd2b98d47e2849f3a5a1b29036e0374327e1dc57b12c528a3e7e387773d0a7d3a52a1a468c927d4d5226cad633692c2ed0bfcccaa7afe39cf615e597bf1135b9079696ba79c1cffab7f4ff007ab9ebbd7eff0051bc496e21b750176fc808f53dc9f5ae796234b9d11c39ed1ad5bb4ba6cc96056289e170eae7a82bc0efef5e4daa2b695a8cad901f852579ea01ef58ef752497b6e1429c483b7b8ab1a98bade596253923bfb7d6bcfad8ae7d0f42961f4377c3724b75ae5bb5a308e71b82b38e07ca73ebdb35d96b126c5b213659941f3c8fe23c671fafa579d69b6d24b7d1d948b84932490467804ff4aef3516b587c3f1c314acd2456854823b8403d2950af186e4ca89cd7886558afa4bc881585caaaaf561f28ff00034ed4f4fb7bbb290c31851c0f998fa8ac9bfd7e4fb1a69b20842c4fb8615b764e7be71fc55349acdbdbc2c90c8ac0f3f3235557ad09ec38d22af873ed2da9cb66245d8932c58c718dc475c66bd16d1618205b474259324e0f1c9cff005af33d2f5230dddcdc26c2cd20700838ce49ad1baf165f3c62268ad40539e11b3fceb2a5888c099d0353c55737f6aa6079d4ab22b10147f7be9ed5cc89de560f312c63394e318ff38ab5a86af737f6afe647083c2fca08e873dcd6595f38a33f1e573c7f9f6ac2b57b9ad3a7ca25eba49334c41dcd8c9fc2acc05677114236c0df795ba93fe7155d620d70d29ced238351dc0b717893c6ec76ae39e9dfdbdeb954b5b9a4a373b1b454b6b408cb9678c08f1d8e3bfe62b1b5db3bb64f384b1ed67000efd3e954ad2f2495b08a84211d8d41a83dc4f72f1f96bc60f1f4fad6bed39910a162bdb5b4b7172a51942f2083f4ad5692d60830f1b99235ea3a640fad675bbcd1b0caad43333f9a5980037135cd7d4d122699cdc7efc746f5ebe9fd2acdb5c3daaffa3b147ce41c03fcea8c463694e58f4a9ee278e442a8d9cfb1ab4c1a2cbcd217579db7890e5f03afad5e13c2b6318b74741bbbfe3597122130b31236e0d2ea12c418ed6cf23b7b568999b45bbdbe37928196dbb7041007bf6ab090dbc1146eb19059417e4f35534a894db34b744a157c7cbe981f5a92f59e630890011c7feac8ea471c9fc856919c93337036adf52782ca3168cd19c91ca83c64fae6bbad2e18f49b56172bbdb7eecc673c10077c579fe956ca61596df73c8c08209e319fff0055741a2db2ab8f30b06dc7033db15eb612a4d9e6e2228edb49bab7bd7664470222a4eee3ae7dfdab4888e498855238cf35931de110dac436fcaa14707d854f36f75fde80ab9ea3d6bdca7292479925a975c0f4a1580acb79a40872abbbb0a9e212c1035cb28036eff6e066b7522796e68ab0f7a733b9e643bbe9592b7c6e2259136962791820559bb1160adeb18a123e665e48e78f5ef44a4528d8b46e5133c371ed59fa86ad6d113e64729e40e00f4fad652ea0cb712c169b248c3ec0581ce3240f4aa1a82196e5f03371c165ec063ffd55cd3a96368c2e57d4ef9dd09b6664e07de03ae68b7d5a58625133b36147dd514a758bf7fded9c304902f0ccc08c37a751ed59f7d25bca7ed177218d972edb4700f53eb5e754ad6d4eb8d2be87429ac249631b012724f551ef5cceb77515ddb3dbb2b90c07078e873dab12fefa28ee1a6b4712236002ca7d3f0ee2a50b145fbab1632ea4798617fbac3be4f03a06efdab99e239f437850e5d4416325b5b4be4945f3d3e5e49c71c673f5a8acb4ab6b441a8ea51099e505098d9b39cf1c703a2d6c8b1d52d6d04f7d6cb134b1ef401c104e327a13ea2a84ba9470a050cbf6a07e742a7007f9c77ae79d3f68742a9eccfaefe0558dacbe04beb9920854a6a2cb868c7f722eff008d71ff001cfc370c12d9df40e91ef6b89595210377dc38c83cd6d7c17f1569f65e1cb8d22e61ba7927bd7901455db8d89d4e41cfca68f8d77b6f3d869e7649b4c539504740427bd7c754a75562133e92bda4cf19f0ef87afbc49aacb656925c5b1488cbe645097c805463008fef7e958be2af0e6afa629fb6437ca9b158bcb6eca065b03afbd7b47ecfd6467f13dc489b421b07c024e7fd64757be2fd8411f83afe5d52313ceab16d68d88c2f9abc76ef9a2ae3671a8a2c8faba71b9f2aea104d032b7ef260c4903070b51add308c44331b8e480d835d4dfd889ed2e6e200ab1dba3380c4e718247f2ae324204cd70fc86e38ebfe78aedf68f73cf92e564b24f29b85cc6e063d4fbd49ba323e66507dcd4d3c905c445ad91908e06efff0059ace9e2953e67652393c54a8dd14a571cca0dc36c6c8c76a640892aed90a824ff0015315d82878ce09a0abb3868c85038e6a2316a43b2193d8491bef4dccb92784e314814b0da54a9fa568c776a9179528663b76f00545b55d8b20c67d6aaad4b2336ec519d09900c9c63d2ab416e0c9292f8e78e3eb5a775115f98638154087563861c9a54e5a0ae58b5b45dde61907231d2a5064c7df72bdd73c1a8a213792a438a9ecc33de21620dbf3b97b9383ffd6a2357de132f699244377089d377239fad5cd4648458c66258fccdfcb2e32473509b6b79549b38fcb283326e279fa75f7aaf210cbf668f8990e598f423fc915d729fbb73363e3d4199c031951eed4cbbb85254823bff001540227542cc54e3d2a1668c93b949c560ebfb4562d40b0d3318c6d04f3d8d749a4dcc2970b7733478424794ec3e6e3afebe9dab98b6923ced0adc0a992e43302776cee315a61abfb17a133a68f523e2eb4b7b5822b7d2a056740a64498039c0e785f7ad3d07508d9ffb46e2e9596542be4c92f0a41c6727e9e9debc8e3ba9a4923c3feee32382074ad48b54b90a228e4211790368af7b0d98733d4e0a90d4f6b82e6d6e213224d09c1c70e0d584962950aaaa12a319041af1ad27c55716645bc92ca77316f9634c74ff00eb577ba2eb718b4170e253ba357fba33d33eb5e8d3c6a9331940e948206d2bc0f5a69e7b5642f88209ba2cdebcaaff008d5d5bb5c7f17e42bba151491838b277e3b546d20cf4fd6a37b90dfdefca981831abba04856e109a4620479e3a532593fd1dbaf5a63b660ff80ff4ab44b24421901e29e8bcd32d1375ba9e3bff003a9f6e2810aaa29c507b7e54c0d8a5de69887803d053d547b547ba94350226007b53f72fb556de690b91de8132795863b554948cf5a4794fbd465b3400d722983269c569c829811b2b7bd2846f7fcaa638c549c7a50057087be7f2a708ff00ce2a6001ed4bb6802008682b52900534d3b92447ad2eca7ed14ec51702309fe714f58ffce29dd2937e3a51701c107b7e54e0a3daa2de69431a604c31ed52614fa5560c6a600e6801c554fa526c1edf953954d2e280645b3fce28008f5ab054526ca19288b27dea5b604fde18e7bd28887b55a68820e063f1aca4cd12226da0f18a55466e8c69560676e08eb52306886323f0acae689195e299a4b6d2e66883ab80a415383f78552d035684c256f6fe3462aa144d38ce7be327e9597e22d6666b3904eeecb85c808bfdeaf35f10eab766ea0fb24c6301db3b917d463d6b9b1351451d58684e6cf768f53b143cdc5b4a9db32ae2a75bdb13d2e6dffefe2d7cf89e22d657f702f395e7fd5263f97bd5bb6d77c41defd3affcf24ffe26b869e31267654c1cda3de96ead09e2e203ff0003144935bffcf78bfefa15e25178875d42337c3b7fcb24ff00e269d71e2cd69063eda7affcf24ff0adde3558ca38399ed466831f2bc6c7d88a66f19c9000f5af131e34d7430f2ef997eb0c7fe152cbe3af10247fbcd418ae3a0823e9f9542c5f317f5267b14f776c9c1bc890e7bc807f5ac2d43c45a75b379efa9da8dabf70dca8ce4e3d6bcd6dbc6325cb7fa53cf21c64feed07f2ac1bbbeb6bf42258e46c803918e873d8d673c43485f55713acf1578e21be9c5bdbc5185567432a5d0618240ddc0fc7ad6049770491832eab19e7ee34a0e3f5ae6e64b78d2631465783dfff00af550c59b449ce3e638fe7fe15c351b9bb9d54a2d23b8d3dadae2d5a07b98be67eec0fa1e99abd69a7db9dd88a2976e31fbb0735c569b7385f353230c474f6aefaca78ecf4fb6b89158f9b12bfcbd7a03fd6b2bb7b9d1049162cec4a9ca5811c768bdfe9566dec26642c6478db3c7ca73fceb3aebc636f6910dab7239c708a7dfb9a81fc676f75034d68b7518076fcf1a673f99f5a1447366e5ce928d0eedeb2bed24feef27359ae96166bfe94d6d1bf43e66d53ebdeb3935dd56e377d96eb667fbd1af7e9d8d73be2c5d6e45fb45e5e4322bc8a000a01ced3fec8f4a39ac5412633c030cd2f8aece5f9d907980f048ff56dfe35e972afef4066da03639ae7fe1ee8735ada35ebb425a39d802ac73ca81d318ef5bbaa24c6277475042b1e6b784ae438d8908b489cbb4b03678e48a7dbf1329c66b0520b99e152d221effe78ade4711c809cfe156d148e1fe24e9534b2452c304877195894889eb8f4af3d96392095a295594af50c306bdd6fe5b4bb88a4913b145239e3afd0fb579478aad237f12ddc512850a10f24ff00717fc6b364491421d1ef275f3658a7b600e32d11ff00eb7ad6de91a3db403cc3a942d20dadb4a80723b75eb58e9ae6ae57ecf73761c373c46bfe1ed56fc3ccf777ccacd9fdea8e78ea4fa562a25b47517b79f66d261222f347998ce7eb58c752d2ad90efd2acaebbf3b7f2fba6ba0bdb48cd8c76eca0ed7cf538effe35c1cd6726e0014e9ea694b42a2696a1ad69d37951c3a25a5b16cae50af7c7a28e95a767af4561a4c308811ca9238940ea49e98ae5a4b50a048e01f2fe6e09ed49bd6641b4103af353ed0be512d947a03cfa55ed3951a5237283b87155106ee20f93ebeb5734b682098b5ca3390ca46df63cfa54a639225d42defcc84db699737232398e263dbd81aaf24335bb6d92093a67e6522b786b9346c574f91e103a6e453c77eb9ef58b7d7f3cf788b2485814fee81eb5572522a850c25ce10d41d06df33207bd58f94bb0c7538a8ae234886ec77c706a1956b1ad60ae2324c0c3e6eebed4a59bcd2391f3569585c5acf19558e4196eff004fad39ec03b1650a39cf24d63f5889d74d5e266b10bce452b14f30602af1562e2c981c7cbd7d4d556552a5c8e94e1520d971a7a36695addc5042cc74d4b8c283920761d7a1a905cdbdec0ac122b224e7008fa63b7d6a943700585c819e223dbd8d67dace1e21bb27af6f7af4294a296879d51be6686ebf6ed9f383921500e07bff00f5eb34b2858cf19039ae80ecbbb575604e4e39e3d0f6ae7650bf689a203ee3951f9d6d2a9cc70fb1b09216662eac467d0d3a26dcbd76f34c50dbbcb0471cd4d6d1092e163c0e73dfdab1755ec3e52e5bc708d8fe6217183db39a92679249594b30039eb4b15aa45347b94105874269b7c717b22c5f2e31d7e82b9a69ad4e8a7a0e9ae1e1904d1cac1d47055b07f3a7697757d751dfb497b72ca83215a46231f371d7daa833f996524dfdd38fe5fe3567452d1595fc84fcad1e78f4c3566e3209a454bbb37baf984ec8e4e4e064fa7ad44870bb59f713ea6aedab992312a71bb3d7eb5519116e155867233c7e352f99131404f90f1103218e48e953ccc25195871cf502a2be500db9ec3ffad53f988b6a8541073fe352d36534859198c659236083ae3a5365708b1e0fdf1cf35a3710882cde12065883c1e3a8ff000ac89c1de81b919e2a672d496ac5cb8ba8534d895046640fce186ec73ffd6acd181f297dc7de9584693b798a4ae3802980a8f9c83c536fdd04ae4f6d722dd9be4cee23be295ae1da76976300c31d6a0cc7211853c7ad39db118038e68a32b83893349fbd1c76f5a5bada2256c0e549aab6be64b32e5877fe557f50842db464e3ee1e87d856961d8ad66bbbe603a8f4ab5aaf930b7ee9233f283f2e077a6583c296a84a377e9f5a64f1492b6772f4c734584c6422797042c8a38c75a9da370b8681a43eeb561edee6082065910065078fa0f6a96c678cca56e033e17b55232688278ee6288ee49913be41029fa7c2f793471c93b46bb95416e473f8d5dd46e95ffd1e60cc1803803dff00fad556d4b41731127e5671e581d867bfe95b39a227a23a4b5b0110fb25bdf7992a0c9d83e6c75e80fb8aed340d0e536eccccef873f39889c7038ce6b90d2e7b4b290ea13c4ecf2a94253af5f4ce3f86bbed1fc496569a6ca258ae0af99921557d07bd7ad829c4f2710db63f50b04b1368cd72adbf9e46ddb8c7bfbd572fbaf1f65df98b8e103640e9cf5ac0f18f894ea12db269ed345b19c1f3117be31ebe86aff0086e09ffb3e2bdb874779032923afde3db18ed5ebfb65638f94e963589650c224b841d5b008fa5584b713870cc113fb846460f6fa553d09fcdb175ee643d7e82b6648e35b5511aed90a75278ce2ba20ae6317a948e9b108c08c220cf558c0ace9629217105cbb4d1b0dc659070bedcfd3f5ad0b6bc912e9ed6e18b845cfca0633c7f8d32f1e233ac174a648d972c0719eb8f4ee29ced629b332ee0915105a690cfbc1fdec517e4d903f1ac992edadee5ed6e34e29220cb4cfc3367071c8f7f5ed5d5a5e5c98cc5652f951c636a8650703b7ad737e26b7bab9cb8913ed45c6f73d08dbf4fa76ae0aa75d1d4e7beccd79a9c515adc1b6b6653bcc7f7370c9e7040cf4fd2aa5cdadcc534e2782631c2cdb0ba1c5c01e99ec703d7ad5cb7f3241b34b61064f1e673cf7f5ed5a9ab596a83498e6bab885c47016f97fdd04f6ae0947991d5cdcb23849c2cf78fbed45a45805415c2e70381c0f735d9e9ba758c7a7493c66daeae95f0922a297038c80793dcfe66b984b6b8bc999a5746808caa9e083d3b0fad7436fad687a3b0b792cee8bb7ce0a608c1e3bb7b5654e8dae6b2abb18f792decd7137da2eee12381db6c6ee70467a0c9e07155ede3b7bd9d93ca89580dc64da093db1fe7d2935bd52da6bc1e5a4a12e646da081c0278cf3ef4b65657909fb5472c4b138daa3a91cfd3daa39dc645b87344eb45fd9b7fa334d82fcf0a73fcbdaacc2e063c9f9871d6b9abe8654bb47457e17b03ef52d87dacceb99a755dc3824e319ae18594ac7a54a6eda9eb5f0c7c4d61a16a725c5fdc243bad9a3e6376192ea47dd07b0ad5f883e30f0a5f782efec74bd55a7790c640682452489149e4a81d0578fde6a46d18a7926620819dd83d33e958f6c5e4fdd3deb00c7a16fe99af271780f695798e9a75b4668497b03d9dfc2ef80f1b28c29cf422b8f9a088af97133360e79adb974dba632185e6954e7ee2123f4a80d8c96f109278d90938f9d31fceb5743d9c6c73ca57919b6d65a8871746dd7727006e18fe7ef5745b6a5a9c120fb3aefb65f942b0192477c9f6aa9792dcc2d982e259531c8463827f0af46f8552dacb63a8c971a7c32ba4511c48a096387c8e477ae0a955c0da9ae63cbe5b2b9f30c1751ec9979650c38f4fd0d569639840cae8067debb6f18442f3c53786ded05a6421f2e34fba3628ec07d6a0f1ce833693388da09141855f980a75623fa5651c65dd8d2743438cb765076b1c6302a7f302316539078e6a9488e267fbc3e63da9ea48401b3f8d68ef3395ab161a55da49351c534689300dcb8f4fad3258db611923f0aad2a149221bcfcc79fd2a920b1763924fb3aaaa83834458ff5cc71b78ff3f9d2c2e23500a034c490483cb55183e9536b30e537745bc8e34903301bc28e87dead4d3c11b99bcc3f371c83fe7b560eed9e5aa9c1e01c1a748eec7cb2cdc73c9ada35525a87b3b934922939cf14d21b188c655fef93d85288f6fca3e7cf7c55982d2ea4c4496b31f370aac232719ee3f3ae69385f73ae8e11b2adadbf9b70d1459660b9233db8a75c5a491b08b69c30cf51fe7b569dd786aff4cb08f5137173ba57f2ca792ca475ef9ff66b52dac253196b8b470e0f0248ce71f8d75e1e345f50ad83b239b8228cba46ccc3242b7b56b43a746c362172839072335ad7d6166b1db98841e611f3ed41953c75f7eb54e775b75f2c48320f50715ddcdcabdd3cd952b1cd5ddbcd037ef136f19ea0d5b8ae71144a71d00e869baf4ef7130f2e0603601f2f3dcfb55262c221d772afe359fb4e532e47d8d64bc30b964da7231c83562c6f0b4833b7a9ec7d2b9f8677fe2463f5356adde458cb057e0d74d0c5cae653ba5b1d741a8f9201053b1e41a90eade69e4a7af0a6b917bc9557e657e9dd8d466fdd630c37727b3d7b942b732d4f3ea4e499d9689e2b68ad9ad750f221dee5be546271818e84f715d758eb3a6ddda88e0b9dee502e3630e48e3a8af197bb093abb28700776a99753b949236b69e588020e23948fa74aefa35558c653723ddac777d9122c70327f5356031e840af30f0df89af60895a637138da47cf39fef7b835d01f13a3ca00da323b4ff00fd6ab53bc87048ebc907f0a4dca3bd60e9dacc7287dcea318eb2e7d6ad49a9db88c1f362ebff003d056f296829cedb1a25f0b9a5694140323a7a551b2b813c0c411f7b1f7b3e952127079a13b8ee58671e50e7bd47e667d2a10c5900e69c314c4d0fdd9a39348314e0453b93ca03ad38514e5a770014a052d2e29098abd2973498346d3ef40819a9b4a50fbfe54e58cfbfe5400c3402453da33eff009542ec7d2801c5a9334d4dcdd8d48236c743f95000b181d334f0a7d2a48e3607e6cfe22a62100fe1a7cc0471af1cd3c483d698c79e3f4a661bde905cb1e60f6a6b49f4a872452161405c94c993da8f33b715086a7a2ee34e721c4b96bf37e553abe1c37a5410feec53d4e50fd6b99b35b9684e02b0e3e61e95107c8c54529c6cfd69a1f0e7fc6ad4b421b33bc56cefe19bb5c0de4a607fc0d6bc2f5c591aee612a8522470b83d79aeffe275eea90f886de1b63786d1ad54b88dd847bb73f5038cf03f4ae16fad1da5599ae5a46762cc8464af7c1e6bcac65652763d7cba9f2ea659f2e0b657ba631c44e030e7279f4fc6b5ace4324821bb0237627017d31f8d51b8d34ccc5dee7729e9015c85f7c67fa77abfa3a4175abc12cb751c4803290c411f74fbfbd707b3bab9df56ad9d8e8ac34c4f2d5d4b90c011c8ac1f16e6d26652380ea39e7f873daacf8835368a6b582c6e0b04664730cbc704019c7e358fe216926b0496595999a419dc727a1acb636a52ba2be9f6b7174336d1ef1923a81ce3deb55f4312dbe67f355c274565eb8e6a1f0bc33456e5773e4c84e7047615d12d9858249a5d431f2eedadf4ce3ad62aaea6d38dd1c3dde853c13b4b0c6eca7001675f4ff00eb5416b6973038478f19e7ef03dabb1bbb9805a222ac72306ea08c9eb58ebba7be8f309418c74cfad69ed6e71ca93b99df669de29c2a672a7b8f7a2d6c1cdb24722b02327823d6b5632229244280e4e29bb4b4ec07ca31dab373348c6c66f96cb6aed18dd83dff000aada76969772cf24e645dac0fca477ce6b6923852d5d0c91924e7b7b56518e6124c219e40189fb99f7f4a71914d21f7b69671c22149643b5bbfff00aab734dd421b3956c6570a6425f1b493d3d471dab0e284c31892e242e4f1fbcffebd4ba6aa45a9c52cf2adc601e5cfb1e39cd53b99348db79cda4cd25be196762c4b0f7edf9d59b6b9b8be3f678d119946f2071fccfbd5692d25991a58d5d860b22aa93d7a015a5e0cb79175390dcc2d08f24f322639dcbc7344623523a622f1e411490a8c8ec7ff00af4d9d24689d76f28a455b31c915da333b3003bfe3514818c8dc10189ad549228cd10af92be612a73dab4d4033ab13d052288d7e578d1b1ea29a24453fbc658ffde38ada35100dba0445330e8158d794f8c9606d66e1e5765c94e9fee0af5769e07b6b958e48e46d846158139c1af3af1469373777723c76931cb29f96127f8715855d4672eac9e7aaa1cb11c0a7adc485caed5ca9c0a97c3d0f97ac40d3c7e6a8dd9575e0fca7d6a7beb79ae3578c258c96b07da0ee904676ed2c3e63c018039ae5b3368b28ccf2c8c56550aa39047ad4f6ba7dc5cdb34cb19215b6e4301e9fe35afaae9764b6682db51b79e7dff3246016030793839c74a4d32d3168f01bff0028b3e7d3b0ed9f6a2c1239d9a1944de405f98b6cc67bf4a952dee5bfd0de303cbf9b8233fe79ad77b6b7d3a737325cc577b5b7ed6c0e8738ce4f5a625e47a8df492c302401972369cf4c0c7414ec28b0b6b10ff23ee0c4f40455592d1e2bc588a90b249b73919c67ff00af5dbda4ca0ef5d0c4801fbc13a7fe3b5cf6b8de66a113adbf9456563b00f71c74aae488e43e0d12458566b75772dc72eb8c7f9159f796affdbb024e0ab18f8008e9f351a87882e60736ab04d1ec20e44a47519e98f7a66993c9a86ad0cd36e8c8057e739e304f7fad73cf95170474969636fe526e7902e06ee7a7e958be2586d1246104aedf38ebfeefd2ba3b482d1190cbabc0172378660028ef9e6b17c66b66493637305c0f3170d0907236f3d0fad384e2538991a5df5c5a464324606e27904f6f635723d46c24977dcce51b7670aa7af7ed5944128761dff4e6a22a086dc9b4fa915954a1096c54743a75be4718b1659476dc08e3f1c77a91cca54f98a00f6ae46369e273e55c48063a2b11566cee2e90e1eea69f9e85c9cf15c8f0ee2ee8dd48e83642594976c834b242cc774609cfbd4115f10b1a3581cb00371fe7d2964955e668cdc8808e71bb18ad61899c3421b457586656db708133e8474ac0d422f2eea4619c1763cfd6ba881d66712b3020718273fe7ad25b9b0bdbb36c60b60c6411ee2149c938ce2baa9d6e639abc34d0e5764d3c416240c739eb8a726e4398806fad75f7be127f358daddb0e47cb1c1d063d8d64ea3a0dddb7faa8e794601f9613eb5d17b9cb0a63f43b4333f21b7395c80475356aeac5db5096ccab62301ba8cf41fe35956d25e69b346d2a5c2ee60406ca74ff00f5d5d4d50bdf4970e082cb8e64fa77fc2922a74cb5aedac915a392a4703b8f5aab610c36d653095d94dcc7c77ec7a63eb5ad7977697703235cc1ce072e0f7cd64ebf242bfd9c904b1b6321b630e7eef5c50e42b14ae21812d9543bf0ddff001f6aaec9b86df5ad49428b3473086cb7a7d6a9419470446651f4ac24c2c66b4ff3b22e09438e956f4c6844ed2dc394cae381df22ab3846bb71b5519a4231df39abf0d9feec166da3d4ad48588afa70a0c5919201e9ef49082d1631d568d5615fb72157046cec3dcd37794d80038e958b6161248942e093d6a1784c4a5307079eb56fe590e4b01556694cb72a814e0af5073eb49482c44c4468769cb11d0fad4da7c2939cdc1641b49f97d7344b1a28525958fa52c31bcc76c65a3e33f28ad14ac16192152720d134659508ec334a22c2f2dfa53c3808c300e062a14f5131e9237d9123007073fce92169de4123228238e29b66fba52acbc05ef5a97135b2b6e8d61da073b48c56ca64b457922721015e1faf342afd9b8f4e39a9bed51189b84cedf97e61fa55799c181598f24f7349cc8e5259d4b5b3a8ee47f3a5b08c856523a802abac8dd0b1fce905c32b80a4f5ecd512a9a91381b96b6c02863b871eb579a3b691bcc9247128e001d31f97d6b9f3753ec014c9f831adcd3e791e4025b0611e4e6561c2f1d3a7f9cd7a342bda273ca9dcb4f642d562bbf9b0479832411c60d6ee8ba95ddc42ab6f144fc13d08efee6b1c6a1088e64223b90a0809bc1d9d78c738ff00eb547a5dd9fb5348ae6d232980a1f00723e9f5aefa388bb3cfad4cf5cb69b64645e6239339000cf1fafbd45a94b6f346aa64390085c03cd723a6ea13497497735cc8f1a65591e5254f1ea7eb5b09ac477d3c514162a7ca60ac51b76727be07b57b54aba48e3852d4647f664ba74ba91a38c0e081939e3d8fbd25a7892d2caed238a642872c4b46d9ce0ff8563f8ceea45b8789237b76575248383f77a57206e2f8b6e36172a47721bfc2b96a627de3a1513d4df5b8a78a7162e92cd2a9ca9460371ce0738ef5ca7881e76882df22c4e1c1217d7071dcf6aa706a9158dac52064799901641200c180e87be7359faaeb325d8f39e1605987c864ce3031e959d4c4ab1d30a23eec186f5267189957e55ec473ff00d7a92faf66b98a144443b061f0318e9efed55235763e65dcac8071be5ec3ea6ae5d9b330c16f05d41be75d85d1865490003c1f7ae56d3ea5a833327b6bbbb7305bc41d97e623701c7e27deadd8c167a35fc7aaf9b207801c07e57905790067bd4da544fa55fc82695ae1426d12bf018920f7cfd3f0adad4ac2ceea32b1496f240400d2aa865539ce0f6f4fcea79923448a89e20b08a74952e14a5cb06b82636f90679dbc7b9f5a9355d4ed5e013e8b28b9667031229036e0e4f38ee05608874db79ae09bcb49cc0c71092bf3633f2e327ae31d2a0bed6e096d96186c23b1dad9dc8e067af1c01eb9fc28f6b14572b2ff00882f2ee2d562822942868837dd07bb7b7b568e89233465ae4ef2029e063d735475358a4d760c31ff0055ff00c556ae991ac658827b1e6b8147f788f4146d120d51524732c436ee23afd2b3e2b70da8468a00c83d4fb1a9fc642496d142283fbd07ff001d3552d2044859a52ca43515eaa832217d499efefec9e548a70aa09180a0f03ea2a0b9d4daea154ba2f210727e5039fc29b7423180cc423679f6a7db4f63040a89331619c82a7d7e95cd297397057667411871e5c63049ef5a1e1bd7e6d02f9d2791da19a540cb1a2925549c8e71d8d51bc7822b9531396f97b8fad64ea72195d09c601278fc2bcfc4538b3a60f94eaaef598f51f165e5d59896389e35dab228c8c2a03ebdc5743f16bc4369a96a08b14770336c83e7503a3b1ec6bcbd1f72045e71cd34c7fbc110ce08cd702a0932a75fa0cd564114d115c8dec7f98a84c9b8e39a9a647c84c71d2ab4cac3f758f94723d6bae128c558c7e22ccd701ae1506791e9f5aaf22b3dc4592301ff00a8a2dd4995722a1b58545fc8d93feb73fad37a6a2b1acd1aaa02477f5a8a158a05de54e41ed53a305738f4aaf264ca045f30c77f5acdbd0b8ab93db8497cc971f73e6153dbaacce580ea3bd43b629154b310f18e83d7fc8abd63b19479a4aae0e08f5cd71d59b4744228ea3c1fe1593c45abc16168604794b00657603e542dd81ec2bdb345f813af186d65175a36155187fa44de83fd8ae5ff00673b8b6b6f885a5979081e64e7904ffcbbbd7da1a7ed7b5864424aba2b03ec45450a4ebf53af1157d8ad0f9a75af82fae4f6cb6f7175a4bc6ae18013ca39c1f44f735c578d3c09ad69303debdd5818a38d7704762dcb63bafbd7da72797f71d88c5721f1567fb0f82350bde36c622c96191ccaa3b73deb6a9859d1d5339a18af69a33e0b856ea3bcbe1752ac83cc223da3a727d87b554d4115be623e62464fe15b5e35b96975fbe9902912dd4cc4e3d5c9ae6aeaee141b77fce0f2306ae862e4b4663888a436492dfcb27cb6cff9f7aa76b10b879ce3853dff001a8e497370b2718031fce9f66f0334dbdc824f61f5aea836dea70f31325ac65b6ed1c7b9a7dc3456f0b0da7d78a825b858c797090d8f506b5b498e165f3a7765dac471f4af4292488946fd0cf9a38a4b23205ff9665b93ed58ed2a2c61483c1af476d334c9ec59cdc4f9f2f3c7b8fa5717afdbd94323431cb212ac3afd3e95db0935b1cb2a17e861cf75118cfcaf9a758dd46edb70dc103a5125a7fa428f9ba7a8f7a82eb4f960226542472dcb0edcd762c47299d4c2ab687436b7ad1a08d4b0c0f41eb56ad2e49b85e4f7ec3d2b92b6b8919ca955c815a916a0ee70c107d01aeda356fa9e754a5281d3db6a52c7e705761ff011ef576dae2eae6053e68e727903d7e95cb2cb1b007773f4ab104b8fbb83c5747b4b98dfb9eabe1f66fb2b127fe5a1fe42b491b3b85701e13d4ede3d4a1173204f99ba293c6d35dca5c5acca4c1297c8e7208ebf85754582932652052e6a3691228572d8e7d2a0b5bc867902b38c9f406b4e646972e026979a6163bd76e08069cdcc85bd69342b9206a706a891f69ed4d3210c738f98d1702c86a7eeaaad868c67d69c24fa55099695b352ae08aa424fa53849f4a045fc0a72818aa6b28f6a91651ed40ae4ed8aaef10f41f9d38ca3da94ca00ea280b890a28ed53128074355da71d38fcaa33264f6a02e5b69811c66a179093d698431ed4d292765a146e0c915a9e5feb506c93fbbfad37e73cca02fd2b4e5b124c4e69319a85d97a21c9e952dbab75618e2b39348b516584833e9f9d4b1a6c355e69c20ca9047b8a6c331761e5619891c7bd73f3dcd796c5e63c53e05c9c541230b7884d73fbbdc76f1cf3f87d2a47ba8e56cee1e9c0354a3721b09b24b7fb39a8864aeea7b34670431e283336ddaa01c55f2684dcf3bf883acdbce1becc93249e52852ca303e73ee7b57151f9b712a2a3012484024f4c9af41f1a69967040ec6598308d70091fdefa571ffda56d6b3c16c241b26611b12a49032071f9d7838c872b3dbc0cefa121d392dad964b9557949c332b1e7ae3d3b570d15c4b1ead0db23637a96e831d0ff00856bf8ba6437f2c36c77a2b29048e7eeff00f5eabe9fa45b4d036a05e6f3626d8a011b71c75e3dcd71aad6563ba74b99dcb2f0f910b4f260b3297047ae335a50d8c579e1bb5bb9d0389243fc441c82c3b7d2ac0587ec70244c59fcb0083eb815aba45fde98174b9a189608417561f78927bf38fe23dab352e6344b91152ced97614b601189e0927156a6d0b56922df25cdb188ae76e4e76fa7ddab3737c8b302aca78ee0d67dcea4e64e026327b1ae5e57734552e67cf05ad9ccd0cd11665ebb49c73cfad6649791a4ca630ea71e82b5ee2ecbb9276fe00d67dddac37da846f3b3aca136aaa742393fe35761dcacae5df793d4e69d991a6628c071dea375b8b233c2630125caa127248191d8fbd53dad8d928daa3d2958c9c8b374f0792cc88c318fe74ba5794c93c8ea48500ff3a8808bc864818b313c0354adb4f32dcc8b3865f31f0bb48e726ad494371c61265ad4753d2c0f265b79d8ab03c74e9fef525e6a7a1c8864b1b3b9888000dfeb9e7f88f6a9af3c36f69649791aca51df602ceb8efdbaf6adab0f0f5ddfe9335d085ca249b091228f4f5fad67531f4d686d1c2c994b47d667ba8c47672346610aa77a2fe18ebe95d0787a6beb8d4e58ee6657022278007391e82b1b45b6482ee78dcb0f2a40adcf4c135d56977b69e7b5bc52ee7542482a7a647b7bd671c573bd0a78366d5eea16d14a04c9237cb9e00ff1a648e6ead6496d0f96510b7cff004e3d7d2a1d430bab431a7398f3cfe34b6c02c778d9e5413fcebae4cc1ab18b7b777f6c81e69c364e3e551fe14ed664b8178886418280f4f73572f240fa746ce700bf6fc6a1f10c3e5ea11bbe46221dfdcd11930b153422775e67a8231ff8f573be2bd6b56b3be923b4bb1180ca00f2d4f0573dc574ba234ec6f02229538c9f6e6b9df1341a19bf97fb52f2781b2b90809e768c7f09ed56d8ccb8c410a998a1f354fcac0f41fe73525e5cdd7d9d774a0c6ca70303a63e956aedf47130896ee520ae7ee9ff00e268b9b8b2d3d20b8b5999dc0de03a9c64608ec2a071662692a1f569580eb1ff00855c840fb6246dce41fe46b4b4ff00146a17b74ca61b5dbb3702aac3d07735169be21bfbdd5618a786dd43023e553d813eb486ca6344bbd41a7092401013c3311c1cfa0a820d3df4cb96b7629945c7ca491ce0f7a66bfa8cd71753c322c6023baae01c9e71ebed5068be4c32198b10ec84107a75ff00eb54b6389b7278a8d8c662469867e6e2353eddfe95982f65d46f5254620b49bbe600753ed5af3c7e14cfcfa9dd07c70361e9ff007c563490c4d78469ecd347e6705b8e33c7a54dee548ced69651ac4eb3b2b0017a7aed15a1e0a513ea908b9f9c167ce38fe03e9595aae97a94baa4cf15b06c81fc6be83deade9b1dde913296894104b7cc41ea31d8d63529dcd207b7d8fc269b51f0b6a9aaa7d802fd88dc45ba79432828cc3200c67a5790eb9a45c68e9f66778bcc470094248e467b8a74de22be91045e55bedc6de14e71f9d65dccaf71212c1413cf1511a0fb96c7c612343b0639cd47223382491561487e298a9866ebd68e4947a858a91c6dbc85207152408df6a458885c83d7e869db4adc31c76a96d95a3b944846ece4f3f4ab535d46699b7bcf3f4f532c7b5d9411ed95f6aaf7f1469e24ba8655ddb514f07fd95ff001a7e9ba46a51ea905c1b6c472ceae5b7af4dd9cf5f7a7eaf2cd69e2abc689159b628c37a6d5a7c919742190c322fd8a468c15f9bbfe15cfd9de5cc5acbb4726d22e01fba3fbd5d2453bdde8570660abfbc03e5ff00809ae5a2fdd6a65539df3639ff007a8a54acc99bb9def86f5ad426d5258a5b82ca22271b147395f6f7ab5a5ebb04c3caba59a42cc7a280318f6359be1444fed290cc4afee4f4faad67689206d7ed9633b810dffa0b574cac919c7424f105dc3a95fa4502ba88656521f8ea474c1f6aa72d8b990aa141f526a5b5ff0090fde06e33747ff4334babe7fb46545e40c7f21583a853d4ce900442538aad3bca64818b0c29c8e3e95d178826804c23de7714040c1f53592f6d3cebf2a6508eb91d0d47311ca385fbb40b16e6f94e7a0ab7e1a9ad96458afa37949727e5e38dbf51deb21ad8c5218f0770ea09152595b481c5bed3f3127a8cf4ff00eb52b93ca25fa4726b123daaec54b863863db771eb5a73c8069d1b364b17e4fe759768be55d5c29eaaf8fc89a5be94cac6218f9483fa7ff5e95c2c203232995d81238a716565e8720524cbbdbf0a58c06c267a71516b85863093602ac0734b6aaa6552473cff002a8ef42afeec1e41fe948ac1908349c42c3c432497472ca543f4f6cd5a46f2ae1923f9481fe151c71a2c7bb27a6691d9590007bd4b0b11cccc182e7a8a4b58cc921071c914c41960c6acdb0f337fa2d4a44f28e68561998e074c706ab286fb3b2b104935348cb1b120fe7555718da8724d6885ca4aca762b023e4193523e65b34607ab77fc6ab493ca36a6d5f4a716cc2aadc107b50c394723c8c7ef7e94b12c86463b870692dcc918e5475a9e22ecf92075aca5b8389259bb1b96427385cff2ad46d56e45abc49210ac7246d1ed5993ee2bd3bd4419e5e5c01db8adb9f9510e99a56d210f888ed92723713d093ffebadbd374dbcbb3e479b16e552c49240ebf4f7ae7adbe628abcf415d9f87dc5b5a21738e08f5fe2ae8c354bb38ead235c59fd9b4c9776d23703c13ed597a7eb834dbd711798a5a419c2a9e87dfeb566eee2243e4583f9acc32038239efe9d85646b5f6edf68f710a22824e41edc67bd7ad3c472a38e34acc9bc49a8ddea770f3a4b82cca7e7503a2e3b0a34bb8b8917cdbb93cc8c31040001e9c7a77a92defa2368881c64127ee9f535cf692ef718b66030ec7a75e067fa5734abdf536502dbcd666eaee492272237665c76e4fbd50babc0a7ed2777d99ce11303703eff0091ef537d9618e5b876670636247e19f6aa33a2cd299b27e6f4ae4a95d9d54e05a9b5295cecbc7692023e6555009f4f4ef8a89750b30fbe28a5568ce509ec474ef59a7cc236951cd598628962632330cad62b1523574475f6bba8cee512e08404100c6be9f4a741e22d5ade06b68eecadbb1dce9e5a1c9fae33d851a74563e71669a4195f4f71ed51ea3a6ab1f2ac77ca5946031039cf3e9dab48d69488f6362a7da40b97924dc659df70603f889ea7f3ad3dd69259a24f13bce0e5981c03d7dfe95ada4f8623bf8ed554ce648820980751b49c67a8e7a1f5a8bc5ba15ae9c9b5649fcc122821981e0a93d856969b2941234ef988d72022327f77ff00c556b59cce11cfd9d8e00ff3d2b29cbb6af096607e43fd6b774d20a4a082781fd6ba69bf78d14bdd3275abdfdd057b5ce1c753ec7daa94767777470ad3a03c6029357bc42a98e9fc63f955fd34b23820e064ff002acaa52f695098753126b39193ca6670c80ae4af39aa26c1a062ef3b1078c15c7f5ae9ae93f7c4f7763fceb1f56622568db9008fe55189a5ec968252b48cc96cc8903194bf1d36d675f210db70472474ad6bf32da5d2ac8c08db9f947d6b36fa55764201c927ad79759346b193919a19a1909c12318f4ab10ee2390dbf3c7ad2cd1a95048cf352d9323c824c1c0247e95cab51ca9f5164dbb00206ec7e39aab709988607cf9e78e6acde00ae241d324d5779171e6e0e0f15a2a2dea4a7628dbb481c128c3eb525aa83348c587decfea69cd344e3e45607de92da27632b0231d7f9d5d5564516c9ee0e69153132957c8c76a44caa0ddcfd2950f987307ca3fdaf5ae78b2a2cb11217b9862442c6570bc0cf53ff00d7adf9f4d9acec6391ede4396dbcc447aff8560da4b24532ccad878583038ee39fe95af2eb9a95fc0b04973b914ee00c6a39e9d87bd73d68dcea833a9f016b4da3eb56f7e09cc4cfc89767542bd7b75afb63c07e224d4bc3da23acaa0bda5b96c4fb8fcc8bd6be00b694988aa92189e0e2bd1bc35f13bc4fa4595bdbd8ea924496b1c6807d9a16c041818ca9cf4ef5c70ab2a0ee8ea95175d1f763ca8a7710af9e3ad786fed35e344d3b4f9fc3d1857fb55a4336e5badb8fdf9fe1c73f73ae7f957985a7c7bf1508c2dd6ad752119fbb656fd73f415e6df133c757de2bd523beb8b89a464b658732431a1c0766e8bc7f15743c6caae8cc7ea6e8eacc0d5f580f7527fa3090b3b64efce39fa563cd22b4cd334230dc6d3da922753248f302db8e4629eaa8ec491f27615ad3496ace5acf9864c233110a149f6a8e3b273f38665cf3f76ac2c6919c32e7e86a58e757916350c390bcd77d39a968737ba8ad6507fa748aebbc04eebf4ad489a5fb7476a2ddd55c124e0e3a1ed8f6a9ade086390cae992463826ba8934a863905d945ca0c6431cff9e6bd0a500738a2a5b5c442d5a021036c09d46738c74ae435bb277d52660ac54edc7c9c7dd15da1d350169c2a8fe3fbc73eb58f7f197bb75420743cfd0575c67ca64ea44e6f5291a4943269a611b7190beff4aaf731ac96f879c21d8783f4addba00c0c5c67a7f3ae7b52d9bb807a9ae7ab51a9117b199e4085cb2b6f078e054cc3d063e94b2346b6ea769ce7fc692475ec0d7a9849de279f88926286751f79bf3a922bc6438f98ff00c0aab97e29a1933c835d4a7a9caa9731bda75e859d647608413d5f1dabbef87576da8c97aa5ced84c6012fb860eefcba57982985d836d38e95d0f857c470686b74912ce8d38504aaab72b9f53ef5d12af6444696a7ab6a3b235da36c8430e9f4ac5d063ba17f10b8b69a2e5befa91fc27d6b9eb2f1bdbbdd31bc5ba906ded1a0e78f7156a0f13dedf6a5135bceea3057e78d3ae09f7a88e2b5dcd7d91ddba3a8e216c1ef8a5d83cb04b8073d2abd8ea4f2436f1cccccceaaa4850064e3356eed5635dc4704e38aefa7513465281163e52de951a3a4ac4295254e0e0e6a70bbac9dbd1bfc2b2fc3ccd35eea2a4e4472003f36ff000ad13b99d997dd5ba0cfe02801bd0d590003cd042fa55a132b80de869dcfa1a94edf4a4cafa1aa10d19f7a7827de8c629452245e7de94827b9a41d29c38a0041193ebf953c45fe714a1f14be67d680245233f74548a57ba8aae655f43479a0fad11617b964b27f756a2251872aa298181f5a64ae23525b247b5139d90e2b52787c80dca4679ee053ee0c647c9b539ed5ceea5e20b3b3c868ee377cdf7541e47e359d1f890dd1fdc34aa3afcc8b5e6d6c458ea842e4de2ed5fca26de2fddee8d5bcc59318f9bffad51785355b8129431cb721d906f2e4ecebcf43fe4573be2ebe8a4d3a5b80afbd5540240fef0ff1a8bc15ac490b1dece5098f80a3a735cd4eb36cd2513d2351b82bf3b399c1207925b3b78ebfe477ab36d2298cfca339f5ae7b54d4a01a7c7788920691f6e7033dfdfda9741f10d9decab1ac77032c47cca07419ec6bd3a552e724d1d346c0eee40a4f9848700914c62bb51d010186694ce110139fc056d29590a2aece0bc6bac34e8d13db18dda35c297e71bbd315e73e2d6282c9e290a3b6e24a9c153f2d757e35bd82e7578a7852458d600a43019cee6f7f715ca6bf179df6607077eed9ed9c75af9ac656e6763e830947915ca1616d35eb967bc9198ae493963d71eb5dd5bc56f7566f2c51456d186da635518278e7b7afe95cee9363f63b749a4da7702bf293ebff00d6ae8f405f3347999b91e6e3f45ae48c2e8ece7b32592dd225814228120003edc63a73fad4321305cb24721760392a79c55dbc2445016e551781edc5675cddda2319122904a4e19bd47e7f4a12e51cf5445349f3677e78f5a85e41c1db9a49e378d09620e3d2a33226d190738acd936165395dd8c64d438733ac9b99580c01deac140f6ea47af7a819f3cf3e676350d8cb92346de42cb12313800b7e1cd64ea5014d465600f9470146df97381d3f5ad2dd1f94af3a97645ca11d8ff9c50231750acae331b1e01e0e7a76a5cc16322158c292ecb13e7853c13ef45acaa2e327076b8c73d79a464596f5246198c2e08efdea6b3b137924ad69b63f24e5b793cf5c63afa1a9a89d45647453aa91bbab196efc2d68aa1e11e7e770c9cfdfe2a6f0bc973fd873c66ee55cce4ecdc79e179c66b3751d41ad74382ca4662f1cb92554639dc7fad543e22b5b188aa47383f7b8553eddcd79d3c049b3b23884913c72186f6f4c84826438dc71bb93567c3eef3eb33615907939de3bf2bc56143e20d32779e4b982e5c83b9480063ae7a3568784f538ef3589a3b312468212c0381eabf5ef5d3430fc82962d58eb356ba922f105b901997cae4eee3f8ab56c40934fbe7cfccd1640ea7906a19ac1271f689154b2fca0e48ff3d6ace9d13467cac8d8f8523dabd2d0e0664cb0cd369d1c6164521b3d0fbd5cf135b3dd0322b326102f033fc5ff00d7ada6b5897f76ab8c7b9a8ef5615d3a57990b608e87dc5528858e5346b69edfed04cb2306c7623d6b8ff1b8126a932ba7f121e47fb02bd1d64b7f2d8431b2923bff00faebcd7c6e653addc00c3194ff00d0054498ec477d1a3033fcb1ed0074f7f5fc6a3d5eea016d6516222593693b87a2f35a86c0ea366e6df62a67690e48e460f6cd477fa3d8b592abc00cf0c6406ded8dd8ebd7d4567cc1146668e805d318e51f70f0bf5152e93344faedb944445dadc8231f75aab69a86c6edde5c1429b405e4e7835d15b7fc2371466e21d3ee15d0e01de4ff00ecdef50e453472ba8397d4af331101267c1fef72692057640d1ab127f85474ad5d527d22567fb35acc8e4b6f2c7a9ffbe8fbd55d230b76f91fbbd9c0fc452bdca8ab0d8a33e7a89a0c7fbebfe352c6a567cc6760ddfc3c77aeab49d2a0bb21eea359183119dc4718f6ac2d5605b6d4cc7180b1f9ccb8ce780def571a6c245692dee259d9d2e2519f4cff008d573692fdb504d70ee76fdd7079ebea6ba7b61649651c8d0b972482413ea7deb2b5292de4d6616b78d917cbc61bd7e6f7a528308b2af95307544d26490138de233f9f4aaba841247212d0b4272382b8c715d55a6af65088e178a62e70b900633d3d6b1fc4b2f9f72ef1e42965c03feed249a1b6ee66470bc6e036ef5e4518224e9deb43520b1dc2803f87fa9aaa54120d73ca6d9d496841328de4e2a3f28fd91e5174564538183cf6f7ab322f3490c314f3aa22e10f504d45856248afeed204cdc4e7cb518fde1ec2a2b5be75d464bdb9b66b91226dfde1cf3c73920fa5683e9cb288e2842a9fba7731c555934fb98eedec8c91feec678271ce0fa7bd6b1a89072162eb57b592c24b6874c8602e41f9187a8ec07b57230c9b35292664dc239b760fb36715b57b673db4a0974c6dcf07ff00ad58608f3ee41eacc7f99aa554c9c0e974ef1008a52e9a6eecae32afeffeed3b4db88ec2f63b8781494cf27e5ea08eb8ae7e095e141b1b1dba55979ae2e0ed7901cf1c802a6555b33946c5fb6bb8e5d52e6e3091833eff00bdeac4f5a5d5e58de669a39149623eeb67b567db6c5f310a9c9e0feb56ed4d828db7103be0763ffd7a98ea0a2cd3d66388de215092fc839001ee78acbb6771a822091b06503667dfa62ad6a3751ac83c8575f97b8f7aa9668eda841282326556cfe345cae519af964d4251b0c3caf3d3f84715a973e55adf46e55000b9ec3d4551f11a97be93ce218657a7fbb52f884973b8764039fad26c868c767637979280769919860f18c9a7c47cc512edfbd505bcca5a48483963b7dbd2b5e0b411d846c40ea4704fa9a87226c45228499471d2a003648cd9e339a9ee95bcd0723a5477084440f1ca9a8e71d8ac83ed17f20278db9f5f4a5080c64a9efd854292181cc99e48c7156ad1098882475aae71110673f265bd3ad4f1c24441893cfa8a734413e6e3d7ad4818bc407bd47385885d54c65948e3d296da411c53038cb2f1cfd6a3b9568232991cf3c55b9ec592cede71b3f791ef3c9f4068e62b94a7b5986e62707d696d21093aee208e7a8f6a9d23df02a8c71cd42eccbf367a51ce4b413ecf3d7e45c6efeb4922ab31c1007b51228640fdf19a123731060473473903e45f4a40594719a66f73fc54a9bd8e09152e5a83177c8dfdefcead33c6632142a9f6a84a328ce450232cb95c0a5527a021d0ccd0caac0161b81eb5d05b6a05ed10729c9fe3f735828aa31bc67e956b3b6dd7671cd6d849d9985489b17b7eb3ea31bc328b75098ca49c679f4c541a95f3ed8c35db4d80460c99f4aa2d0edb192738ca903afd3fc6a1431b942ea4f4ad7135ddcc95225179213852e9f47ad1d2dd20954b2a86c9233c1e959bb613290a8471eb524936ebc4299036f7fc6942ade21ecc9356690dc031bb05776ddb4f18cf7aab2929180ad9e7b5492c8c564c9e4038e2a92cac0e18e7f0ae7752ece8a71d0bb69189392075c74a86f480c10301c91c1a7da4c5216ebf7bd2aa4cc249198f624d5b6914a438011a8225c1e9d7153c770ed32b0668c7f78374aab10495ca91d066a6529b4800edee2aa955b314d9d2e997d7abe525b4770aa7689268d8e31fde38fc4d3b56135e5cbc4d24970410db8e5f3c7ff5e9ba64b22e9ecd6edb2348819811cb0c76fd7d2b6fc216f06a1725c275889f9891d180ed5ebd19a68e0a955a2829537b19539e3fc6b6ed9be54cf1c0acbbbb701b7c2c0903f807f853ad60ba6c1334c00c7506a237477490cf12306276f3f38ffd06961d5ad6118f3475cf28d51ead14817f8e4f9876f6acb28f2b8c5a32ff00c07ffad5352525b10b42dcdaa234eccaca72c4fdd3eb542fee9e790850a790781ed4fb9b32a62ce5377fb38f4aa3756ad1ccdfe94474f6edf5ae29d69f506ae4b11d8a7cbe79ef55a46df2fef7e5f9bb53eccbc2bfbd563ce7e6e2993b472be14aa1c9e86b9aabf6af53583b12158428daec6a9c90c71306566381dea575d83fd6e689a2cc44efc9a528284473915e5265000e71491a6060d4624f2d9811dfd6a581d5dce481c7ad73c5bb93065581406039a58660b338c8f95bd280b89979ed4cb5877c9707777f4fad6b6b8da2f24c1d8b6473ed55c4d230c32a8a5502318dd496844bfc18e6b3946c38966cd031c9cf6ad4b58379f97278f5aa51a045c861d2b474a9406c1c1f94f53ef5c7515ceb81eabf0e3e196adad959a3b39dad04ce8eeb71129042038c139ee3b57aedcfc3a9ad3c31736d04574ccd64d1c81a68f82108e3f5ad0fd98750b69f4396cda38a4924d425218b82702143d3f0af68d5eded22d1af656821c2dbbb36540e8a7ad70d4c3b9ea76bc67d5dd923e18d7ec6efc277927d9a2dd72088dd2660c02b2eecfca473c0ef5c16a5a5dfd9026ea0f2c0009f9d4f19c7635e9ff1d2f623e35d40c0c863f321c2a38c0fdcafa57986b7adc976a56589d41503e6933df3e94e85371760ad89f6d0bb331e54395539238c6292376539600541b9492ca464f3c526e7f4635e9c57223c5751c645a5900f949eb52200ac2453939cf354d9b27d0d4b16ee3321c71deb5899b6743a5cb2cca176af4278fad686a5a9c8f0359811e6400e3073d7ff00ad585606600793e61e0fdccfafb5482d2f3fb42395fcfda1483b94e3bd77d295910d1a50eb2d0594f13796311ede54f606b1e0bedd72d704afccb8e871dbfc2aadd9904d3a12d82cc39fad5259b6398b1f77de9cb1162794e80ddb4b6ae3e5e4f607dab9cd514b4c0e3f88ff003abd148de51193d7d6b32f4c8d2311bf82694aaf31328907cc24380295b685233491ab9393bba54af0ee5e0fe42bb30f5b90e69d2b8c8620416e7d690fcae40a7857446fbc78aae0b990e4374ef5ad4adccf43274997218374aa65cafd0d6b4fa6c663b5918c81400d9c8e9c563452491309086900ed9eb5d7d96b56b77a6a5b1d3615748447bf702724633d3dab794e125a3150a766739796805c3bdb6e7ce07cc474c557d3e792ce401154f24fcdcf6c56ceab01b7b55b807019f6e318ec7bfe158b0a0fbcd20383deb8e49c5dd1db28e8741a36bf73677026d9070eadca93d0e7b1ad0d63c5d3df92a56dbef06f951876c7735c8b139e0f15246a98dc645e69c71d3a7a187b2b9de69de3d68984529b55524927ca7cf4fafb56bf85f5ed2cdd5e49f6afdedcbab01e5b6324b7038f7af3bb3d24dddc2949081c8e133dbeb5a3268d731057b6bb995e3e4f96841c8e9d0d7b187c5c9ab99ce81eb71dd09141046dec7069cd2c7d7773f4af2ab1d4f56b26d93cb7d20031f3c8c39273deb634bf14497bad4168d6ef0ab86c933647009e981e95dd4b1edcb94e3ab45a3be567c170060734825865622672a7af00d508ae146c51303bb008df4f9e54846edaa7271d715db294ad738a5745c5b846902a1073ec694b95604e064d727a7ea1235f4601761cff001e7b1ae8b7b48919208e01e6aa33531cb42def3bcb000e69dbc7ad55691947caa5be94bb8fa9fceadab13191637d1bea00c68dc6a79ae371b96650b238e4f4a579398938c0e3f95573bfc96705b20d2ab65327a814f98708f26e59700b9039acfd7af12dec255760170a49c13fc42a4b9ba16d6eb33ff136de5b1ebfe15c1f88b587bbb57843329655e44b9e8d9af3f138ae446a973bd0a6c629ee6f242c7efb14c77c93556e6e0c702c636ee0dc822a94133a3fcd230e4756fbd49713667672320e38cfb57cf57afed1e87a787a36449acdefd96f9123da50c792581ce726ac6877d1a4e277601832b20c1c139cd65ea32a1bf8d9d15f09f749ce7ad476efe5b48ea770639c03feaffcff004ad68575143e43a8d6aedf5262085fbc1be5047418ef5b1a668419822f9a589381b97d2b97d3f51b75b751208b3cfcece39e6bbaf09ea70ce9e6feecb891805f30127e515e961ea7348e2ad03a68e38ed6c2d9371dd1c401079e40151dc5e42f6aa0b8dfbb9183ef5883549279ef63dadf231551e667b9e9f95678d43174f0bb61d464a17e474edf8d7a552a25132a6acce2fc4e7cbd6e041de1079fab5517127daed275507ca9039fc083fd2b4bc5af0ff6e40c1a324403a11ead59d6136e373bd3217ee927eb5f355f73dea25dbebd6bb72ac17a83f2823b55ad33ed6d6122a44a50bf273ce78f7acc0cadca819f6ad9d26364d16799652e165c71ff0001ae7833a6c225adb93895dd646ec3d7f2a4b88d61410e4ed53dfad5cbad8b0dbc802ee2b93eb9e2a94ef26f32342cea7819e94e6ca44126cda5b71e2a8cbf3bf1d8d3a72eb308f73608cd45393114ea77566d89926f6dbb7038a81d8bb0153336205703249c54080988b80720d66c0bd8df14447fcb351fe7f4a6898873d2991ef5450437ce075a74299b86523b771f4a2c31da95b4973289d97e555da4823d7ffaf5c9dc5bc92ddce225dde54873c81dcff8576d72b21d3659fe740a40dbebc8ff001ae720216e266f2f397cb71d793d6aa2fdd1a4642d89590ccc184ac3046463fcf1568692b2466e63f318a1dbf7863fcf35a37713f942e7ecec913b615b6fca4fd7f0356ad9996cde316a482d9de0703a7b55d3ea6899876da6c4642646903a905402393f95745e10b2921d5e59a552b0b4042b641c9caff81a7e89a5dfea4f702cb4cb9b92846e30c0cfb739c741c74fd2b534ab1bcb1d5a5b7be867b7648f949a32841382383ec6a2f690f96ecd1ba9ee96510a468770cf3ffebf6ab56af3bc2fe7a2aed518c7d2964bb893568637b4424a13ce3dfdab46f24864b65f26dd10843bb663d3be0564ea3b9b4e2ac655d27fa224ab924b63f9d68f8ae15b8d2a6994932a855551d0fcc3fc4d51b991a3b18ff74586eff1ae9e386d66d42386ee6860b5653bde5c6c1c1c673c75c5693aaf949a704719a75b32ac4d202a405239158de24d1357bdd566b8b0b413072b826451c0500f523b8af41f10c9a779904362b6a44259434257f7b8c0078f5c7bf5af3cf176a17969a84a61bbb8b7f994794b295dbf2e7ffaff008d614eb35b9aba699cfe87e58d561fed1630c3f36e65e48f94e3d7bd3a68257d5596d977dbbce42b9201285b83f97b57d31f047e19e8daae9325cdeda585e32de3a666d3d2438f2d4e327ebd2ba3f891f0ebc3fa5784b56bab5d2b4b8e586c2e24578b4e8d1a3658c90411d08f5ed8ae1598b6eccda9e1efa1f29ea7a2456d6297d6cd2bde48fb248d986d0bcf2381cf03bf7ad2d2343f133e9d25a5be9b1bbbc9900ca83b0ff6bdaae782218eefc417105e5ca4f12db96092fcca0ee5e704f5e4fe75f720f0bf82a385a6b3d3bc3e429eb15ac3d7ea2954c54a3aa267154a5a9f051f0c6ada5dc79fe22b4365048fbd592547ca83963f296e808aa374d60daacd1e8f3bdce141fde023e5c0c9e40ef5f507ed4ba768d0683a77f67dad82c86d6f32208901ced8f1d3bd7ca36a863b8638304bb704e30d8e38ae9c1d7954dc5560a51ba3a7b2d1a096d59b74b90d8e187b7b5626af6ef06a36b1a292be695c9233804574d6f1816cdb2fc0f9bb37d3deb9ad732b7f6f89cc844a7bfb8af52cce46cdb371631e9d143713b23ab720293ebed58da84a26f10db4b6e77858b19231cfcdfe35cc78865d49f539922376101523696c7dd157b42fb41d521599e5c9ddf7f3d369f5a9698933a9875cd391c2dddc08da02010118f23af63e9595e20d5ec3509996d6e3cc1b830f91870171dc573b7da66ad26a17ad15bdf48865720ac4c463269d6b653dac0af730c91b1c83e62153d7deb395ec69137b58da2e579fe01fccd5260095ad2d6a35fb42e187dc1fccd5128015e4579fed1a676dee88dc54ba7e3ed6858e25e76af62307ff00af4d957278ab160882f6372cb819e7f0352ea32a31359964926b4fb42840ac366defd3ff00ad504c918d7ee048c447b060f7ce16b4a096099e24568e46420704120d43b547882e43c01c7963823d96ae33653a451d46280e9133c2ecc011d7ea3dab8eb53225f49340a19e297760f4c8248fe55e85abc11ff61dc3aaac4a0ae70b81f7857016a8cd77781090039cb0fa9e6ad3d0c6718f39bb63349ac3f91a88585146f062eb9071df3d89a8aded2cae2f12d639a562e09f43c027d3daae787628d5410cb2bec3918e7ad54d0536f886d9d7e7003703fdd6a98c9ea44d5a5a146de084df5dc4eec05bca5463d89ebf9559bcb1816cd2e91e43bdb6f2463bfb7b54731ff89b6a0162c6e9db381fed1ad5954a6816ecf16e1e611923ddab2f6af9ac36df631e7b25fb238b7dce723a91ea2abc49a9db6d22da3da71c961d07e35ac0b1b091c44570d8ce3e95012f2c90a6e6ea06339f4add49422271e7d8ceb99a5918f9eaaa73da9cf347269b2c61bab0edee2afea062b6243dba39c81c803b5672419d36571c10dd87d2b38373b984e2e0ca7650b35ec45013b645efef5d13c33dd486dc272bf370403fe79ac4d2902dc3979b6fcc319fa9adbb446176f38bb3865c707e9df3ed5716a32d4d29c39c865859a75fb48d871fc27b543abbc4ab0411b121c146c8e47415afadc28999c4aa36a818fc7ffaf58f6c8d71e733c0484e518ae7d791f9526d03a66779289298d09381deaeac2cb68ef10dd83dcfd284d3ccf72cde798c91d36fd3dea4c35bdbb2ab99b2738159b49b3270235bc97688a454031b7806a0998472171df8e69d72b3611fecd2283ce769ff000a8bc9f387cd36cefcd25142e40c971f30c37a0abf15b441ed9d5989ca97f6e955e541b0c8a318e300511bba14cbb1dd8eff0076949974cbc51d3539658c6632a0027e82a18d10fca09e6b4ed5e11651eff2d9b272c48c9e4d50b6876ccbb9f8f71ed58b65544539a3cccb8cfcad4a462426a6b8daaf26083c9aaff3376357131486b24d8f91011f5a6a1e769fbdd31ef4f8e1ba9e50b6a26998f448c1627f2a90c5b49593e491789370c18cf7cfa11cd362b098f90799c0f6a492307d6853e5b939f3a2c70dfc24d223e4f5fd6a592d162d8051f953e6c1fcea107de9dd7bd4f3589681fcc23ee8a8d164df9dbdea6c9c74351e581e01a7cf732b13a970bd05362393cd42ef263f8aa4538e947385875ca829dfa1aab1a10dd3b558624f5cd2a141d76fe34738d22bbb90a7a55566cbfe356a5c631c54223f9b3efe95b46571c8544dc29dbdd5c18c06fad39485a0328e801ada2d116b9a16e1a71189060f1d3deba4f0dbdd595cb1823461e591f3fd41f5ae561bc11b47fbbee3f8aba1d0a596e276d9bd7e427824f715d74e673d481692e648e1625b9cf602a782f6edd4ed97000eea3fc2a590c48a6ddd882dce3fcfd29cb6f0cca143bf031c7ffaaa555923d050b8d374be58fb486739ec3bd312e6d55862393fcfe34e3a6c31b93ba4fcc7f8555fb332d93a80704fa8f6ad956bad49953b06af3c4d25a85561927afe1552e2d05c484803d7926a296ccb30d818b67a6475a7da594cf332488400b9e08ae4ad5e0b72a149b1cf6f1cb191b467dc9ac8b8b19126250a0f98f73eb5bf7fa65fe9c7cd9e0d91280598ba9c64e3b1a9609a01002ce4165047079e2b8e5594fe036950b1cd3db4c57e6643514a648ced6604633c57452091a6679942da9fb8e3a93e9fcfb5665dc4fb49806ee3b9ac9b9f53074cc690066e9c934c915a250ca40e715a2f1ccca7720040ec6a1412b1f2ca8e39a6b4050b19d24a77839ed4b6931567e4fcc7d2ac5d08b1be162d81deb2ddc79db58e37b63f5ada3a8da2ec8ecd2919ab566d1aa12aa41cd55b585c7cb18cf1dcd0ae167519ed512d4845d12bb48403c671d2ae5b4be57273d31c5528c9e0903068da7ce665e722b9a4ae6f1958f7ff00d9dbc751681e20b48ae85d3c26e2691962890e730103a91dc0afa37c49f12746b9f096a5e45b6a2ad2584bcb469d4c671fc55f096982eed2e9278e252cb9c6e3c7231eb4ebdbcbb7772f1460313bf1dbd7bd61195b43ae34a35b566cfc43d61353f135d987cc57263625d40e046a3b571376d2e7f7cc1b8ed532496ffda321924206dec3e94dbe8dcb654678f5f7ade34d2d4e6af350f7515e3c11f271f5a9a29027fad05be955cc2cd8241e3deacdbaaed0b93c55b5ce73452dd8e31ac9f320c76e6981272e155d4738a9d423445a225b07bd32c81124be60c648feb4425a99b46be94f35aa82ee0f047ca3deae5ceb07785cc9923fba2aad95a3bc41e352d907b8f5a6ce914b72bf64669176e3278e79f5c57741dd0b94c9bcbc2f72e496e5cf61eb51054773311f7862aedcda58a991a79a54939381d33dfb566e52390f94772f626b1ad06162689e403ef7e95033b319727a669e643b0f4aad2a33e78f5a547cccd8a19b1c1a9616608493dea0b546473c76a9c1f2be57e3bd6f39db621a1be7a962a41eb8a8e4645627069f341138de19b3c9aa32348ac5635040f5aaa726c9712cc52bf9a22639079e95ada52902464e08c1fe75888ee9191100dcf7adad351a644f386de17eed5da51d6e0a162d6af24f2e99123b820499e9ec6b3228e330b315e87d6b4f5780c7a7c62105bf79dcfb1aa3776a62858420b2f0492475cd57d62db9aa8dc686b6dbb7cb6ce31fe79a491235855829e4fad16105bc975024f23a8dea0edfaf3daadeb969676f2b7d8e59247dc010fe98fa0acdd54cae4491a3a0eab696d7081e398aee248007a7d6baed3eeb4fbac8860955e4c72dea7f1af34f911c6c24fd6ad43b1b05891d3a57761f16968637b9e81a859dbc6c5aea3dea481f2b1eb8fc2a91d2eded3528af16303cb53d1893ce477fad719777221401083ce3906b6a3f11dcddc2d672a4004873f2ab678e7d7dabba95749f3113a4a48ef74a36f2c6f2346c4c60375fafbfb54ba9334b688d09db97eff8d7093eb131862b54588e57cbfba73d87ad52b9d4a58d05a48b180873d0e7f9fbd764f358f2d8e0a985bb34347d5561bc8cc9e61e4f451e95dee9578b7b0aed0c30abf7801d7e95e3b652c7fda31199b68c1e83d8d76fe13d52de399e3590105917953ef5784c526f531ad42c8ee50a4721120278ed48054315cdbdc9f2449cafcdc023fcf5a95a423d315edfb48c91e7f234c7014ec534709b9790465bda84273b8ffabec7deb3728a46b08bb8d96e445a8c766776245ddc0e3bff00855929c823a1ae77ed577fdb96e4c51ecd8727f06f7adf89d5829072e71c7bd73e1ab29bb1be26165a19fe21532daac0a40db203cfd0ff008d799eba7ecf72b0af0cd18618e4753fe15ea5ae22cf6cb15c1280383f2fae0ff8d7937892c64b78db7a91f283d41fe2af3f33869744e113bea66dccee67836b6006f9f8ebc8ab529063121fba4e07ad60c477dec2abc95900fd6b780955b70518af994da67bd156456bb78da50e54ef0300d45e7a27ca0361f87f7a6ea83fd353fdcfea6abdba60cc79ff0039a7ced30e42e3a2c96ebe50da33c67f1ae9fc2779f62956e1cb1891db72a8049cae3fc2b98b49c4518048efdbdeace937a59c676eec9c0c1f4af5f0756db9cf528dcf448eeade193ed7b1f6ce7cc2075c75f5f7ac8bc9049ae5c5fa02219142aa9fbc301473f91abd631a5ce9ebb0927ca1bfb6323ffd755f5389469b1db02709267dfbff008d7a53abceb438250e56719e2bf3a3d5e16660408474fab558b1f2cdb6369dd220cfe557bc661cddac918c81128ffc78d53d300f25998e1f682a3b135e46219ec504490c1b4f6c63d6b534fb848741b88f0db4cb9207fc06ab5b42dfebe4182c307078ff003c51a75b24b6125c92df23ede0f1dbfc6b8e32d4ede5d0b7777b6d25b42b1c7209153193d3381ef5424bcb858c23c99507801455bfb2410a70ef99c739fe9c7bd559b119fb3af2179e7aff009e69cd8ac31d4c9fbd3fc3c7f9fceab4ff00bcff0080669609d98ed60067d2924382c077cd4364d85b72251e5107819ff3f9d32c9958f9641e4ff4a8e0262b8676e32b8fe55721b49110bb29041f515372ec4d72502c5807e51fe14fb650c7ccc751556171f6c8a307ac801fceb6adbf717d230e857193f855a2590ea625368eb0b0580e3729ea4e7ffd55cd44637bb31c6a4624db267bf3dbf5ae92f27dda1dc45c64b0edeeb5ce58bc314f289dca0761db3dcd0b416a6ceab79a749e1db6d2a08265bb866deee7ee15f9b81cf5f9876f5a7d8c065fdcc7808c4e413df15937b79a647f20b96c83dd4fa7d2ad4bace8896ce9637ad2c84e54346dcf4cf61dab4524871b9d0782f5fbaf0f5fdfc304ae8669514ec4561f29603ef7d6acdfea13ea5e23babebc90cbe622ff0008072028edf4ae2acf51d2cbcad7d72d131398c2a31c9e73d8fb569f87f53b497559628260d108b2adb482795f6a96ba9bc4d8d5e474f10dbb67810fa7fbd5a762f33c3361c7ccbc71ec6a4f3b4d7607ed0fff007c9ff0a96d6eec166da276fbc07dd3fe142e5138c994eefcefb1246ce090d9fe75a7e2712be8f3a42c1643b704f4fbc2a59ae6cc127ce3ff007c9ff0a4babfb34b57c4de9d54fafd287caf404a48c3b0b7b9c5bb348859369cfbf1ed591e24d385dead3cd7211c36dfe220e4281dab7ffb42d712625e4ffb26b87f13cd24baa4de4aab0cafb7f08ae6abcb18b3a29c64d9f53fc1f6f112f87a7fec4bf82d53ed8dc4880fcdb1327953db157fe21c9e287f0a6adf6dd4ade5b74b1b8fb5aaa28322f967701f20ea33e95c97c3b5baff008462e6258d4ab5d1279e7eea7bd6c78eaf6687c0da85b854c36993a3641c8fdd11eb5f155714fdb5a27baf0fc9a9e1fe0d7f0fc9ac4a96b633a5c88097766382bb978fbc7dbb57d9d2e8379a76933159200a18310189ea40ee2be1cf02c8ebaece8a0102dcf5ff00796bee6f196a5247a74b391188d5541383fdf1fe35ebbaa94353ccaf4a5526ac78ff00ed2cb6961a069335cc4cef25add3650f709193dc7ad7cab2ddda3de3dcb45218dc00077ce07bfb57d01fb4edd4979a4e88f85dab05d1c818e0ac5eb5e19a547e6d8c7d7bf4fa9aeec0d6495d21d5a4e30b16dfc41a0246520b2bc4279e71ff00c5562de5ed94b7b14de4cbb449bb9eb8c83eb53df5c5f433a88618dbe5cfcdf8fbd3ec6ef52b9956396de100301f2fbfe35e9fd619c2e98d371a54b333b5b4c491ebff00d7aaf1c6c6fa39e1214a8239fa1ff1aea12d2e0a8023fd45616a165a84f204b6803a15e49600e73ee6a5d7902a6392e7568f72c1748a1b83951fe154ef2db51bd629733c4f821bd39c63b0a923d1756925882da03b586efde2f1fad757a76953a584714d1b2bae72030f5359cab4ac6b1a6636ada64bf685cb47f70773ea7dab36e6d1a32b92bdfa135da78934ebd95f7450ee2100fbc3d4fbd63c706a71901ed9005ff6876fc6bcaa989699eb53c35d1ce14c1e6a6b2302dd209118c5cee51d4f1ffeaaeb9832d8c724a3692d8e3f1ae5a13193976207b54c71372a54944d8d3469de76fb5b77460c0b124f273f5fad453c17f7be20b94d3e68e17d818993a630a3d0f7c55486d2c6e58859a52f9e00e393f850b6138be92d910908b9e5867b7f8d5bc4d8856346f74ed56d7c2978356b982e1bcc5398bfbbb9703ee8ef5c3e9fe5477772854ed924c607a64ff8d74f7da4dec50b48f09120c606f5c633f5fad622e95731c92bc5116925396058601e7a7e75ad3c5c5c4e7961ff00788d6d3bec96604cb1302415e0e7bfb9f6a6e95a64d61791cf3346db73f709279047a5635c69f222869d5925ce19430c0aacf1fc86519f978ada9d68b1ce8d9a2eb91fda77cffde9988ffbe8d6ddce24f0ada0efe713fabd73f60c151f771902b525d4621a4c369bc651c9c6d39eff00e351cf1e60943c895e3dba05c39c70e3f9ad66e9db5aea3c8e8ebfceb40ddd945a2cf669312cee1802a73d57dbdaa2b3dd1bc32e3e5055b27d29c9a7b3215174f5643acdbf9f77220c6010793ed592de6423ecccc086f9b8e9fe78aea5e26bcbc79906770ec71d303bd51d7ed5668da462c30a0707dea6327022715339b8141bc5523ef4807eb5d6d9da5b2da26e8f279e8c7d4d735610b0d4211182712af53ef5d7dcb086d51a6f94eec7afad1377d4854dc763275e6fb56a31d8dbfc8248c1c374c824f5e4f6a64caf656bb323253071cf41ef4ed324fb28fb4260ec63f7ba7231fd6ab9d97778f3ca48d9217f97dce7fa54de4c6e232c18eef39ce432e3f5a69d8232ca0822afda4b70d78eb648b2e17f8b8e38f71deabdb5b2fd8def50b131b6de4f1dbfc6a929193454ba9ee2510c492003eef207b529b231c41e6dad938e09abd7c36a5a7fd361f37b74e9f9d4f756bb74b89977152fc1247bd5da44d8c88f0f0331fba0e08a85518cbb491f33613dab46ea1f2dbec4739906eebcff009e2b3b6f973edee1b1cfd6a1b0e5b1752370822246e5e4fa55792e1c36431e9e829fe63bb940071cd4662925bb43b7b6383f5a906ae3a28da5652483b88fd69f22ac3332e3a7a55850cb0bae39db8fd2a9c6b32ca484078f5a148cdc6c3f4eb99ec2fe37b37f29c6483807a823bfb5472c9e75cdcbcb96699c994f4dc4939fa7534e31813af5e94344ad229c9e0d35215883000f223f9625e554f6ff0039a6c6841ed535d84518c9ce691250c704d0f526c3950fb538291e95207454ebd45445c6770a864d8739603ad43e636eebde95e6790630b51ec6ce48a6911ca4c5891cd22363ad2478514f7f9a8b0ac38303eb4c954f6229631b695f0d45856239a223d29bb70bf853954a8c535860e6aa0c52444edcd2146c64114b2b678a11a20705cfe55af30e3125b7780c88b223120815b5613dcc13b1b3904636e3900f1c7a83deb3a216cbb1bcc6cf07a7ff005aadda4b135cb056cfcbe9f4ad2152c3953347556b96f10db22b4a10c3ce09c7f15741a2a12afb9b2405ebf8d635e3e35a818f511fff00155b9a7b2c11bcce090406e3afad7654ad03ae8c2e50f115f3d939c46c7e703ef63f8734fb02f7311055946ec7af6aa9e20beb0ba72af0ca486079e3b7d6b474a659222f6e0a286230deb8151ed22d1ace90ff00eca767521d864f68ead5a41fd9f70d24d079e0aedf9d7033c1ef9f4adcd3ec2e2fa5b282dde347919109727193803b1af66f097c1d4d4343b7bbd5e3b1b9f3377ddb8994e43900f007615e462ddf636a508c57bc78feb53cfad68d3dcffc23125b22958c8f28b0e181ce768f5ae6644b71e54725a45015e3e65033d3dabdfbc7fe0ebfd034c9a1b796d23b528923a2bb312c5c0ce587b0efdabc1fc4904835040597895f77bf22b2cb934fde2eb28dae825d3a0b9b751e6c71479c86da36fd3ad645d69c213b6322618ce552ba25895348859865379c007dcd64e93e77924dd3890ee3f77d303e95ec4a319ec79af7395bcc8b8f282104b95c7e3514b6f34477f97273c7dd22afea31635092718da92b3e3be339a7e9f771ea378f6815f289bfe6181d876fad653a1625b30dad849f21221cff00b3584f185d48a83e6ec9b1c0f7ae9ae9e3590165278ed5cd80dfdae7ca3b77cfdffdea231b0491a251c9c82d0fd062ab841f6a47ddf281cfa77a9ef2596399a376ce31d07b5546765889cf34f90c99a775247e446b1ec2db71f29e73814eb056081e40d820fde1ef599016e1dce40c1ad4b7ba47b75401b232791ef58ce931a278e7956dd9fed6ec41e9bce7b7bd31dee5a191834b265493824edaa8b2c5e6855560a7a8ad8d093cdb5d403f3841b3db86ff00eb5611a37d4e9a33695918f65228b865980c85eae7e9eb5a690b7944c849e7f885674b6dfe94ebf2ee0064e4fb568db4935cb08f78e7d47e34aa4ada112a2e52bb20565decbb475c53c158d89d80f6ab7269de49591b61ddcf04d5fb1d3a0ba8c13183c13cb11df15319a8f522a506d6873cc92451155ddcf3c0c5496efe58cb8c938eb5d2dce8a1dc08c46bc77635cfdfc02def628a501879857e53e84525257d08f66d17edb5064b75548cf19e8fef4cbeb956706dd04236ff0001c739f6aab3491432158d597150c9e64a87c960a3a735bd3aad10d0f132912ef51337b9c9cd549892377906304fa53d3f74b216e5f1d47ad4d1b2c96ca6605867fc6add4b90534076f22949014fca3a53e52a838069f6f12ccadc76ee6a14b94142e5159c090fcbdbd69595ddb712df8d4f3d90590f0bf99a440ea312107e955cfcc0e162096e1513660138c75aa7f3bb160adcfa55d92de277ddb39ce7a9a6483ca184e2ae33e5d8c9ab0c8594f0145685b5e794c8bb7b81f7b159064024021caf1deacda61e64f386ef9874fad6eea39106ddede992d1005fe2cfdecfad47a95f219445122b232825d5b8073515f2a88144236fcddff1a6456d19f0edcdd85fdea48155b278e57b74ee6a1c19d3495c9aea38edd2d66132ee906ee3820f07fad55ba91f799fce690371b777b7ff005aabf9924d12f9cdb846bf2f18c7f9c5264b46003f2f614ac91355d8962dcce304b55a0ae36e4b2d55b57f25c6fe7bf1f4ab524be6850991f5ade9416e63cb609d4141960dcd55fb43a9dcaacae3a60e0d4f206541b883cf6aa97a1a3903a90005ad555d7942e58fb6cd1b44ec1d8e41e58d36f6e65b962cbbd58904e1893d2aa3c8ec6225b8fa505a54999d58004607155529db50b264864641e7173f2f1d7fad5a86f678824904b282704ec723f9566fcdb0c129ddbb9e3fcfb53c398b60438038a5f5874d98548291e85e01d5e5fb63497b2bed3030fdf4a719dc3d6ba6bef13a25da451592c80ae72b2fd7dabcaf4dbf74e3736707b0f5ae9e2b982581a7891d6453804fff00afdebd1a198bb6a671c226cef749bfbfbc8a591347b9312282ce0332aa9cf24ede060564f8875bb9b62635b69638c38c3890a83c671d2b53c27afc96de1bd5a02f27992d9848c845c03b1c73f98ae1fc4fac33e991dbcc5dae16505dc28da460e3f98ed58e23356b44ce85814b5285b7882e53508e5796675507399ce3a1af43f0d6bf6b7912ae61f302a0ff005c09c9feb5e409b1622ce0900f6adbf0fdc88773da6e8dc6d39233c8ce3ae6b4c2e31c7531ad42e7a1789aeae2295a458e578cba818271f76bcfb51335d1c5e4925b8da01f349e99f7c77ae8355d62f1742826bb98c81a5c7ca8bd7e6f615c7ea5abc77919f3448dc01ca81df3d8d6b8ac67b44614e872329186086f07952c739f33f871eb5ad1c62541e64ff67eff0037f2ed5cfc724297b0989594bc83f98ada943cc7048c75e6bc86eecf420ae67eb2fb6e94ff00b03bfb9aa90cfc3fbfbd49ad1dd38ff707f3354a3047e359735d9ab44ed29ce013f9d2db4cf1ccacbbb8cf00fb543fc669616f2ee50b72b83902b6f6ee087c89a3bef07eb490a4914e54f98235f9e5c6debebf5aecf4e5b3bf6db8b72bb4b0380c3ae2bc7ad6611cebd7f78c36fb73dff3af4cf084b1c5a64323ab172ac091fef1af530359d45a9e6622366723e2169bce0196461b07273ea6a9ed78a6b260ec11994b8e83191d6b7fc6108b6ba58980c98837078fbc7fc2b9cd51e545b6c380181c71f4ae7c4c8efa08e8edb134ec03058b6e41eabdaa6d1154f87ae3a0fdf7ff0013583a4ddcec82dd5f0ea0924818c67ffaf5b9a4c883c3f708a08266ff00e26b8e12d4efe5d064c8c7612cd85fbbff00d6aa570c5256764c93c735a974516081b07eee4fe42a85dc90140e51b935b3d4cda32d94fda14213d3b5472891654c97c16ef53b4724370a4b0e9da924dd2bae08e0f7a9642dca9a9ef58c142d9dc3a7d2b4ae2e4db5caa331914ae4e5b03bd676a0b20e0b0ea3f9559d58c52cc046a41d8319fa9acee6a59b398169a536a339dc87f3e87152349717032a658c9e78268d3919a255c8c05506b5234b7b78848f1939e3834ef63368c6d483b9f296768d5946483c75aa7168715cc8a7fb6d11b2323009c9ff008155e2d0b8cca8cc6aa69b14725dcec8b809203c9f7359d5a9666f0a771b3787a186e9fccd4a399700659063a0ff006a964d06d9665b849e208a3055621827f3f7ab7a9211186e32587f2a9c98d6cde36527273c7e15cd3c434d1d2a86856b7d220b96568a18e5f2482c1620d9fafe54f59a2b2d46485348488aafdf0a149ce0e3a56e783a308b7ae0617087f0f9aa1f125ba339b98d42bbb804927a6dff00eb57646ade1733942c4b349e4b81e4f6cfa54d632664ddf67cf20f4ffeb5696a3a4c9bf398fee8fe23eb5158db98e42a71d40e0d7246af99bc52ec24f758623ec99ff3f4a76a4e20b091fece25c63b7b8f6a9ee2250e491fad2ea8aa3449c91dd7f98aa84db6449a461db5d2ce48fb004e833fe45626af6b2cfac4eb0c4fd14e1109fe11e95d2e971231071c7cbdebd3fe0cf81b47f12f88ee16f6ca397fd0de4f9a691390e8bfc27d0d678abf29ad29a5a967c05a87f67786ae63bc8b639b92c3cd6da71b50771d3834be2ed7ac2e3c23ae44d3db095ac2758819d4b64c6dd07af4e95eb9e34f87de1fb6d0ae6e2d74f48c204eb7129392e0773ef5f3778b2dec92fee6d442446b2cb1b0dc7919c6339af0a9e0d7b54d9ea4316aa53679e7816730eb33348dd6dc8cb363f896be8bf1278bd2f3c257b02ebaad3b326d02f773603a9e0673eb5e286c345b05176b66e0bfc9c3b13fab7b54926a3a70b85fdc4de5e391fe4d7a788c2a69247047109499a1f1635c7d4b44d32da291ae6486da58db6cdbce4aa0e4762715ccf85765b6896ed7766a09dc099571cee3ea2b52fe4d2a2114d2db4acb26597079c707d7dea2d625b49b40b77b389e3066e377a7cdee7bd7651a11a54d332962b9e56225d4349fb335cbd8d93ec38e4afb77c7bd35357d2846f2c7a7592951bbe565ff000ae6a08f3a2ceaf839907fecb4eb28236b2b91b7911fa9f434962224b474ade25b48ac239fec507ccd8ff5a3dfbe3daa13e30b34d3a5bb5f0f4194603689073d3becf7ae62f9234d06dd0af497d7fdea2344fec39e271991a4041ed8cad5aaf133b9d7e9fe228eef4cbebe1a325bf910f9b80dd7e527aed18e9d6a1f08f8a135bd464b5368b08484c9bfcedd9c3018c607ad676881d7c2fad239057ec44281d86c7ac9f850a83c4770a47ca2d1b03fe06955ed62d14a5a9e84de2641acc16d2e94ac1d09f9a4f66edb7da9cfe24d3ccef1368d6a0962b92ebebfeed615c293e25b591b902223f46aa3aa144d410807e694ff00315e3d7e5b9ecd0ab7476b0dd58ea082dd6c2d976fcf81b5bdba63debcc6350b110ee01cf7aedfc27b9b509083c7927f98ae22642d6ed2f1c7153494475a650d26e645f11dbc22562af788a70dc637e3a5749e21925b3d5e778839ced5f9491fc22b99f0f4492788a16c729768793fedd747e2e9241a94ca1bf897b7fb22b5aca3b1cf0d4f6bfd9e7c1b16bf34779a96cd4604ba96274b8b51321c420804b1238241c5687c72f86f61a2c2352b24b6b7555b99fca86c5630c142b05c83f874a67ecc5e2b8b4c8d6d9c5c1b66bd99dd1114e4f92a3a939ec2b63f695f1b59ea1a65b5ae9f1ddc47c9bb8e5f3234c365500c727deb8214dd9bb99fbfed92e87cf304905efc8f61186037162a093dbd2aa69d75677f3ada2e896e9e613c8507a0cf4dbed56b4724a071f7ca9c9fc6a9f8602b6ab0c908da4161cffba6b7a778a67535aab974e956a5dc08618f69c11e50a63e896e7e6fdd60f6f285509f50d406a97a82e06d59d86368e9b8fb5496daded98c339918a8cf0ab8a97cea5a1a394059bc32248cb25e007a0511727f5a82efc37a82c51859ee9576f0442d8c71cf5ae93c31796f37886d6d2e92492390312a38ce158f5073d457b5dfe81e1993c3104d169aeb37d8b76e32bfded80e7ef7ad7998accea6164ae7452a4b11a58f99868fabdb0fdccb7d376f9237fe86ad2595f18cadc5adce09e4bc6dfd6bd8ad3408442b32a4615b200ded9ebffd6a6eb9a0c30e877174c884a151c3b679603fad1473f8d5928b2aa658a0ae784c51bc7aa802061b671d171fc556b56ba95ee1e0f29f0a41ea7d3d3f1a76b0d243ab4a616db89dcfaf46a8919e5b869e63b8b0fa7a57bf19f3c133cba8945d8ac2179ff7292b461bd3f3abb6612ca29237b75b82ea06e231d33cf7f5ab0b6c80f9b0a85238e49a7cb6932c7e6bb2118ddc1e7d6b4559221d31ba3cf651dfc8f3c96f680c78f9d82f391c738a834986cd3479a27d56dd8997386619fe1ed9a827d125d53e781a2524eef9d88e071d81acc8f4e9440d22b46141e464e6b555a363095336f588adf658886ee2938fe120e3eefbd4ac4b69d1dbe776d6ceef5ebfe3588b6f711b43b9d0ee23663b74f6abccd751a05f31723dbffad43ae8954d86b32137f1dcac5c2478e3a753dff1ac58e47975341e5361a619efd5aafdd4d33c4c85f938ec3d6ab697148f3c926e5cc4c1bf53fe1469b8a71b1a774b1dbfcde52649c74c541a75b95b85324b9e4fde1ed4e2b717d72f1798b80377cdc7a0ec3dead8b730dd20936918cf07eb593628c48662819c02bd48aa8f1b31ca391f4ad730d994918c2dbb04e727afe754884de446303deb2722670293ab1941e7a51b4e724f4ab5b4161435b168d986de99eb42998f2944c6b2ca41907afad23c2a0ee561f80a8f12a5db80c3a7f8559f26416aee4af07fc2b742712028cdd189c7a535c32f1cd3ad25f9e5073c1ff1a782b2ceca476cd0d588b11c2a41e54fe55231e3eed480c7d94d0541e82a798562155cd4922ed14d6caf4a948de297310d15f71cf7a702714f3163d29563068e626c325619e00e9504cff2e31dbd6a7890c9d714496f9e38fceaa3b9528945325b9ab16f1efe4c58e7fbb4e36e13b0fcea4f35514850455b61044a1506c1b57f2a7c13c705cb7ee94fcb8f4f4aae9e63ba9dc31906a65877dcb0383c7afd2a533568e86608daac328272131fceacc76763a8798b7134a85781b3dfaf63e955c6d1ac420e0aec39f4e86afbe9734b1c92db4d22e0166f2d0fd47435d53849a3bf0d38437218fc3b63b42452dc301d32c3fc29f16906c6512c61cbaf20330239e3b5564b89ecff0076f348ce3839720f3cd68d95bdc32f9d2de4afb4e36364e7f5f7ae4b4dbb1dfcf4d9dc7876f7ecada74d26d52a62639048e307b57d2bf0cbc6ba3cfa05ada5cde224a892332ac3271fbc3df18ef5f2cdb36cb48dcfcdb23071f415bf1eb173a47872d75589e54134862dab294c72ddfbfdde958569ca9ee73d5a51aaac8f62f8bbe2ab3bfd3e64b69a39330c63fd5b8e4499ef5f366b32b4ba9c8580c79cfd3fdeaed2faea7921612dc492f4fbce4f7ae16f240fa8ca318c4cc3afbd74e0acd5ce6ab0f67a1a4e02e8f091fdf3fd6b334fcab009c8c9ebf4ad5ba1b341b76ce7f787ff0066acfb05da40037f2791f4aee86e734e3cc8e5754fddcda815e59d9f83eb93547c20f326b33332a806023f55adc4b3fb58d7e73ff2ebbdf0573fdf3f874acef0594b8d5254d8ab8809cf5fe25ad54f539e14ecce73549dc5d2c90056409c93eb9359b6e236ba67998a967cf1f5ad2d58799f3227943681b40ebcf5ae8fe19681a46b5a5f886e351d56c6ca5b0851e149d119a562b212172c307e51d33d4563577139b9c8e49d22172cd0b162477f4e2acc3670c8c0ef7f4ebffd6a5d6e38e1bd921b6647552312c6386e07a7f9e2a4d1d0f9ebe6b155c9ceee9d288f422b2926ac695a787ec9d0132dc7ce013861dff0a924f0edaab144927207ab2ff85587252dcf973f3b7e50a7db8c55389b5173f2a5db9f6dc6ba2a555181d14b0d2ab129ea36ada6ca22c1c15ddf3104f5c76fa52e9ef3a453bc48aca541627b75af46f13f84653e10bdd62585d0c0c89f35a9eeea3ef76fbd5c77879adadf4fd5d6e12276f2b11f99807203f4cfe15e3c310ab7c274bc3fb2453f0dc4b75adceee48261cfcbf5515d81f06ea2b7b1ddc16d235a22e1e432a64373c6339ee3b77aa7f0b23b7bbd7660f6b111f6563ca83fc69ed5f42e8575a643e1ab9827d2ad26669f7091c2e40f938e47b7eb5cd8994a27542873a4cf2bf0ef85b5b86f6dee0d9116fe646ece654e101ce719cf4af435f08d8dfc62ea496e83bf50aea071c771ed5e93e0e7d163d36e26bbd374f282146412aa631b49c0c8fa55db7bdd0eea66482cb4e8500c809b303f215f358baad3d59d54e95a4d58f2ad4fc1e6da516122cead228703cc427afaf4ed5e19f106c60b5f1145676ef23e6ee58a7dc46570e071c0f7f5afb43c4d75a2bc4cf0269f7170114214285fef720639e99af94be26449378ead01b25b6dfa9cbcecff00599957d867ff00af5d996d652a8936635209c6f6316c3c376f0dbadec8d38864caab6e5e4e7d319ec6a0b1d374bf3d668ee2760b9193f4fa7bd7a1dd58c4ba34117c9c49f7360e3ef76ae2ec628e2d2667051c893a81f4afaea746323c9ad0b32a5ed858cd04e639a566456e3a738fa572579626290be1b69200391e95dc5b45b2cafa661bb3196008f626b0ae6549ed554db283bb39c67d7dab45462a472f29cd5c4af2d849bc01c81c7d456d7826159a1bb4c9e55071efbab3b5880448628f182a0fca31dead786644b48ae1daed518aa90a5f6924678eb5c38b8f21bd08596a37c451b5b5ec9101c295ea7fd9cd621d81b209ad2d7aede591a548da72cc3a36eed592aa4380cc7f1a283728995692bd898cdd318e295b170b8cf3d78a1150c329cae42ff8d56b732ef2543918ed9ab6a48c254935706b3c481d3714039248eb4eb7b4dd2967dc02b0230453ee582830a4c1830cee07a7f9c55ed22dc3ba192701015dc5ba63be79ad233944ce10e6632e6302d95b9d85b83f9d56b5bacd84910dbf33e7a1f6aea7568ad574987c948651e67de4039fbde95cb246a2c9e450386ec3e95d0a6e68df91c4196460afb7eef34ff9dd031039a41bd91142b7cc31c53a48d9230bbc8c1ae6a927164fb273161685275951c9dbea2a69c8b95e7b03d3de9c96c4c8228e2de4f3f2ad3e7b728a149319c60f18aaa3593413c3ca0ca789624091286c7ad54ba62ee04b8538ed57d226dd81217fa5477a866d4a28d6df6653b2fd6b58558a65ba4dc482268de229bbeeae29920db10f2f9e7bd5996ce48a4886c601cf3f263d29d751f94bb522f3083d856d51a9a308a71664cf2c9bb1b57a52ee7655e074ab3a85b18e60307eeff77dcd560487031deb9ea54e6635452772cc024f2c7ca2b4f4cbb58d708413b8f507d2b3627c1c7b51e72f9670044fd8038354d2e43393f7d58f5ff87f1fdbf4dd43aef58530178e486f5fa572fe3c496095ada650aa9229eb939299feb5a5f0775efb06a4b6d35afda05d4d6f180f2633c91d0839ce6b4be350f3b559da3d2beca8668f0cb1e01fdd74e82bca9544a5b9ec2839534797315f302e7a8ab76733dbba9c2e188c66a396d8053f38f33b0c73422395f9c30283e5c8eb5daaabb6879ee16dc96f6ee69a764654083041039ce2b165dc61618ad09599c6c08430392ddcd537191b76f5f6a7ed2666e3023b4e268b3fde15d042aaca064d624111f3e2ff007876f7adbb652242b9e82a95591a4231453d4d17ed690a92559324f7ea7fc2a9796adbd3272bc0ad2d4862f51146e629c11d7bd5611302edb0e4727e5ac5cf959a724a45728161547c800d408163b851938c66ad5c0678c2ed2a41cf4aad0e7ef321247622b4755b41ecdadcbb6ed6f16e3bce5fd47f9f5af41f005bacf6e872d8f2dcf07fdbaf3c814c8c0f9070a476aeafc39aac966a238e2718423e57dbd5b3e95b61b1ae9bb1cf3c27b47727f1c5c34be20b72fb41fb381c0ff69aab3daa5cda2bce594471e5369ebc77fc85548e19aeee91ee6e1cb01b43499240e7d4d74c745bcfecadf6d05c5da1832ed1c2488c6dea719f7fcab4c462d389db86c37bc8cff0f69d68cde6f9b2fcc84751ebf4a486e05d2149c8562718507a75ad1f06a341a8490cf0170b09f95d7a1dc3b1ac68e2f2e513ac9955e081d3fcf35c9866e6d9dd888282459934c4b6c3664db73c9248e9edf9d3a6b25b7b347837365b1f311ef5a33dfc73dadb446d14154da1b39ec39e94fb8489748859e5453bfa1c7bd75aa9ecd9cdecb9d1425b7b516aed6f23bca0fcaa7a1e9ed5852dadc4570649a3daaee581c83c66b72cd03789ad62126e84a36e5fe1270dd474f4af55f1668fe1d8bc156b2b0d2a2ba934e765cc518767f2d7a772727eb9ae4ab8be4761ca958f00d41a3f39bcc62b1e4608f5c53ee56e2e250360e46383525f2dba5cbc733441463e67c609c7bd51d2ee1e670ccec392396cf6aebc3bbae639dc6c74cb034105916041dabdfd8553bf690dfc8c1460e3f90a9ee44b2c7681667c003a127d2abdddbca096f35c927d0d6b2b54d102126083528a18c93b933cfe3fe152f87d962bbbe121c7ef07f36a2ee227548a68c7dd4c7ca3eb577c216f1cf7b7c25dbfeb17ef2e7a96ae6aeed13a68c6c47aab4528da8c49dc0f4f6a79961ea1fe4ee706a0f10208b5eb9b78ce150291b781f757b7e356f4e81534a954a0b8264cf985738e9c7f9f5af39ae6573bb746a7866e6d6d23bd92594aef0ac9c139c6ef41ef4ebb9edef98b432166272400470063bd43a6e9d1dcd95ecc2ed6336f1eef2b19ddc13b7af1d315574b75372d1b011e13393f514a75dd3a611a3cccfa14f87a1b98584ed32b67002b2f4fcab3755f005c45e55cc315c321cc993347d3835b6de244d235786d9f4e5bd5642e4993039c8c6369f4cd77f65afe99a9e88e5ac6ce164b61f299158e4af4e83d2be4e1985472676d5a764ac8f1f8fc1b21856e59271bf8ff005898ff003c5723e3cd39acb479e060c11951892c09fbe3d3e95eebab4f6d268702c2b0c2de6e7284671f371c578f7c477db612a32f9a4c6879ff007ebddcbf17293d4e1a94ecce02cc46a2dd636247ca1b3dba55ef0b78a6ebc2fe36beb9b04b795dad7ca227462307cb6ec473902a0d36ed06623a7292d8556c74f71c564496d2278b6f2e1c36d6894042bc0e13fc2bddaab9e266a491ea7f127e30ea1ade877361345a6012a463f7704a0f1206eec476af16bcb88eea47bd66c180994e01c0effd2ab6269ad5e496ea43838c3127d3dead5bd81fec9be25c90f0139dbd3e535851a567762a9515ac8cdd4b5382ead11cc8305f3c29f7149696ad70be6303c1c704567cba74474f8d0ea09190de83dfdeba9f0fd9c4960f24f768aa24392f803a0f535dcd6873c5ea63eab749b60b7c8f90143c1cf615d0e9de4af866d3e739dedffa135655f693697170648b5381887242a807a9e9d6ba4d224874ed16049ec52e941619700024b13dc1a6a37562dc922bea42cbfb3658926724907a7b8f6aab66f01d3aea30e73e4ed1c7b1ab0de2ab2652ade1cb739ec587ff001151ff00c249688085f0dc3893ae08ff00e23deb9151e47735f6974646a916ed02dd17248973ff00a154d6f6fe6e8371bf21bcc00007fdda9aefc5968a3ecede1a808539e5c7f2d9ef56d7c4714e7e4f0e2429d0c608c13ebf73fce29b699846179069b12bf873568813b96d0aa8f53b1ab1fe1759dcaf896e5248b082d1b0770ce7725779e1e7b6bdb0bd924d3e1b2448816dca30e086ce781d31fad501ace85a75d3c708d361940c1952544620e0e38fc3f2a6a764744a9d865c5b483c476ce570c2238191e8d59fa8c2b1de31c9dcf2371ef9aed2d755d36fa759edacad2e36e577c6caf838e9903dff005ac9bef15d845753433784ad9bcb765f358af638ddf73f1af22a7c67ad4d274c678623cca47f1796723fe042b838e332a1da33cd7a7e93a85a6a16e92db58c169b813be320e4038c6401fe4579c424472098a8555eb1f407dffcfa54c67690ab53bc5147418643e208815e16e93bff00b75a1e3bdaba8cc84f474ffd02b6ad3c41a7c506d8fc376a660a079cbb776e03ef6766739e7ad54b6d66d9f5a9e7bdd121bb568f1b2621803f2f3ca9e78fd6b4e7bcae4421643b417c781ef89e21fb48dcddc1fddfff005ab36c2eedcc93c37727970b9daaca0e4af209efdab6352d66da7d167d3ad74a86ce394862d190002083d028f402a9f84b444d5a4ba569d53ca280663dd9ceef7f6aca6d46f266d0a7cec537ba55ac220b6ba77453c17439e79f414eb39bc3b64e2f22bf98cd193b5590ed3918feefb9ad5bef09416a373dd479ce369800c71f5accd3bc39633ccb6f71abdb40ee4e15d17246339c161e9530ad0abb1a4e8f2984c92dddededced1e4b48ce8c0e32a4939c7d2a18a3779da38c64019eb5b97562b6170f0c5309e30c54b2ae1480719ea7834896d6d37093c36efd490067e9d4568e69b399d3e62e68d70969e38b0b966015237c9209eaae3b7d6bddad7c4365a969b6768b3a9610ac7858d872401debc374a48575a800f2eedf0d8e013f74f1debd2f4bb2b98ada3bbfb2cd02222c99f2c818033d7fad7ce675155269791ebe02ed687acf86fc1eb7fa543362e30c18fcb220e8c47715c67c47b54d3742b9562c1362312c73d6403b569683f11174ad220b6389193703fe9bb4f2c4f4c5727f1075917fa64d033e43220dc65dd8c3e6bcda34392512dfb64e7cdb743c2f58dbfda53980eef3667ce7ddbff00af542ea0da801c86cf23357755561aa858897ccec0ededf3568c1600a8966c1278dac9d2bed69cb9692678b5a939ee655ca32ea31c78f94a649efde9c90ee98039c6eae82d6ce2b8b479d91048adb4650138e3bfe35af6ba0c725b070abb8a023f73c938ae6af8b8d36385193d0c2d3ad0b36d50c5769c723d6a18b4b9040cbb5b04ff0078577ba3e8322db262ddd9b0727c8e7ad764de015ba81962223909c055b3c93df3d6bccad99289d92c2479533c6aff0046f2469d2c8245070c3e607fbb56b53063d2e2300de7ccfe2f4e6bd7fc51e04b8874ab026d25221818b39b223a2af27d3a5799ebd606095a0425f6b0f94274e33d3f1aaa398b9a48e68d277d0e3f53b99e3d3e5b7d8986c1f7ea3dfdab9a859bedaa981fbc9003f9d753abc445a3965e703a8f7ae7749546d6635936f370a06eff007abe870d5f9e9bb9c9568fef11d15b5bc515bab3330639047e358d6fb5e652e703dabaa92d41ba751f700e3e5e3b5657872d54df46258c48b96cee4c8fbb58539a8c9dd9ace8ec68da0d364b74cdc49e6220e003d71f4ae77592f1ead3320063214027fdd15df58db58b1902db5be53190117deb9bf17c7035c3c51c5144e1d49daa338db42c4273b0eb517ecd18b62f14920791c84048240f6ad59edf426b6dff006d9fcc084e30719c7fbb59d6516dd3a4061f9b7f5dbcf6a8cdb39573e6b74cedc7e95a38c774ce454f963a99f23dac5ab4db2562bb40048f61ed56eced2f2f4f976b089232704ee00e40cf73f4acc9e17fb6c80a30e073b7d8574d248dfd9d29b58cda4bb86d11f0dd4648c63b56d3a8a1ca66a1cd739ebd4962b836f72a10ab941839e87069d146a83a9dbd8d2df2ceb2c724d149212c4b3b83ed9249a591d5e151160b67a29c9aa93735739bd9b522bb264f7a95d06d8baf4ff0a7491903807f2a7153fba0688cf40fabd816319ef4d60c1c311d054ec8472334d9a2933b76b1c8f4acb9acc87448e48970a493f350a916c11ee6e39a55624ed643f2f1cd4caa14798c8003c722adc86a814a40631c0fcea1058b670339ab6ac25182833efcd0b66e5f700d8ce7eed57328ee4ba7222479471b5714a6392642605debd09ce39abab64ee380c3fe015b7e16d012ff005882d5af16de172db9cc79504293cf2076159cabc51bd2c3f31cdfd9d5a35542c5c0c38cf43535ac491fcae48c0af40f1bf8474dd22df4f6d3b59b4bf96747332c112868c80b80d863c9c9eb8e86a0f09f83eeb547fdd5bcd31f2d9b0b685fa3019ae59e361157b9d3f519bd918890a9d4a25c0dc54e39f635d269ac6ded2e54ff00147818fa1aaf78b13c8248d99b0b8a582406d6e41ec98fd0d7d142b7347638aa53e57a339ed5232d7b24ad820e3f90adeb0472864620c61b0477e955a212cb1848d43639a6fda5e294210a108c938e6a69abcf60e7696e6cadd80046376d3f2e303a56f6b96f2cff000f34e08ca13ed44807feda579f5c5cca2e13ca546567f989ec335bb73aa91e1ab5b59bcb589252410a739cb7f89ae5cce9de3a23b309515f5676f7f672411379850f00f04fad7053287d4ee028c6263d7fde35d8f8af58bf8f4f961bc8608c32a9e013c6e1ee7d2b818d6e1ae64b88a30ca5f7939f7cd736064d4478e6ba1d26a0a53c3b6d9c7fadedff0002aaba3c617fd672771e9f4ac3d4aee478847b53706048c7b56de88f34d193668b245bc8663c10703d71ed5e9539ea7041e8635b4df67b5f168e76ba49c01ed27f8d61fc3c65935177504136edd7fde5ab57f3dd247e248c469b489564f503e7e9cfd6b17c1170d6604c02ed68d941233fc5edf4ad3a9939ea4772d69fd9f24b2c4ece080083db23deb3b47bb31cf71159968d2660b30201dc327eb8ea68d4cbc56ae401e5f1927eb54ac5589dd10ddbb05b3dab272bea249b9688bd7809bd9218fe5da01e7e82a55996460b082a4f4cd579ed1f6f9801de4f232315734f8f6480b64727f9574d18a9054972b5cc8b30cd2829bdb2a98ce0575be19b8b0750d2c323650ffe85f5ae46ec36f8d9067049e6b4f4db999a054da9c027f5a55e9732b1e961ebae55647d03f10f5ff0cdd7c2ad62dac74fbd899e48b05fa644b193fc67b0af9dd2dfed42f1a0c2a264b063db9ff0a3c47a94ed27d9e548d636404900e7a9f7f6ab5e12d42de0d135e8e4902c925b6d846d2771daff00e22bc7c2e11d1bb65626aa9ec6b7c25fdd788ee221d56d1bff00434af499356bab5945a3ca4c2e3732845e7f1ebd857957c2fd46d6cf5a9a6be94445ad5978524677afa67b0aeab55d634c37c930b9e5531f71b1d4fb52a979cad63555953823e8cf0e6afe1a9bc1934971a7de3c96da72990838c9f2ce71f3fb5733a36b16936a324f671cd1d9b47fbb8dc0dc0e4039e4f707bd78eeb3aac773e1db862cbb62b4728429e46ceff955cf86bad5945e17b36f3879db640cbb1b00798dedf4af2330cb9c95d1b612ba94ddcf5e86f524ba49600ea0023e603ae0d78c7c539a77f1ce84c1c6d1a9c85810391e6c75d0278b2ced6f126bf9e385d470044e460e476cf7cd713e3bd5ed353f12e8576b3031c578d26e5461c17439c1e7b52c0601d1a898ebcd347797c4fd9124cf05b1fceb84d386dd12712727cdedff0001aea5b59d2cdb2b1baea7fe79b7bfb571d67a869f1e8d3c5f683e7349955d8791f2fb7b1afa8a1a6878d59a6cd17f974d907f0bc278f6c5739328f2c2a0c107bd6c26a963359bc114fba5f2f66dd8c3e6c631d2b25d541c12449dc575f2de47318be24658e41e58206c1fccd77df057c0763e2fba315d5bc32e5ed97f793489feb0b67eefd2b82f10e1af936f30796373770727ff00ad57acb5192cd6d1ad0472140a4ef07b631e95c38a87333ae85a6ac75ff1c3c070f8335bb9b0b08ede158a68900496471868839e5f9ea6bcb5edd9ae55415e47afd6bbd8ecee3c4ee65963c3b0de444c1471f2ff00166921f054bf657678e7186ed2a7b54d26a9ad4c2b6124d9e79223c426048c1cf4a9f4e282dd5883920ff3ad1f13594ba7ca9105380cebf3107a63d28f0e690da849b8abe4a13f2b01d081debae9d4a7330961e68a92d95b792c891e263f75b71c0ff3cd761f0efc09aaf89a56b4b4b8b146768a31e73ba8f9f20745346a9e1d167a6cb7004de6a636867520e481fe354bc3fe264d0ee7ed36ad13dd5b3a3849518aef43900e31c647ad62bdf7b1afb2f6674be24f87dabf877549b40bcb8b0924b52a49864729f3286182541e8d5c247a684d266042fdf1fc47dabb56f18ddf8c2fa49b508ed6299c09196dd1940db851f789ed53f81f40f0cdfaf9bacea17b6ec2565c45d36ed041fb87b9359d4aae91d14e9aa8711a669c6e010bb014c6324ff9ed5b3a7f832f752909492d002bbbe6761d0e3b0af53f0df87bc0a62d5d5f59d48244b8420751f3f5fddfb5723e27bc83c3572f73e187fb68665881ba07ee95c93c6de770c5723ad2abd0d7d9c699d47c37f01e81ab4c92c9608c44ae9f34f20e899ec7debcfbe24e9563a76b97d6b6d079621b9b88c00ec40dad81d4d1e1bd4af23c46f144232e493839e9f5ac4f15b88a691db8f3da423fcfe35786c3cc589a902cf813431abea7244c232040cff3330e8ca3b7d6bd1edfe104d3dc2de27f6780995e67973d3e9ef5e37a55d7d9544d2ed58482aad827273edf435e91ae7c49d4754b57d2658ac05bce017648a40e083bb8cb63f8476a8ab0a91968149c1c4e17c4f697167aeded86f4cda5ccb08c723e56238c8c91c77acfb48676b96f39d586dedebc7b54924e5f519e58f0db662c78f735d0782bc4979e18d726d734f8ede5bab8b736ee93ab140a594e40041cfc83bfad74d37351d4c274e0de872dab44c6e94647dc1fccd677d958cc395fbdeb5deeab7f2eabfe9332a2baa8401010319cf7fad7a3780f5ad3ed6cade3beb81146b1c21c846240039e80d6129cd6b62a3864cf00fb33899b95e9eb5af3f866703ed4cd0144e08ded9fe5ef5ef7f10f51f095de85049a76ab3cd3b5ca96531300142b0cf283dab94d57c5d7767a54de1d923b65b5ba2267728c6404118c10718f9076f5ae79622abd12368e0217bb38ff00879a3dedd789b4e36b2c082def2dcb6f279f9c631c1f4af6ff00137c3dd53c539b78a7b012ab894996475180bb7f854f3c8ae73e0eeb365a76a13cda84c21b7796060e1198ec05893800f635bbf163e22682f2bdb68f7f1dcb24e870f6f28f97cb393c81dc8af3b110af27748f428aa515cace0f53f85f756fe12bcf1296b0f2ed2458c81349bf9641c0db8fe3ee7d6b8196c4cae55368f2ce1b24f3f4fcabbed1fc4da5de38b6d46e96189d8ee68e27c8c0c8ec7b8abde0dd77c3569a96ad16a1a8c90dbcb32ac0c22725972fcf0a70704761d6a28cf111dd30a9430f3dac797369b99085081bb9dc6a8cfa78128c05e9ea6bde35dd7fc0f1d927f666b53cf73e60de8f048005c1e7ee0ef8ef5896907846edc476faa5dbc67827610738cf74fa56ef1b523ba31fecb84b547935ae9fbae231f27df1dcfad6cc3a5b7da580f2feeff78fb57af0b0f0bdba5bca752bbc440372be98ff0062a96a5e20f0edcdcbe9779a8347a74244914a913ef67c743f29e3e66ec3a0ad29e22acf6444b034e1b9cc6a3f0c751b68cea124ba79f2801f2cb267938e9b71deba7d57e0a5eda7846db5b0fa60171606e8e2e262dfeac374db8cf3f4a44f8817fad6ab0f87de2b2fb2dd2967748dc382a0b704b63f8476f5ad3d17e254d73a91d2af3ec51c3a34cb6f114864dc555b6e58e4827083a01deb0af52b5fa9d14b0f0678ecde10bd7999124b50473cbb7f85625a68971f6f8e295e1652092031f43ed5f4fea1f1352c5ccf62f692bb10a4490498c63ea3d05794e89e35bbb5f07decb6696924cb7036abc6f83f701ee3b575e1ead471d4e6c5504b6382ba820b3c45b3e66cae4124647d6b5748d2259ac63ba8cc437e472c73d48f4f6aefb40d5fc2fa9c24eb5a94b6d34eaa6758627c2b303bc0f95ba1e9d7f1ad6d434ff8647498636f116a62112655bcb6c93cff00d32fad6752ac93d0586a17dcf3bd234b8eead1a76452cae5412c4761fe35f4c786745f04c1f0b6e2ebfb1ae3ed11688b25db899ff78e20249037e3ae7d3ad7cc926ab3d9e95343689148ccc180707ae47b8f4aa161a9dec82e1eee286351ce541e9ce7b9aeda319555a99d49469c8d1f156bb6767e27bb9b488a7b6b7608a88ca1881b173d49ee0f7ace9de1da6de24652dcf3d3fcf14d92fadd8644993fee9ab3791dbcd7c924323b304c01d077f6af530f4bd9a30ad5bda1705b81670c831948c31e7d85497712cba1c12b8c8693d79fe2a7131cb04316e3bd542803d702a4d444a9a3430cca163593208eb9f9bffaf5328b9c8b8cd42263ac82dfc536823c84f28923af386ad8f89badc92db786ed6dddd3e468e4dc8b83c463fc6b0c37daae92e24e368dbf2f4eff00e34be2748e56d250b1db9238ff00805635b09cd34cca556e737e2584eddcd824b8c9fc2abe961027cab83b8ff2ae8750d2edcc40a3ca4eef51e9f4aceb4d3a58576c08cf013966661907fce2bb20b929d8cef73aad3f4ef374f498ecf96256ea7d33512db2c93323007033d4d741e1fba7b3d1dadc85fdfdbaa72327ee91c63eb59979645e7678c3331c64646318ae7a555c6468a9dca1771c49a9450c6a577267afd7fc2ae7c3eb313eaba9870a42ce9dc8fe27a4d474f90dd2ccaac5d53006e18eff00e353f8122d4defb504fb32604a817e61cf2def538e6f92e8e8a166ec45e3bd245adfcb7910452ee89f7893f73dfe957e1d3e2b5d2e58820dc5f70c3123b7f8533e210b886c512ea358c09d7a1cf3b5bd0d4dac47a8d91f2b51b74854a8624302719e3a13dc579f42ed1dae292b98525dfd87ed0916e512643e0039c67d7ea6a8e977b13ea521955d97cbe06075e2b0fc477f14f2cf144e18c6d22e3691fe7a552f0f5fc56f215b97084211f749ee3d2ba2ae179e072cb13c8cfa1bc79aadcdbcbf6cb594c7e5c2a39504e4b11dfeb563c1be2abe96068e59e46322c6bfead3b835e73e3af1259dd69f2ada4c926510731b0e77e7bd45e04d522623cf755dbe5630a7debc9865503a162ee8f757d52536891c8ec543670147bd711e329dae6c65724921147231fc55526d6d22998dbb46fdbe656aafac5c09b44b8ba62032155000e3ef0ff1aedc3609425a194eaa918d0298cab8c6ee08358cd7375378aef217941558810303d13dbdeb56da79a55f9d542003047a5629653e28bb119ddfbb1d7e8b5edfb3f74e49b39ab89a5fb048b03edc91d40f515a3a55e5cc9a16a2b24bbbcab5c7dd1fdd6ff0aa4f2b358490e065883fcaaee8c4c7a3eaad71f26db7cc78e73856ebfa5271b19a7731adecc5de9b14cc14ee27a923a123b558492f93c27792cd32b1128e807aa7b55cd2f57806930a49228209e8adea6ab5cc8a9e13bc5cff00cb453d3dd2a4bd8c0b5bdbd8eea1293001dd73f28f5fa57a5584867f0ddabdc1de4bb7b7f135793d91437f1b163feb41fd6bd574a653e19b4da73f3b7fe84d5a45d887a991f6781ee51153a8ee4fbd178b1c30bb053fbb5278f614fd3bca92659371e091fa566f892fc6f5894a9c175e87daa710f4d0d69ad0c99a7fb45cbb8cf207515d4786337b01918e4890af3c761e9f5ae444b1f576c7d05759e019239adca86f9cccd8007fb22b8e09b66906933b4b66487c3baa820e45a3631ec8d5e35accf19be9249158838e9f415ee6c817c2fab019ff008f27ddedf235780ebf215bc911305415c67fddad5d3b975aa591eaff000cd7668734d1f016e987bfdd5a8b5089a7b9bd3290ca5df8e9c126a6f874ca3c1f78623b93ed6724faed8e9f0dc297bd1110cd921810783cd7975a0f98f4284fdc35fc176f10b38e255c20462064ff007ab86d29167be8e2ba1e646d9c81c763e9ef5df68e4ae930c87ef1dc08edf78d79fe9b237dba39401b97207a7435c8a2f999d7524b951a515ce83f6cfb1456570b2993cac93f2eece33f7ba66a6fb05a45a9cbe64595da30031ebc7bd6041348de228f6aa91f6b1bfdbe7adad7e6f2ae9ddb0149001ff80d5b566669a689ef74eb69bc3b73a8d94422489d508763bb395fa8ee2baff805a5e9d7b3ea725edb995606b76601d81232f9c608f4ae0ece412783af594e7f7e07ea9597617cd6de64906d6298693703c633ff00d7aceb425562e2829d4e467b47c4fb0b487529a5b08bc9b5322044662587eef9ea4f7cf7af3cb7d21ef3c436d72be584442a433107a37f8d47a378a2eb5a41a3ba5bf950299814460d9ce3924e31f31ad8b7d7adcea91470c88d21538051b9e0d70430d5e833a1d58cd1cdeb7ba1bb960438c3ba1fc0e2b3e085de43b0a86c724d59f128dfa93cebc9333bbfa0f9b34cd3121b898ef761f293c7d4577d38b514d9839a8977c3231e2db258f81b5fff00406af73b89e43e17f2c373f622bd07f72bc3bc29b4f8dac149ea8fff00a03d7bd5e145f0c6dcf5b223ff001caf9fcee528d78dbb7eacf572e568b6790ea52dd4574e3cd18e3a01e9f4a75f6a724ba5cc6e199df2002140e322a0f15491226d0dc89076ff0064d2eb1244c7644c58151dbdebb30f87f6908cac678ba924dd8e38b9fed7427fe5a5c7cbff007d574b6b117ba64970c817207bf15caddb22eaa986e7cf3ffa156e58ce52e18be02ede0e3e95eb54bfb348f3613d7535f478d2580aaae0173d4fb0af4f5d012d34bd1ee36c78b8851ce1d893f2a9feb5e49a2dc451466de56da59cb7427b7ff5abd32f3c4b62ba1e97159ce923416c1660d1bfca42afd33d0f4af9dcc29d472d0f4b08e2dfbc7ad781fc276179a44174f6f192eafd657078723b7d2a9f882f1b43be4da482230ff200dd491deb82d13e212e9ba642dbed71f32fcd0c87ab13d8d615cf8ad2f46647841c63e58dc7bd7055c34dc5681c8d4e4dcb43b5f18f8db56f26ced5ef24305cabc7b7c98fee90a304e33d0d796789a563a84a603b64cae491db68ff00eb55df15df87934631952189ec7fd8ae73599d5b53977103a741fec8af4b01857ca9c8c6b4e1085a08cabf85e7d1a7b9cae1582f3d7a8ff1ae534b84beb909e3e4b95cff00df55d35ccd2c1a3cf0b2a8dcc0f3f51fe15cfe8f3d826aa64ba9da3fdfa9e149fe2e7b57d2e1a1cb0763cd9544e573bab711c976f115390b9fe55a3aa787a3d175d82d36460bc5e67c8ec473b877fa551b3d6f438bee5eb1e31cc6debfeed74be22d422b9d7ade457040871c291ddabc6c54aa424cec8352b1ce594725bea8c85976cd38181e9bbffaf595e31b448f569e40a30594753fdc15e9de01f0fdeeb77d7260819c2cb1e36c8abf78b63afd2a6f893e059ec419eea2b88f74c8bfeb508cec3e9f4ac28e21c657675ca3071e5bea78c1d90c662704e79e3fcfb532de20f2f41b4b0e3dab52eec6da1b7695249095c753c75fa556b4c452ab4876a33039f6af5a9cf9a1a33ccad05639ed77116a12ac4369057ff4115d778774b5d4acdee19508590a7ccc41e80f6fad731e20db26af39b43e67ddebc71b47d2bd1fc3971159e853ddc4d948e6e4b03d4851fd6ab1adc6946c2c2524ef7391f1a68b7165140dbe1f2e4590801893818f51ef589a2d8c24077404953fc47d6bd3fc4f33eb8ba4a20560808f93e5fbdb3d7e95d5f853e1b6a575a6437f1daced1ca180613c401c311d0f3dab896612a7492b1b4f0b0e6b9e2e3490ca4e13fefa359fa95a790f101b7a9e84f6c57a8ea9e1e92ce0645490ca4065567539e7ff00d7585e32f08dd58ff614b6f0cad36a196daf226371d9803a6396ef5b61f17ccecc9ab85b238b861de3b55ab78965901619edd6bb7d23c19a9dbb7daf55b592de0752aacb321cb67a60127a035d1c3f0eb504b37bb8eda730a36198cf1f078edd7b8a55b18a2ce7584b9e49f6087edd0a941896503ef1f51fe35a9ad69369069b1911007ccc70ede86b6755d326d2f54889460c2638dcc0f2ac3d29b7ebf6890cedc48c4640e9d31fd29bc65e299afd52c72f0e8c8577aaa0c1c7de6ad5d13436bdb95b75f2b25d13e66207271dabd63c1df0ea5d6f48975568eeb7c33988049a30b8c29e41e73f352d8187c35aeab5c318dad6e8150ff364c6ddf6fd2b82be6152db1a2c146fa3b9816bf0cee7eccb2eeb1c3647fae93d7e9593a26826def2348fca0e4920ee623a57bc5c7c43bc9f4a8ae204b2785dfe56f29c67a8e9bbd8d79d68cb1dc5d24d03170a4afa738f7fad704b1d53a9dd86c32fb51b1cf6936da1c17d770ebd652ddcb2ca16d5a27202364824fccbeabebd2bb1f08cd0e8ba9c93592b456e6128883e6232549ebee0f7aaf368b135fc7348d28632ee0030c6739f4adb9aca41611c614ec0dc1c8cf7ae0c4e2dcb667a2b0d03c0aeb5b481b67d854e467efe3fa5567d68323a8b711f9808e24f5fc2b26e2c35795c3c97501c0c7f9f96a65d1f5078d58cf07ca33d4ff857eb18748fcf23294d1a506a02dedd65207391cbe3bfff005aa84d773cae16dede49e4238442589fc8563f8865bbb3b6589a553b6403e500f504fa5697c30f10e93a77882d751f12db5d5ed844f20963b7003b03190b8f997a3107a8fe95d137186a73c94af633b56babb52a019a275ddb9031054fa1fa5553ac5efd8d217fb44bb4e79949f5edf8d6df8b755f0e5f6ab7b77a5585dc104b3cb246b29f982b312a0fcc7903deb9db5961172d3caacd6ccb8441f781e3fc0f7ac6528d55666b1e682b9e91e2cbed46ca26835286e848c8ac3ed0cca76eef461d320d64d96a73431ee6b690a48011962063f2f7a93c55e235f145d2dccfe73858845f3a2a9e096fe1fad656a9abd9db5bdac222980542a7001e800f5ae6a141462cb956737a9a69746eae9cadb1c119e39f41e95d6687a26a773e1cb94d285e4ee66e24b6899883f2923e5f6fe75c97832ff4fbdbb68d609830899896e07de03b1f7af43f0978d6dbc37a6c9616cb751cd24c655648d19464283f78fa29ed58b9b8c8db93dd3c83549af6cafb55d3eee3b8492496486469495390581241efcf22a1f07288b559609184b02c276eefbb9dcbd3b7735de6abff0008fea7aadd5fea7633cf25ccef3310c5492cc4b70180e735a9e1ad1bc1724e5a3d1e7198cf599fd47fb75a46abb910a2a470be2cb2b483c3975b5602ff0021042007efad66782ac16e04c4c61c0f2ffe59e719cd757f16b473a3a3593f964bc0927c8c48ff0058477fa563781aeedec6daebcc4725923dbb79c6037a9f7ab69a89d187508cb52edde9f6f0312cb11e71b4a018e2b20d965728ff0092d6ddeccb73fbfc1d8c7807af4c573df6a9e19029938233c015b616a3163a1096c4d1c210e2561ff02156e07862fba633c7622b12feea72536be339ec2ae69905c4f12b1743907afd7e95b3ab7918d1b4223fc7b00b5be48c10d9814eec631f31acab3b85b6b4954956334781f3631c1ff1ab1e29ba9ee9bcdb9937b08c2e70071b8fa7d6b2ed8c4b6b37da94bbb27fa315fe0383d7a7b7af4a88c798ce5235fc23730c1aacb2dc3c7b0c240123003395f5fa5696a9a80b7b8589adf7b14c8cb60f53eded5cde82b12dcb36a0a668f61c04e0e7239eddb35d1f886fb46baba57b5b4b84944602b39e9c9cff0011ed513a7186b63552e749134b713cb6f0aacb218a44c488189555207047a75ad0b6fb65b69917d8ad2768b242b42a429e4e7181eb59b7b7da77d86ce1d3e09a19cc5b6e19f90ed8032393c673e9d6abc7e28d434b41652dc39b68fee22448704f3d48cf735c5557b4d8b4fd933acbcb79a2945bea51490965cf9970a4103b7deed915ce7880456f736ad1dc24eaaec7e52308011f5c7ff5aa4d7bc5f2f88661706498a2a08c878d14f049edf5ac6bab88e64daaad900839aaa745b91352bdd1bf06ad1fd911502cef939412648193cff9f5acb4ba8e53b729103df774ac6b5b86b5bc7d8483b71c0cfa7ad686af6bfd9d7c9632ed32491f980a1257193ebf435e853c3b4ee79f2a97669d8c129ba8e2d3cbdfcf3baa88e00598313c2e0649249c0ad73a36b11de3c7aa69b7fa610396b981d39e303e6039c73f8573be19d4e7d27558afec646865b49e398b6d0df32364100e476ae9fc49e3fd57c453335dddcb2b965725a08d7a2edfe11e944d4a321a77386bf6babbb959152650176f963273d79ff3e95a9a5f85757b9b59aee6b8beb48d104918781f120c13c12471c0fcea2d3eeed84ea658e46393d3e9f5ae88789afe316e2e6e1df4d8302485634dc6118ca838ce768c75fc6b96ac9dcecc3fb83fc03a97f616ad2adfcbe6c62dd9009e4d832594f7cf3d6b7f4af16595c59bac925bc64be30d723d05701e22d6f43d4350966d3aceea1858a955931918500ff11ef586d360ff00a3e517d0fad0a83a8875318a2ce83c59791deea27cb646512c9cabee1824568f85e48ed225612267630c6ec7f1571f6d796ffbc12a48ce3b81df9f7ab56fab4500fbb2e318e00ff1aaa784944978b8b47a178cb56b51a3cf0dbdcc334cc10aaa4c0b1f9c74039ae00c36adf3bde431c92f254919c9edd793cd41a8cb33dda3c2fb404c723bf35526b5918899d94b0f981cf7eb5d14ed132a9539f637f489534fb869239d64250ae15b1dc1fe952dbf891acc6dc1439ce3cfdbede958768931f9b7ae48a9e7b28a39d45f2095b1c1427a73f4a9ab4a3502955e43a5d3bc673c42611da4ac9263cc65b838c73c9e3dcd4baeea116afa141e44c904de76e609206600061ce3071d2b91b55923baf22360229dc205ff006738c1fc0d6fe976b6b15dbc0f112553b31c751efef452c2c223a95dcca9a4eb0f0b8d3e589834a4b899a4c1518e98c7b7af7aadab5cf9d232b4be760b0197cedab3e2286cede5171044c851060e49ea48ee7deb07ed1092cfb1fd5bdeba69b8a472d48c9b2f42636b758a491028e46e3c576dad78467d33528cdb5c49a8c423dcd24701da09246dc8279e87f1ae01ae6cae2d521821916e14ee666e8473efee3b56cb78ff005d3fe8897f202fcf30478fe5ed50e3093d4d529463a1a7a8e88b0c0f726e042db59d93cbc1240ce0f355343b6b5964325c6a50c2850e048463391ea6b3ef3c457574123ba99e4df957fdda8ce7af4ad9f087871bc4f72d6361e4c6c9119bf7eec060301d81e72d59d6e4822a92948cab8b9139d89742d811d9ff005ed469371770477c24d62775c7eef74a7007cdd39fa563ea5637da6dea417b3452164dff00bbe98e47a0f4ae83c1be1cbdf11596a925acb6e82ca352de6b30ea1b18c03fddef58a7068d7da49228c7aadf890c6d35ccf101c66562b9f5fe75b9078ae21a54ba7dee8e971772bee4ba9a406445e3e5195ce383dfb9ac2bab5974bbb7b39d919e3c64a723900f7c7ad77b6be0eb49fe1dea5e22b88627bcb5b958a3944ae0aa9318c6d1f29fbe7afad617a7196c6d09ce51673b1eb6f0dace166684c89fbb513631c1c01f9d61bde5dbced71234f396e086724fd7f4aedfc15e12b3d722bd9aea08e4166a8c374aea4677138dbd7eef7aeffe177c3ef0a6abe28b9b3d534a1716e968d22a0b89570db90672181e84d6188c653874150a152727a9e0b0cd731212ad2b2e799431c2fb67fcf5ab7a643a95fadccd6a97731b7019846acf9ea4671d3a575d6de1cb25f869aa6a8f021921b9540c246c805a21d3a7f1565f827525d185fc6fbc8bcd822d801c63775cff00bc3d6aa8ca15b4489942549ddb285c473ff6644f712cb67397c324990e3ae339c1e9835df686da75b69b2431cb6b348d26e12a95caf038fd3d7bd711e26135d4ed70eea62765da0f072171dbe86a0f0feab8956052e37313f747a7ff005a956cbdc8eca38eb2b1e83ab4cda6cb64e2737d0dc9cc8377cb02fcbd7a8c609f4e95caeaf3457be23ba5b7645876ab2f96c0afdd50718e3ae6b4b4b3732457716ab22dc4770bb6cc20c7960e47cd803d57d7a1aa561a415d727823f2d76c79fbc71fc3fe35d186c1a82d4e7c462799e84b15a5d58eb10481e64655244bb4a95c823aff009eb59da6f9d36b97b8b8921df73f3cb93ce58fcc4feb5d2f8b249b4fd4e3b6ba70e5a10ff20e3196fa7a572bab5d476d3c12d906895d8b5c82325c6474ce71d5bd3ad635b0adb1d3c438f53a3d64dbe97a6c571fdaf15fc8d26c31798015e09ddd4fa7eb5e7ff68b830b4d6f34a96ea70d0a31d8c7d4e38cf4edd856d5feada1dcd8469f63b9fb487cbb9e8473fed7d3b560a5cdbc1a5cb6c237f31dc3023a76f7f6ada9609f299d6c55cea74cbdb48a3b392410e7085d5980ddd320d6c5eebd06a118d3a1d2a38d223e609d1810ded80bfed7af6af3fdb3dd1b54b77543c03bbdf1f5ae8ac639f4d855ee9d5c1cafc9cf24e7b814d656e5a99d3c7f29bbe289e08f291584480a03f2803f8be95cb2ccce972325320f19fad696b77e6e8fc8587ca07cc07ad6508655491cb2fcc335bd1c3fb247355aaea488e2678e15c42d31fa56f7dbedbed0b711a4455460aab0c1ebfe358fa5acd2cc63575185279fa8aa881c21f28854cf20fad74c15d193972b47591ea2a4ee16a013cafcdd7e9c5173ab3ce82d64b5650877659f3fa63deabdb3db4b65018e3612431aef27b9c76e7daabddc800f38e72c7159a8f2c8e9e6e688b09b75d32571771060fc0dc33dbde9b7d3aca6c3043ecc739cff0076b142ee859138527a1a9e3980091f3b97033ef4d54d4c1b3796e62de50c48f81dc8acab57c426dc4f9dcd9dfbba7f9c5568ee265be9373e46dec07b5342b35ea25b109191c86f5e7ffad5535740a763d0bc2d3d9456ad3cf35bdc1b6447f29d87cd80495e738ce315abaf6bda3ea1a140b6b63616375e76e731c89bf6e1860e0038e87f2af3b824782193ca3b70bfbee33bb19e9fafa55679db1e7a9215b81c73fe78ae3f6576742aba1b734a81b035857e3af9bffd7a8f47d71f4e9aed15d9bcd603cd136ddb827e6fd735ce2bc72c465814a8071f375cff009355e36964791430c0383915b4a97b48d9930ace2ce8b5bbfbabe264134da86581f284864db818dddfe9f8d43a8ebd7b7c0bdc4b70e7017e798b719cf7aa9a0dc7917af1ae4308ce4e38ea2aa5ec7246d80cb8c6694706a0ae68f16de863ea4034d248ac012cccd8feb4693246929924b64941523e61eff4a8c1dd71345273bdca8fccd685858311e547b06d04f24fad54aca36212e7d4b9ad4e2e74d95a25087e51f29cff0010abde0ad48e9f2c7e6d91b90cd16771c74fc0f5ac531cf25abc71ba8c9eff00854fa426a0a266f3e3c4583d3d33eded51470f72de87a4dc78b2cfcc2bfd8702e3bf983ff89ac3d775d9e7f0fdc982391572a08494919dcbe82b9b96ee7277c92649f6149abde496fa54d6f0b150d86e808ea3fc2afd972b23da1bf63e22f2ec618cd9ee6312ab132f39c77e2aaa6ae83559a7fb32866400fcfcf6ef8f6ae4b4bd6e24b8586ed6590b3aa8daa31d707b8ad5d4a58553ed302328760067af4ffeb55ca65735c834ad4313aac96be6024fde3edf4abf69aa2a2dfdafd944ab740c63e6e22cee1d31efedd2b998eecc5f3a9231ec2b4e5b886da082e511c19177ca7aeee01fea68946e28bb134060b698c2e91b051d0e075e7a543279c3c3b72b2ef19907decfaad579ae23bb1f6989594b9fe2ebc71fd2aeea53a4fa44f146186e23afd4538534c99d4673101517698703120efef5ea3a34ca9e14b36dc0fcec3aff00b4d5e75168f3644dba2e70df78fd7d2bd1fc3da7493784ac81287e673d4ff7daa6a46c109dccdd66fe0b48d8411440ed046c603be3b0ae32e6ea5b8bb6760f8de4f2c4f535dfea7e197b87017c81f281cbb7afd2b066f08df9ba11c735aa867dbcbb7aff00bb52a3cdb9ac6764736d302e41c0fc6b4fc33ab7f666a11027e5cb31064da39522b70fc3dd476095a5b139e3fd63ff00f1354dbc0ba9b5b35e89ecb119dbfeb1f3dbfd9f7aca50511426dc8f4d6bd597c1d76f110e6e34f24ed7cedcc67f3eb5e0bacf98ba94aad1bb018e48f615eb1e168b521e1dd62da6b88985bda044c0e0611c7a73d057037fa55d4f3b399222e719249f4fa5541dd1ad4574763f0daee687c25770340ec1aecb6e24f1f2a7b7b554b6d4443aaddc6ce0f9b39500c98c7cc7fc6a5f0b99ec3c157c65706417390546783e58ef5926ca45d421bc9ca32cb2894609ce320ff5ae29c2f23b294ed03beb4bc48b4d88bceaa32460be3b9ae5916ce01e6b5fdba15fe12c07f5abfa9bdbae8704a23600cb8ffd0bdeb907681b9ba46917b81c564e8ab9aceb3e546858ca91eae5e265b9f32e011b4e76fcdf8fad5df12cf24c4c663688870724ff00b3553c3d05bfdba1f22328649536e49e39e335a7afc257549a19f0c5769e3a7dd15cf521699ad39dd1069f71f66f0bdd69b2c589e5983aee386c7c9d07523e535916d6d3cf1de8b7591c807708d49c75eb8a9acee9e5ba49b502662b91f28038c71d31dcd49e1d6bd9eef563a5ccb022c99904801c8cbe31c1f7ad553e5f7991cd725f06d85cda5fbdc4de6c3ba12bf3a15fe21dcfd28d36ef1e28b49d86d8d518105b8fbadfe34dbabdd5ada43f68ba474e000a83ae3e95942e0c27cd9093b7d056aa51a9d08759c076a3793c9af4e04b2344d74dfc64aaa96fe58ad5d3ee96dae5be40ebb701b7601e959d6af632457123c3219197721cf4273cf5a206f310449c38e493d2b0ab15b22a33e7d4e93c3573143e25b4bc250ac6181cb0039561d7f1af50bbf1bd8be8925b04b7dcb6c53fe3e9739db8e98af1086e858c83cddcddfe503e9564ea769e5b318a5cb8cf41fe35c3532d58a9733e875d1c64a14dd8bfadea82eefa4e42a6411fbcc8e82a7b8d5a3f2cb009211e925731a8caad6ab3c20aee7c73f8ff0085570f7304eb0cb206dc377ca3ff00aded5d74f0ca9c7951cd531556725a93dfdc31bf49c4470252f8cfb835d669134373a74523471a31ce49c13d48ae359cb0724f0b56b4bd466da2d6272bb013ca8c75ff00ebd5ba57442a8d4f53b668ad62904a6684951f77819a7cf978d648ae8aaa8c9456e187a75ac68f56d256c645bcb6b892eb77c8eb8c05e38fbc3dfb527da662f6f25bbecb7620ba1032538e3eb8cf7ae39d25396c763c45b58936a1ae3f962c3ecad1889b779be663771d318f7f5ed4cbed6ccd2048603002bd524ff0158de239f75dc861caaee5c023fd9aad78d3c2776f1c0ec2ae5838e9a1153132b6e741aa6a933c5647ed123185738f34923a7e5d2b2e6d42fa6ba797c9b970c073b98fa7b5634f75723693270791f28ab36b7d7862511cc075eaa3d7e95b53c1a844c218877b4892ea4d496758654bb2acb921b763bf6fc2b2e4526762728c18e7d7ad6c9bcbdb9d522134c181523ee81ebe82b26e0335edc02471237f335d31872a329772f59a9112b19c9ce7bfbd775adf99697884df339f2c1ceec7723d6b84b68d85aa723bff003adef14dd5cc6a679a4dc55147007f7bff00af5c15a97b4958d695668eefc01e3c9341bc255da406488b8179b3ee93d783eb5d0788fe22c7e24d4e68266482305641bef7cc190a074207a9af03b59ee144b389061be71c0cf7353457af8f3831dedc1381fe7b573d4cb5743a562cf62f893ad68375a74d0e97a569b03b46986b664c821f27eea8ed5e7eb6d71f6492e48959523de1769c6319c66aa69f70d736ec65259f7601c638e3d2997f7dacdb5bc91ade20b77461b02293b71d3eefa5552c2ca1a04a778985a85dbc97d210ad09e390dec2baf3a9c49e1abab7178913b48088c4a013caf38fc3f4ae09a46b8ba7507f798c927a76ab016796650eea4e2bd19d05349339218870675da3eb9259dcc12bced70a8e8c10cdc601e9debdbbc33f152da0f0b59db848627567ca7dbc291f3b1e98f7af99ae64f25a18e3c872719ed9e2ae45792c118323127a700571e232e8c8e9a58cbbd4effc45e2c33eab14b1dcfca2200c6b7590796ff1fd296cf56b8d72e6d65bcbd96dd34e756816598b07191c2e718fb83a67a8af2eb9b890386ddfbc0383815d068be23d3120115cdbdd3cb1aaae554632073fc55a53cad2682a63ae7ab6a9e2ac69515abc79449322633f0c79e3a7bfaf6af40d3bc771c9e1fb8b13a320324b9dfe7f4c6d3d36fb57cd9aa788e1ba5fb2c4275891832ab22f1c7ae7debb7b3f1d688da5ca90dadface5fe5628b81d3fdafad71e3b2d9292b174b17196e43e37d5cdc5fdc4a9015f26599b687cf7ce3a71d2b9db6d6da48c3b4279fe13274fd2b3b55d5e6b9b9bd915d846eee705467049acfb69ca442524ec3c00073d6b7865abd92ba1d5c6a47a4f873e236aba7e9d25a43757aa8f297212fd946703b0fa557d63c5735f1dfe4c934adb893e79662c7f0eb9ae0239c28dd16554750477a62ea53433ac91b95dad93f283d0d11c0539f433faf25b1ea9a778d7c8f0fdb69f7365e53c4cc4b4971b49cb31c60afbd6ae83e26b568898a28631bcf2b30f41ed5e3efad4174e4ddacd21ebc281cfe069fa5788edadac5d024e1cbe410abe83deb8f1193a927ca8e8a7984bb9f41cde28b4b2fb0dc3dac17238760661db079383d6ae6abf11b49bbd3228a0d3ac609049b8ecbb5ce39f451ea2be79bdf1a3496eb16fb8c042abfbb4e38aca8357d426b86686e36a91c0645f6f6ae5a7c3d29ee6cf1a9eac78b725c5d3020a7cbd78ff003cd3ade4569c6f38c30c63eb5b9e27b34d3ac25bc5db88d57f72176eecb019fd7d3b565c76a935ac57b148a08412b46a33db3826bec68d5d0f9d8d151463f886f923b974dcb80c3b1feed55b0b44bad36516c59d4be339039e3d69de21b74949baf3543bb8061c72bc75fd3d3bd6bf85e1853c3572a1e3f38dc65781bb184e9dfd6ba2552f1223865391cfcd05d31585e20163f94608ce3a7ad57b9558ff0070c482a73fe7f3af57d0b41b2bbb71248d6fb822336e88139239cf35c37c42b1b7b4d6ae2281a2f9593ee281d501ed5cd46a7bc69570aa069f85e2b74ba432c8eabb9b27fe03f4a77c466d30c7a7886e6467024c82a7afcbed5d9697a2d9450993ccb76218fcbe58e781ef5c37c4e5612db2c5645155a51bd57823e5e7a5614f112ab53948ab4b93525f0fda68d71a341fda1773c23e63f20efb8e3f84f6a8f56d3fc1d07fc7ceab7a936d055769208cfb27d6b174cd51ecf4d897ec6d7441236eef7273d0d5abd10dc38711c773818ce037e15df4b0a9bbb39a759a4548ca5b5c18accf996d72db43bfde299e0f6e707d2baaf0fc765611ace267deca5486191d7d87b5723784fda6d36446258df900607515b17939feca8591fcb3e6750df5a72842120a351b2cea7acb244cb65e5cbc03f329eb9fc3b55ad29e6bfd2ef5e745531c19f938eaa73fcab9a476660862233deb77c328ed05fc6276f9d42edcfb3718ad2a41584a6ee734618bfb5a6dccc3e51fc8576af35d5d7eead2349266fbaa78cf73d4fa571d756d2a789aea1f9f0b1a9ced3e8b5d8ff6cd8b4ebe425b40b8ff005c92280a7ea07e1d7bd5d28a5162739339cd6b50beb099629218559d995c1e704100e307deb62cb53d45fc3b6c2de081cef6ebc7196f7ae675995ef6fe7660c56395ca393b83827a8fcbf5a9ad6591f4f8ad56f5ad8a12dc3e3b9e3191eb5ceadce2f6ad1a7aeccf75a5cd77385574daa02f4c6e1fe35cd3dd2471eddc3120c1e0d696adabadd5abc71db048c819daf919ce7d2b165526325a22011f2923f956b7e41d27ed09eca686de43711be4b2edf981c7f9e2b425b93f6a463b7217d3eb58506e53f70b0c74c55b9e63238993ee28c120f1f9fe349c9cf4138f24ae6f58eaf73a6dc47796e913189d653bc123e5391d08a4d5351bbf156a935cdd4712f9803fee415195017f889ac8b4b95f2a60e03e578cb74eb5269d2b2cecc84c49b7820e075149511d4ad7459b8b0cc2d2e1b8e3a8a8e1b29ca911c7bb70eec290ea325c466148986ef46cfbfa54b6978d0b859095e40f99b15df470e91c752ab635b47bc9d444d0918e7875ff001f7aaefa6327ef99586dff006855dd62f668edd6e209a41b9c0f91c8ec7b8fa567d9eba5bf72f6a64dc73f3499edf4a2b42c670bb6323b65690f2dd7d6acc363024a6677906e18ea3fc3dab2f51bc79253e52b41f31fbad52692d7134c51a795f084e0927b8ae54ec74aa6cd3b88d23437aa4968f819e9cf1fd6a64d467bd80473246a91aed52a0e4823bf3ed5981e5560d297283ac4c4e1bdff00cfa559b4d2ef75262d67f6840841658a32d9cf41c7d2a7dde460d4f989a76852dd56e1ca421be5603249e7ff00af5563d4ade243b64079eea68d4f4abf8c9b694dcee4209568d811c7a7e3545747bc2388ae0ffdb2353094794b9c24ec69c3a999721761ff00809a496e8ee39dbf91a34ed16f803fe8b707a7fcb16ab12e89a83b9c5add0fa40d4e32412a72e529cf7b046840719ebca9a8a50c5526806e2c3773d3d6b522f0fde2aed92c67939fbcd6e78ae97e1e697a70d5fcbd5e4b544fb442152e9140c6e3b800c7e99a9a951c762a9d138859efcc6163823320ea33dbf3a9e192f661e4bc28371ec7ff00af5e89e3bd13496f115d2e993d8c10029b4dbc6a17ee0c81b4e3ad60c9a7daa5c2b2dcc2a00eca07afbd4d3a9296e5ca91cedb5b9794abe415603835d8f86fc29737f12cf1452b0753d2441d1b1deb2a0b0b58ee2490ea309cbeedbc7af4eb5d9683e2b8744d3e2852ca3ba2a1972260b9cb13e869559ce2b42e953459f0d7c3ed33c4164faa4d35f096294c20452205c000f20a939f98d798f886c56df5ed4b4fcbf976b752c2a491b8856239f7e2bd0b4bf1fcde1ed325b3874792e51e4f34cab7050293818fba7d3d7bd71725fb5feab7f7c34b32b5cced294fbc54b3138ce39eb58e12736f50c5c35d0c9b7b387604dcf81ef5f4ff008cbc13a56afe1fb9bb3717bbd0246023a81f7c1eebef5f3c3c77122ee4d2658893f744678fd2ba397c57e28485adc5c6b3244dcb0fb4c9b73ee3f015388a7394d1bd26953327558dad35d8ed211b92d2e8c7963ce158019fcbb57acfc01bf8ecbc6f7b7774c2357d39d01da48cf9917a7d2bc9648aee791ee248e7124a4b966525813ce73eb525943abdbca67b6d66fad1d9769f2ddd4e3d3861e95a54c1c9c1110aa931df131a39f598a60c7cb5b65048ff007dbfc6b4be18ea363a769bad2cd3ec69a141182a4ee2049e83dc5731add9dd1045d5dcd9da39941ce33ee6ae58e9aeb69134574ca0c6a5b6afdee3bf357f52d0c258997627d6a582eefa4995c92d8e830380077aea2cfc5ba6c5f0eb52d01ae5035cdcaca0794fbb8319e0e31fc15cb49a5b98c38b86c93d027ff5e95b4df9c308be50391e5f15a430489facc8dbd1fc5d63a5e9d776b14f19373088f0f1393c0238c7d6aff80be23cbe1ad6a6bd8fec677db98bf7b0c8c39653fc247f76b9986c2024b3dac676f23318a4fb3446e1bfd0902e383e58c7f2acea65e996b15344b0f8e7505f08de7863cab3f26f2612b1f2df7e4143c1dd8c7c83a8f5ac7b69e5b70e42ae66eb9ff3ef516909034aa8cb1c8e49c31009e95b090a3aba98146d1804ad7461b0b1a7a98d5ab29145af75396216cb6f09890ee56ee7f5f7355ed62bab69415887193c91e9f5ad78e18f688cbac6473b88c67da9d2f96adb86c618aeca9522b439973142d4dd3cecd2c6aa0303c1f7fad4c63966bc758903719eb8f4a96e66885b388c22bec3f748ce7159da2ddcb06a123cc1d94c78f9d8819c8f5a9a6e2ca7cc5d4859641f6705fea6ac4962b3a0fb5978c63f848efd7d6ad48f6bbbf71342e71fc0c3fa5569e46e32c71ee6a9f28f5231a469aabf24f704fb91fe1506aba369cb68eab3dc13c7523d7e9533dcec5e137fd0d56ba94ca8479a4ffc0b34ae886992dae9d6a2de20924a76a0ea47a7d2acfd9555060b7e7542395e38b1b98fcbc734d3792ed0bf3f1fed1a7ce90940d16b6849cee7a65cac71db481589ca1ebf4acd6b995beebbfe0c69ad34a46d62e73c724d4b9a2d40b560418941f43fcead6200bf2bb1aca47743b406e3d0d3bcd9907cd149f8e6a39c52a6d97c088b7de3d6a2bb0bfc249e6a983732b7c91cbd7b64d585b5ba65cb2cdf8a9a9750b85361a72c7b774ac570c7a7d2a767b604ed909fc3ff00ad51436f349fbb092267fd935a8da04c967e71673ba3ddcc27d33eb59fb56f7345876ccb0f0b4a72e7a7a5366559641164fcc3b56869fa34b2b6e21c02a7fe5913deaedb787e416cc2491d5f7712345c81c7bd4ba91ea6d1c1b31ae2502148908211769cf6a8bcd1340b013f2a9c8c75ff003cd6d5ce8ffbb2aad92a082447cb5374fd201e1fe5383d63f7ac1e22312d611a318b830b203f313c0a448d631c13f3fdecf6ae8869886412790aa0718f2aa4874747ba857e52247031e57ddc9a238c52d0b7836730f24718d9bbe51d0e29659a196d9e12fc31ec0e7b576ba878763889516aaf823e616fd78ac5b9d3204b2926558fe523a463d457429a918cb0ee273696360df7e69413e9ff00eaab0d6f62b6cb0acd21da73cfe3ed5a91e988e118baae707ee541aa69de4441d1b76580e13d8d0e064db899ff0061b15b5710cd2b73dff0f6a79951a01113fead768e3dbffad562d7489cfee7ce90b31c8f90e7f2cfb55e8fc38fc335c30c72c0c5fcf9ab8ab09cb9cc068830dcb924d57d644379a8473072711ede38ee7d7eb5d4c3a7c50dd3a36c9142f19418ed58cfa19f3011779e3b27ff005e870e60548e5d2c5e3d4639155883303c91eb5d06a8d249a5c502282564cff3ff001ab96ba209bccc5cfcc9d3f77939fcfda9d2787aec20733ce549c0fdd1c7f3a871e5dcaf64dec732f672152a54edee722b40ee9d2d20c7cb1008c4750381fd2ba383c3774ffbb68665c9ea6dcf155aef43b9b7f31523989e46442463159bc441eecdfeaf397431355b68a3817ca6663bc75fa1accd124965d4a2b3dabb24dc491d78527fa56ecd69208844eccd2a9cb295f987d45452db3da5c2c9f60682451c7eef69e723d2973c7a32dd192562e5c5b42b6ee1d9c15538fcab57c317138b28e0851182ab119ebf7bebef5cfcb3dd4a004b59a5c7dec64fe7c54d6979730a8458658180e40254f5fa552998aa6e3b9b97bacebd6974b1e9b676b302bbbf79ebce7f887614ba96bfaed99d3e78aced1ae5be7746076871b4e3ef74c9f5ac31a9b45788eec5c01de4fad23df13751dc4ae65457dea8cf900673814ec173aebaf1d78a2db4886fa4d3f4e59a47d8cbb58a8ebe8fec3bd2c1e3cd6eeed5c6a36b610e5b1fbb46e9c11fc47bd620f135a1509369104d18e88f202a0fae0afd6a96a7aadbde02b05a456d9503e461eb9cf0052712d326975fba9eeee02470106420fca47527de9af75718dfb1327fcfad6769d3c30bca5d236248e491ef5a4ba85a6d05a383f1615938b2f98aa2fda33e77c9b57a9c1ae90f8ede1b3b28e2fb2b345185c189fa803deb9cbf96d7ca6b78e284b30046dc67afa7e1525947643ca6952ddb6ed2c180fc73532a7734a550e83c45e217d57c396d35cf9285a7cfeed180c80c3b935c5cccbe68507a8ae97519ec6eac63b4852da3547dc361523bf61f5ac0b88a25bc43e6211b7dbde88d22aa55458b526355381c81534d2164078eb43c96eb0c603c59dbea2a19e78c423054f3d8d73d5a0db2a957562b6953c8ac3017ef1fe554236946a574eca003313fa9ab7692a41202769ea7938ed435d5b8795bcb8b2c49ea2ba152d0c1d4d443242cc77b91f4154ee1834653d6a61342ee4e107e2283750ba1ff0046407f0ff0a9746db095435b4db28a3d2679833ee3006e48c67693496da84a9a64512aa10a4f507d4d661d5655b7921589f6942bc39c6318f4aaab7eeb6caa2dd8907fbdf5f6ac9d16cd555d0d4b89270e0aa29e3fcf7aa564d74b25d131a61cfafd7dea07bb982925243ff0234d1792053889813d7e6ffeb55c69588f6a5d9209278155979ce7822a28ad0a6a11c983800f71e86a2b5b89ddc8fde018f53524d2ca3901f3f5357ec987b42eea29ba38faf00ff4a6e98c2172c4e32a473f5acf79e5700167e3d58d2334823015dc1cf6352e88fda1acb71220c32a8ad01aa46d68622cb9f2f6fdd3e958fa75a49326e92e5bef11f30cf6fad5f8749df05c30b9e55723e4f63ef52b0918bb96ea7315ae5da68162400ed6cff3ff001a64e222862562437353c5a25db5b24eb3ce431c7119ff001f6a824d36ea0532334cd8f5422a9c2db092ee4517d9adf29e636e978c11dff2f7ab966d6e8db24919401e9ffd6a934cd205d1333cb8f2b6b60c79f7c75f6ad31a75bb1c97897fe002a1c1f50bc96c628b99a2b8568951a103e663d41ff38a89996495e58cee3bb749edfe79adb974d5132aa10548e709c569c3a55b2c28a218732280cde50e38ea7f3a250a7dcb5ed3b1cbff0068b1856d5b608d0ee04039cff934ebbd4cde44d1cbb149c0f941ec735b92689035dbc03cb0aa011288861ba71fafe95137872445f3a38da6817869560f954fa13d3d3f3ac1a8236519b39eb79244de1d4043c03df152a4ea873110c7dc574da7f866ea58e6b85b59a586101dc8b62555793927a01814eb2f0d5c5dde3cb6b632cb1327ca23b62cbc601c63de97b68a1fd5e4ce5edaee555f3e35467538008e3fcf3537f6a5c797205488b38f9860f07f3ae8ef3c30fe5996c91a755006d86df209cfb567af8704b20cdd792ea7f789e572a7b83cf18e6ad558314a13e873c089242f27cb211c81d29f1dccd0c2de5aa139cf35b971e18c484c37de61f458bb7e7542ef439048254bc608a305447c1fd6ae0e17bb660e35174292dd4575c4efb5e3e8141ebfe452c170219d82918c7706a54d2e4425923793b9223aad7504b1485cc4f83c63691dababd9d3a8b733939a2095655bb42147ddf5fad13cb2ee40caa0669668ee84cac6298e07f74d452b48480617c8f6a7ecbaa269d472dc268619d46f660739e2a24b474606252df52291ddd5882ac29ed76f1ca17c86e467afff005a9b9297bac9da46d6872dac36b791de4a622e800c027b1cf407d6a366d3e38c1b79ddf9c7cc0f4fcab2e5937aae5bcbdc39e6937a22050ead8f7acdd2711d49b689ca169479bf28c76a9e24b2f2e41e73eec74c77fcaa8c72849017937fb16a9e2bd84f983c98fd3391fe153ecc3da0ac368fdd7cc3deaa4a9348877a003d8d4f295910159847cf6345a6c2bfbd9940cff11ab8c09f6855b30b14849273915b16f733e3f7688463bfff00ae991db59b64fdaadf3f87f8d48b1c51b6127423db1fe34a68b554d7f146b0da869b2c5b9f2c147cca074607b56469ba84b6d692c4ce4828146147606b53c6b3dbdf031db4864cc6a3a11c86cf7ae734c52d1dcc571f208c0518ebdea6346c8c615672457d46599e669778dac460639e95a5a4dc39b767b6628a1ce4103ae05615fa446768918955c107bf4ab7a4da0b9b948a4dc1189c95233d335bfb3f75974ebca123bcd1f53beb3b77324f95745202a2f400fb7bd727e279a4bed6679cb6776dea31d140ed5d5695756f6b6e20127fab4541907b0c55afed4de760d981cfdd35e7c3dd9b3a6a5594d5c8748f120168cd31998873d117d0561f8bf5d8ef8c51812e3e75f9940eb8f435d135f4a4f97b53cb3d4e0e6b91f1679925d40154105dff0098ad69538a9dcc2bd694b433b7986d95a3f979c7f3a5496e605220902739e80ff4ad6d36c256b4421093cff10f5a92e34ab898e5a3238c70c2bb55549dae62a8ca4af632809db6bceeac5b918a97525b96d2a21148abfbceff008fb5593a0dc920a44e71fedad5bb6d1a7d815e3618ff006d68f7252bb64c69ce3d0c8495f39cf3f4adaf0cdc2c097934a1982856f97af1b8d07c3f66ff00ba124ff37fb43fc2965d261b4b49a3569489232a77107a03edef513ad1bdae2e59a7b185ad5f4d71addc5cd8b988b85fbea3380a07bf715158433884a3ba98cb6481f87b53f49b18bfb666863672cb167048ff0067fc6bb05d26df1f7e5fcc7f8512aaa31dce8a749cba18b6f608f12ee553f28c726a1b9d1e5494cb19882b7006e39fe55d07f65c2385690fe23fc29cba13cbca2c87fe06b5c2ab2bdee5cb0b2ec71ba8d9f907eca8141750dd491d7ffad55ae37491c50a9c320da73d33c0aee64f09239f35bed0028c6448bfe15c3ead1a45a8cd6f1927ca99939ebc1c576d1ad1ada1cf2a32a05785248ee1a2760768edf85685be9adf637b5ca6f76c83938edfe15492393772bfad7aa681e199b50b279ada3964c4857fd628e700f7fad5d46a96a108caa9e6f0e8d7091cc4bc3851d98fbfb53ac74dbdba6fb3dbcb12328ddf3138c67e87d6bd4b56f01ea91681a8ddb5aca0456b2499f3a3c7084fad72ff000c3c2775aa6a9206865ff8f666f96441d1d477ac963558d7ea6d98d65e1ad46dcf98f35b1c13d19bd3fdda9e6f0cde4ef1b7996dc9cf2cddff000af587f87cc3aa5d7fdfe8ff00c2983c0317f19bb1f4953fc2b059a4d1acb008f386f0ac8d631c32981b6b67efb7bfb7bd496fe0480309638adc6de3fd6c95e84df0f2c1bef4b7c3e9227ff134ff00f856fa59fbd3df8ffb6a9ffc4d6553319cc74f07147070f81ac0b96b8b785f9cf1349f8d5db5f08e8d6929912c941236f1339fe67dabb14f86fa2a9cb5cea23feda27ff1353c7e05d063183797ff00f7daff00f11587d6ea1d3f578a3ce3c49a4e83676325c9b17dc817056463d5b1ddbdeac783353d06d209da2b2b956da849ce7900fab56f7c45f0f5969fe0abf96096e1997cb237b023991476029bf0bb4e862d3647669079d0c24f23d0fb7bd6ca73f6666e10e628df5ef86eea76ba9f4fba795f1b9b7633818e81fdaab4371a163e4b2b8073ea7ff8aaf498e282372a1db0077fff00554915cdba7fcb4fd0d44253e566d2853d0f3f81ade4522d51909031bbf4ee6a5874cd5a67261b9b7518fe2fff0066bba7d46d54f32ffe3a698da9d8f79fff001c6ff0a71954b152853e538e1a0789649004d42c8277073d7fef8ae366b0d41bc4e96cf3c2645bdf2c9ed9df8f4e95eb526b5a7afcff0068e9fec37f85798c9ac598f199944c31fda3bb3b1bfe7a7d2b48baaf7473f2c1753ab4f0bccfcced6eefdc876ff0a48fc2168ca4cf0c4dcf695eb4a4f1058962e275e7fe99b7f854675e4c651a327fdc6aa6ea2d905a0ccaff00843f4d677296d182a7bcaffe347fc2316a830618f1ff005d1eae4de21b819da9011cff000b7f8d53975f9c9e561ffbe4ff008d5c7da3f890ad0899fafe910dbe9b2ed450b85240627f88567784ad60924bbd898642b9249ebf3549e21d592f2c6483727cc17a291d181ef583a15dc7a64b72db8032107e604f4cfa7d6bb2943959c75aa7333b968369c9c7e74c0b1790cbb4ee27839ae79fc472aa8910404138e51bfc6a85eeb5777120df1c23e5c700ff008d1553e64d0d4bddb1d5b4646d2d82bd87b546046d3b0da718ae47fb6264f976c5c71f74ff008d4136a6f339dc231df806ae739f2a324b5357c54d24f304dc32631d7fde357f4eb9b64b282368dc98e350f8ef81db9ae55ae5557191f91a703e627cbc9229aa8c9ba3af3776fbb2a8e13b0ff26abbea621819a4de403d94573896375e589162c83c7de1fe34d8ac66ba944050e5bb061db9a1e21c4d2314fa1b6fae4040dab3027afca3fc6abcfacbb0db0b3a907ba8a72787e7f2d0bc6e1540e77af4abf69e1d5962529e713cff001afad652c55cd153f239eb292287f7d1ab2ba9e0fe153c9a9deed2639b68039ca8ff000adf97c3f0881a2569896e7ef2ff008556834488f990932e7eefde1f4f4a98e2d2dd87d564fa18a6faea788012fef73924a8c11fe714d4beb9cec79339ff0064574569a4bdac863457200fe261f5a962b08e21e4445d91b924919cff00914a58a84ba9bc306edb1cd486e4956122e1b9e9ff00d6a24594441f70c935dc4f6cb05b4214b1dc9ce4fb0aa5106370ca07007f854c6aae8c89e11f639948ee6160629114fe7fd2a1ba9b542c07da531923ee8ff0aee6e40b83e5f723b554b9b6b830b08e3c88d4f71e95d0a4d9cee8b471dff133d80fda63fc87f854e6d2f5509f3a3ff3f856c79292aecba2c8473f2fafeb5a17b628ca5d0b9c003a8f5ab4a4cc9d3399960be0220268fe6ffeb7b557922bf59d97cf8f81e9ff00d6adcb8b27778c6d3c1f51ed51dce9eb8dac5c1cfa8a39242e5b152da020fcd83cfad4e600d247c0ebeb52dbc2f02149176a13927393569024485c138233cd6aa028999748b0dc3023d3a7d29b7570ae3e50c38ee2acdd4cf21f94294cf06966b79208982aff00a4754424608ff39ef4a50b234b5cab6972f19c863dbb0ab86fae586165c7d5453f4bb6957ccf3130f3638c8ebcff008d597d2ae964323c4446780770eb5cd3763a6953b915a492cb78823703af51ec6ba7d4e4ba874bb7532afcd091c01fdd1ed506876135db0b3b14329918e32c01c819ef8ec2b5567d26286eacf59ba92da6814c51aa29396008209008ea057054c55f447a50a51464e9c6e45847289141391d3dcfb56dcf63a87fc23f73abf9f0fd9a0708e9fc6492a38e31fc43bd605af8ee0f0dea1245672dbc90aa6c569a290939c31e98ef5c14be2cb86d0ae34e2b6ffbd70df71b3c153d738ed5cf6a932a528c4f52d65ecf495d0af6ea277b6b9025b948ce59d06c2c392304827a11542ebc5de11875cb8b95d33511a6ba85861c0dead85c93fbcf50ddcf5af189ae9c962c146fcf6a80cb9409c715d11c337bb39675e28f64b7f18f878dabc92595fb286c1c2afb7fb75b5a5eb3a0dcb40f0595d2bb153196ec4f4cfcd5e081a651b9914014f4b8241236e57da9bc3db608e2133e939a1bdbe3fe8b3469dfe7f4e9e86b91d7ed26b2b09622c9c856f979fe21ebf4af2ed175c9ad5b69587685206549ef9f5aecb42f1c5cdae9f269416d3ec53486492431b970d81d39e9f28eddcd4fbf0669eecd12c8d75e4c3e5c8a3e5ee3e9ed546eef6704c12c9bb69cf0a3fcf7aef6e34fd1b50d3f4d9bc3f7771797d73106ba8dfe554918290abb947192c3a9e9d6b96d7f45beb1bd916e2029740a874dea4005723a1f4c77ae9a78a4b46673c2a915edf522bacc1b4b81b4ff0008f4352ddead782628b310b231006c5e99fa5634176e83cd217cd53f2ae0e08ff39a60b82d23b1c6f739031c66bb9c94b6381d1f666dc37416426e373b639200ace9ee9a370327a67a0a6c2b2a8f35d402dc75e2a902a50cec712af0a07423fc934b9f950a32bbb1a16b752c12860f812b03c01fe7bd75f63bef34a84e46724f3c7723b5727a244659d0a0254b279a7fba09edfad7a1787f4cb9cefd3e333650fde6038cf3e9debcec4e25f43d8c2d08b57648df68fe091437638ffeb56b5df852efec36b3bc96c5af22dea77b75201e78f7ed593e24f1f683a0cc07872fd2f0f961c7da6093ef12411d178c735e59e29f196a1addd996586d001248c3cb461f78fbb7b57954e156ab3d09d4a105d0f47d57e19eaf031d61ae34e30cec235512bee071dc6dc7f09ef54bc47e11d412d9efee66b474895548576cf2d8fee8f5af2c83599d6e1832c4063fba7dbdebd37e1e7c479f4b9d171640f9aedf34521ea98ec68a8ab50d7739e9fb3ab22b689a4dac515c3491024a8230edef54af2c2c96f1dda1c8381c31f41ef5eb9749a56b3a5cda8da5ccb2dedcc26792300aa091d77606474c93dff1af24d7edee2d3599fed11846f9411907f841ed5dd84c4a9af78c71b86497ba60ebf6365657a88f092a630c42b13dc8ee6b42dac347b8b587fd11f7320c12edd48fad67789e7f36fd1c638880e9ee6a5d09c3e7db6ff5af562d33c570686c9a65ac7a9cb13c40c2aa36a863c1c0ff00ebd52d5ec4412816c1506d07924f393eb573539426a32f4edfc8545743edb70acbc8dbb78e3d4f7ad2c4ec63047412190827da88d43a0ab5730245bf25b23355a175ce09ed50e234c61fb425ea48f229c2f61f5f6a2e25b98c3b79830f92381fe156912392653b8f4a8b5568d511771e847f2a95a8d6845672ddbc60a4aa0e0f503d7e949be799836f1e9c8a934c78d630771e87b7bd34365c55ec4c9b63499cb282e383e95336f318048eb4d9070b48701454b8a64c5b443217cfcc734e11c454165c923d695be5a6bbf1417606586350761fce937445c6d52298064d2b51a05818e4ed1df8a6e1d5c82462834629590b5243923069b100dbc7a535e96338a2c82c3d0c919cab01da9ed36e94273c8f4a898e45267e5a6524349732900ff154d6f1cb25c326e5c05cf3f8546beb5a3a5dc08db048fba7b1f5a8762ac496e66b78c867079cf15a76374a079643665c29e07f9ef46971c1710959dd9642c400be981527910177dcee1e13fba1fde3efc7b0f4a5357ea6f4d246eda9d9611c4bc6d27f99ac4d42f94c4d130725803d063ad5db49d9add62940523278fad54d1f4b792e5218d598313fc433d2b9678a852dcea861a55361ba24ac263167e59995718edfe4d740da5890610203d79635b9e1cf0e41a7dddbff006d34f6b0dec91f94cacac5973c9e01c70c3afad6edb78cf4ef03f8d2fadad2e637b38e011c725c44ecc4b04739da077cf6af32b632551fb88eea587853f8cc5d23c2336ada2cfabd91b68e1865f29964760dbbe5e800231f30ef57b47d022b8d1b5d99d23326996e589dec390ae78f5fbbdebceafbc7d776f03470a59b29c1f9a37ce73f5ae4350d55efe59679446aceccf8552064f3de8a742acb56cba95e8ad8f65d1b56f04c7a2c11ea5a45fcda802de6ca8c42b0dc718fde0ed8eddab1b48f1b786ed3c0f7fa36a161a84baa4f70248668d57cb54fddf07e71cfcadd8f51f87910b86762876e073c0a9634763c8aea5857d59c33c5c56c8f5ad13e21e9761a2eb1a7dc417ecd7d6e61b6d91a610ed71f37cc0e3e61ebde9de10f1dda68f6e8274bc6408ca0471a1e4b67b915e550a61c673d452df6d541c9fbdfd293c2233faf1eb3e16f17e93a4dbb5a6ad6d793cef21915a155da176818fbc39c83da8f0cf887c1d0dfebd3ebda56a176b772efb2111c18c12e4eec48beabebd0fe3e48af8719e94bba3dd90c739a98e1bb334862d753d9fc292e83abf8c2f05ad94e9a7fd9b745148c43290501c90c7beeefdeaba6831ebde3ad3fc37a2a476c2ee166c4eedb772abb1248dc4709dabc9229c890838e9e956ed7579ad2517102c4ca99e581ea463d7de94e8cb64cd1e3293d2c77fe22d0af7c3baa3e9d712c0cef33c00c4495cab6d3c900e39acbbbd371c5c84719ec4f5accd07c5173a7ebb61ac5aa5bbcd6d731dc90e8db432b06008c838c8f5ae97c4fe3593c69ad5c5deb9f66b64936c80dac6e3e655080618b1c63359c5d4a7bb08c63536473f0471cc32cb9e71d6ab9b4b669c831ff00163ef1f5aef3c7d67e0dfed38e1f0aead7b7ecd02902642b96dcdb8728bfc233585aef85b51d2acacaf2f6d9e25bd8cc901f351838c29ec78fbc3afad76d2c6595999cf0c9fc273579a65b990e231d47f11f4a23d36d2eee17ca882f18f998fd69d7914c8bf3a0033eb4685b92221863e73fc8574d26aa4ae8f3ea61e7077621d023690aba464038fbed449e1f814f11a0ff0081b5585bb63f6adfb408f38c03ef4af79b74a8668f69667239071dff00c2bba564b5257bc62dd68de5b8e23e9fde354a4b1f2964385e013d4d6f5c4e1b4d9464751dbdc5528660d04cbc7ddc74f63594a28c9c4c024818cd46647d879fd2afce815c939a431acf209013c0c7152907294adddb71e7b8ab06e2453c37e82a6ba855dedd727838fe5525cc0b1c2a32dd6a2482c69b596a2ce185a5d3e38e236352ff00665e84e34eb805c7cc4427f5e2bd556d34f88656dd80ff0078ff008d134fa55bdaccf2db4cc4212369f41f5ae6f6cced9d38d347876b90180987c8d93ab0dc36e1b18ee3afa569f85b4c9eeb11c264698bb6dd884b7ddcf18e7d6a1f19dc25cf89aee7b50c9136cda1fa8c2283ebdeb5be1cea5fd9de22b596e4bbc6ad21608a3273191df1deba613bc4e285a5334e2f0e6a41f062bbce79ff00476ab67c2fa9b460c71de039fe1b76aeed7c47a405de6daeb2e32381ff00c552b789eca2883a45720138fbabfe35e7b4f9cf4928c51c647e11d476ec6b8ba049fbc606e3f5ae33c5f6820bd8205bf0cf0c8e92638208207233c7435eb979e31b18ece47115d8718c1d8bea3debc735b0f73ac5f5db9056e2e24923cf04066279c7d456b460f98c31128459d7f81b461a9d9c71c77e1a408cc555779003e3a67dc575917835dd0e6e9979ff009f7ffebd701f0f3597d03517b8959cc4d0346ab1aa9209653df1e86bbf4f1d44ec1505d0cfac69fe3515e13be86b43134ed62cdb783b66e0d77bba75b7ff00ebd4f1f8303b9cde05e3fe7dff00fb2aaa3c66aa464dc73ff4cd3fc69f278c4ed0c8d38c9ff9e695cf0a159cb7365529b65f83c25029cb7979f7b71fe3553c4da2e9d65a2ddcb20b5dcb6f232ee8954e429e955dfc6b27df0f3e07fd324ae6bc6be24b8d42cbc95964c491c8a4346a33b801dab4fabcf9d19d7a94e3b1ccf8327b04f17de4f72b6de4b5ae17cc2bb7394e84f19e0d7baff6468f11f9edac0fd61415f357d9e788e627457e84fb7e55e95378d2f777efe795863b4495d188c34f9518d1c5c133d3c58f87c0e6db4b1ff6ce3a7c706809d134c1ff0001415e6f6de2eb378ff7b1dd31c0fe05ff001a1fc4b64ec76c5703eaabfe35c91c1cec763c640ed7c59a868b63e1abb9ad2d74fb9914a11e5140797504700f6af9db5ab7bbbed5aeae63b39edd649ddc6d42460b13d702bd35f58d1e5b76b37b5b922439c718e39fef7b5675ddf6840ac4965701b95ebc7fe855e86170ce99e762f10aa3d0f3a4b1d463fbb05dcdf48dabda7c0fe30fb06952c2da1658ce58664da7eea8feefb5727f69b4463e545228f7ff00f5d4d0eb1611380b0ce075e83fc6b7af47da2b114aaaa6ae763e2cf1fbbe817b6bfd98d08b8b59631fe93ea8474dbcf5ae33e16f897ec1a93961b7fd199799f6ff001a9f4accf11ea497d16c843a850e0ee0075c5626980d9b99cff1295f979eff00fd6ae68604b8e3d5cf737f194c7ad9c9ff008107fc2abc9e2e90ff00cbb30ffb6fff00d6af3b6f12c44749ff00ef85ff001a824f11439e566ffbe57fc693c2411acb1b73d15bc53331e2193feff9ff000aaefe26b9ecd30ffb7835c1c7e24b61d527ff00be57fc695fc4169da39ffef91fe3551c343b19ac59da49e22bb6cfefe75ffb78355e4d76e3bde4a3fede0d71cfaec0c0ed5987d547f8d51b9d5f2c7064ebfdd156f0d0ec29629b367c69addccda4cf6325d4ae24543f34e4f4707a7e155bc19ad5c4704b09b99630ab1aafef88e808e2b9ab8d4e1d425059643c6de401d39ec69ab7896eea200e849c1e01e9f5ad9528fb339dd59731e8afacdc7417f2eeeffbf39fe74a3559c7dfb8907d6535c0fdb6eb719bcde1b8fba334b2ea77edc19f3ff005ff000a88528d9973accef1f54423e7bf55facdff00d7aaf26a76f9ff0090bc43fedb8ff1ae19ee66752647cf1e82aa3cd0ee3bd58d38d38a1cab4ac77375aa45e5102ed0f4e930f5ae7a4118bb37436b9f33cce3eb9eb595f688dba06a55bd27f76a5876e82ae2d48c67cfdce8d75960807d9c9ff81fff005aa0b9d6663c04923e3a890ff856234d70bd2418fa0a9e2b7bb9622d24b1b60e3fcf14db501c14fb96a5bfb975c8bf941c74129ff1a816faec1e6e277ffb686a3b2b757bbf29c03f385ea7d6b5af74c8e08432aa8cb63ef1aa8c94f609c67dcc769e443b8ccf281d8b520b892660ab6cdd7191cff4a9e5b4507628033ee6a7b287ca9a30d8c330e86b09c66a45c617dca72090af9677a60e69ba4a4d793a82f20c923b9ed9ae81ed2d9a76668f391fde3553c356c56e536ed1f3377ff66b46a5a0e5a141acdd6e24532b1c391f77deacdad9c2d210f346bc7703fc6a66205fdd2b8ce25238fa9aad391f69611f1d3afd2ae4df293cc69e916f6b35e4692c50ed24e772823a56d01a5c53c718b7b33f305e02fad7396721897cf27ee9ed57a28c4a56e063230fcfe75175636a74d335b559a144d905a464061f700f4f614b616cb25d24eb6e230b91809edffd7a5b2b396ea159032739ea4fae2b56c2dde15dac549273c7d2b831156db1df4e826233482364fb2b10463763a7bf4a7595b5c38fdcf9bd0f08a7d7daba96f0cdfcfe1bbcd42096d944166663b99b3f709e06319e2b33e1ef8a3c2fa4ce62f1469d7f7ccb0b026d8003717041fbebfc3c570aacdbb1d4a8452d4a7a45a9d4f54874eb26fb54f2e76ac2be631c024e00e4f009a88c112788a2d26e8a5939bb16f2cb200a633bc2966071d3a904d71365e34bcf0feb96fab787a796cae6053b1da247c160ca786c8fba48ac8d63c61aaea5a94ba94f76ef74f33cf2486241b9d8ee270063af6e954f0f527b112c4d389eb1e38b1d3744802db6b5697ce25552f1b2a920a939e18f4e957356b1d0adbc3575ac41ace9b2dc40caa9688537c996504821b3fc44f43d2bc32fbc45a9df20f3ee4bfcd9e6341db1d8530ebda9344637b92622795f2d79fd28581a9bdc51c6c3b1ef9a2e9ba46ade17d47509f5bb1b49acecbce8e07285a4628c768cb0c1ca81d0f5ae6b42d32e351b867b5496605091e5c65fa103b579b58f89ef60b77b613bec99023011a72318feb5d2785bc6ba968c8bf62ba922c232f10c6dc16cf71eb57ece7014b1706753a45b1bad462dafc7230067b1ad4ba8520867568548dac0b15c6319e6a8fc36d73438e2dfa8d9dd4d309df6b26061760e3ef0ef9adab0b6b8f122788a6b19123b6b40ec126e18236f200c039385ee6ba218a6b7329413d8e58476e642c91452e7b000d176e9f609082b9c8e87dc52adb4b69f2065120e091c8c75ef54f5e616f67208f2bc03ebfc55dd4b15167154a6d18e6ea5172797c07fef1f5a94df47e73090a74fe27acc89e69263f38c16f4a6dd4389d8b60f4fe55d5ed958e491ab71749752868d546063cb56ce7dff00cfa5537b922754673f7b1b0b7bf4c551b3baf2655fbdbf920803d2a2791a5bb3203f307dd93eb9a9550508ea6b5c4aa8bbc05249c7960f4f7ff3eb5605f21b854f2d65623ef6ec91ed58cb36fb9647c970324e38ed5a36114734ca215db264e0b1f6acaad6b23aa34cea6c3ca100631212ea08240f938a4b89407292cdb231d1d9b0a4fa7f3a8d8490d88c300cb1727dc0ab97977e1eb9f05d8c0f637275759cb4f3938465cbe001bbae0af61d0fe3e5d5aedbb1db4e9d91675dd42c7c25aac52585fdbea28b17985a0955002c5971905b9c60fe35e7fe33d666bf985e5a890798d2492797296dbbb07923f1aa1ab5d4b2dc2c12312ac832303d4d6735d6c82e214dc0952bd063a114e9d257bb339d7b105accd35cb493b19095fbae738e9cf34c62ace241000a0608c7151e999fb5bac8724276fa8a716756f273f7b9ff003f95774608e39d76c1c2cbc8840dbd78a458a32725547e156ad2d6675930c9c8ef521d2aecc408921ebea7fc287465d0c799b297943ee890480fa54d68f046fb24b58cee206580ff000a9bfb3e4821697727ca7b13550c72bb33965c21cd5455b70bb44bab45004f321f2d32c061401daa2d303c9791c024621b2739c8e87fc2ad69c2daee4304f1b3ed5ddd703afb1f7acfd29a4fb7c7e4b056e704fd0d29a8b46d4ebb477da5f885ec04105b962e9b519e39b6942bc678e95d9c2d6bad6910dcbead0c97eec4cb1190492a804805b9ce31b7afa8af1f8e5304f233677336588ee735d1785ef5a0ba6b884b2c8d1952700f191fe15e6d5a2ef7477d3c45cd4d7f4c9a2b957b8b2934dc463f76f094c8c9f9b9c7d3f0ac642bbe4f941d8786f5f7af57d4b40d5fc4ba25c7882f6e6d6682d985bb2b128e7904602ae31971dfd6bcff0051d19d27296de5a05660f96273cfff00aeb7c1d7e676646255d6865add18db7365d4f014b703deaed9797244656b44daad820af1fcbdea17d2e5de519a338f73fe15b9e1cd22e44061bb78a40d213f293d303d87a5766236d0c30f46ece8744d22da2b782e0795e5cc88f21f280110c6724fa0c9f4e9557c59aaae92bff12cd601fde2affa3dc6ce0a927ee9e99a99bc43a6e8fa4ea1a7ea105ccaf340d0da988021085239c9071cafaf4af30d53518aeee5e0896405486f980c74fafbd79b1a5cef53b6a56f64ac8abae48f76a650ad080a17d7bfff005eb07cc7562a256739c70d5b7a9ccb369d29b7050703e6f5c8ac140143b7f1f5cfbd7a118c69ec797527393dc9577e77bc8cb9f5abd6174c8e06f28d9383bb07a566ee678879a770cd48a4c920923e00e39a8a918cd6a6d46b4a96a7acfc3af183d8dca5adc969a295e18cb4973858d41209c1078e7f4aeb3c776561a9592ea765796cef34ca0a4215c80148ce41e4702bc434b9d838084820aeee3ad7b4f83afb40b9f0758d9c96572da9233b4d36708cbbdb007cde857b0e86bc6ad49d397ba7b587abf585a9e6fad5b1cee39c851d57dea3d0e4f2de507d57a9c7ad6cf88a20a08c7f00efef58308f2dd88ee6bd8a326d1e755a7663359973a84ac3a1c77f614ba5dd4712e242bbb713f3360f4a8af177c858f723f95539207370bb4a818ff1aed8b3866ac477b70f2ddcc416dbe63746c8c66a00493f2b1fc2894f9723a77248a23051439efc54c8845e82555994123f3a8b58daca8411d18ff2a8881e683ed51ddb8628a73dc52821391634c5568d4123a1fe74d040714eb4db1c2a40f51fad30a9dc29cc13b8f964e063f9d46c4951d689074a338414e084c495b34d00914b28a54e949a294868383d28269c473519a82ae04d2e69b8a7014d12c43cd20a762928b05c52694f0a69a2937650d0cb4c7c6720d2a12ae7048e2a38c919a5dff39ac9a2ee6be982e8caa6dc4d3f2784c9eded57da3d464957fd02ee3c37ccdb1b9f7e958b06a579a6c25ece6f29c1c83b41ebc1ea3d2ba7f096ada8ea0938bab8f31c84087628c139f41f4ae5af29538dce9a10f68cd4f0fe937729f31219ee5ca1cc2222c5467aff0091debb09b4ed0ec3c1f7bad1d5f4e86fede5558ac49449655250165f9b38f99ba03f74d4be1c8ae7c27a5c3e2bd6644b8d3af035ac515b732ac9b89c90428c7eedbb9ea38f4f2bf1aeb96d7d306b349a35f29570ea3aee27d4d794e93c448f623555089b3e30f1e3ea76d630410b59be9e8c8b225de4ca70a0118031f77dfad7037daaddde5fc9737377348ce067cc98b1e001d4fd2aadc33b2ef639e091559f0615761924d7a787c2c29ad8f33138b751e83ccae10ac819cffb469adb898f6e403d40a47120942c8c0f1daa6814b30e46148ae99348e3577b96acad4c873b7b7f77dea4b861130017b67d2b4b4f3125ba31539e47eb5977044ad91e98e6b173772fd9aea35a5380467f3a86667906096eb9eb9ab76f6fe610bc761d6a4bab2f29011b7ae3a9a9f68af613a4ac53525971d0d2448caeccccc4673cd4f043bd0b2e3838e680acdbd3238e2b482d1b33a6b9f41d696f2ddcecb0ab93b73f2293e9e953180a7ee826e56e49dbc568784a686ceed8cc8cdfba23e5ff00781a9e3895a658c0e4fbd71caab53b1b7d575b995a6dbcab7cb16c76f364550369f5f4efd6bd6bc35f0eee353d1e0bb68e58164ddf31b22470c463391e95c468b6a24f10e9b18033f6b8c1c93fdf15f65fc38d0a097c09a72c91a1606424ef6ff9e8f5e0e75983a16e53d4c338d35667c5ccf716ba9c52c86552aa796247a8ad9bdf134dadcfa3e9b752c91436ecb00924b82eaaa4aa96c1c0030b9eb52fc44b28adf558c5ba848becea59724927737afe15c934662752d8258e531dbeb5e8e17fda20a44579ba0cf41f14691a459f87adee6d758b1bfb879f6b43184deab86f98e189c703b7715cb5d697a8e9ee12e2c2eadf2377ef2164e3a67914ba2bc73bfd9e652cea8589e83aff00f5ebe83f899f0f750d62c65bdd365b184471247fbd91f39f3327a29e306b9e58f785aaa2cda1cb8881f33cced19957cb2436431ff1aaf24ea6dd610c00539c6efaf6fc6bb2f16784eef40451a8496d2b4c1f1e4bb1fbb8cf503d6b8ad4a18a2b759235c65b1d7d8d7d1e1ebfd6209a3cac451f6322b4b727c868f279e7ef54b6aa7c876cf55cfe954245cb8fa55949f6c4539fbb8e95d326722653ba66321033dbf954d6e8d1dbb124e777d3d2a27c1949a9ddf31102a132caed2379c8493c37afbd3ee6532315c9eb9eb9a826c8923f734ae4a9cd0c86cdf37857a6dfc8d31ef5986005fc8d53324247fae8ff00efa15119e204812a1ff810aae5466db279676cf205392e1d14f0bd6b3ae2604f0e3aff007a982f9d94ff00a3b7e7ff00d6a394846ba5e3b02309f91a824b86de73b7f2aa0978f838b76fcfff00ad4c69ae1dce2da5fc33fe153c869cccbbe731994e074a71724f6aa6cb221cfcf487cec67f79ebdea940893b9711b1331f6a18b3374aa7189d8e4799fad472a5c2b7fad97a7bd3e433b975861867d6a5c298c649acd8edee6571fbf94723d4ff005ab8da7dc08c7fa4cbd7fba7fc6ab94a4d8f766ee0522c8a3a9acc759f38fb449f99a7c714a4733bfe39a5cba89c9b2f492c5fdefd29124b7f21bf787afa54096e5bacff00e7f3a586d8f90d973d7d2aac08b103c2777ce7f2a95e58420f9fbfa5568620b9f9c548d1a941f3ad4d8d1314bc6b19f9bf4a04d195fbddbd29cd6f98cf3fa53e3b31b3af6feed0912d0cf323f2c7cdfa5317c861bf79e38e953496a04639effdda7c90ac676f9639e7eed52426882696db62fef0e40f43fe14827b730aa990f07d0d3d2057b9890a8019c0fbbef5b57ba3c1169b14a3cbcb3e3fd501ebfe1542e53084f02b0024fd0d124b8219707bd5bb5b3b77b85f9e2eff00c23d2b4af6c2d92d90a98b3b0f441e94b94ab18c866b8501101efe94c599f78e16b7f4182df386f2bee1ea07ad51920856751f274f414380ac66c73ca66dbb5796c547a85c4d6ac5f627240e79edf5ad029125c2b6d4fbf9e83d6abeb862963015133bc1e307b1acdc04665b5cdd1e91c7d7fcf7a5926ba2d831a75ff3de92d5421e5bbf7ab0ca8d821d6a82e3ad609a50094edd88a5bcb4293a8c37ddf51ef525b394181276f5a92f26df329c7f0fafd682912e9ba723ba3317182a78229fa85bc515ec9b59bb75fa0a4826754f90b70074351b1796667766e477e682ac324b641ce5bf3a7431a0ee69c431ee695233fde353b1761fe5a9ee6b5acee557439ed0900bc9bb1839fe1ff0acac607dea6ac8e6650a5b6e39c1e2a82c6ae87702ca4b8391fbc23a8cf4cfa7d6a4d4ef7cd62d95e48e80fa566c6fc9c9c63dea3965df70c83a019eb54876257199d5979c0a96d2e1c348985eb8aa4d29571804fe352dbbb9933e5b72454c916dea5d7902f2dc55eb08d04cae09e09fe55952ee7720e456ad92b240d212786eff008509952578996f26cbebae9cca7f99aaf3832cac71d7d2a5b8c7da266e0e5c9fd6961864750cb1b9cfa2d6739a42a34eec9eca132c45d811306c2a83c11fe735d368ba7feef74a1958852a011c9a8b4bd3563189d8447713f3a638c7bd6ee98d6b15e5bc525c4211a4552ccc00519c66bcdc4625ec8f5f0d8656e664b15dc56f10b5b8608a9c83824e4f3dbeb5d3ebfe16b4b8f0e5d5ec325cb3c65540dea07de5f6f7a9fc55e12d1e5f06d96ad63e22b096ea7b9daf6f0a2174501c6490f9c7ca3b771588351bb4b76b06bb99d243b8e6538fcbf0ae8c0e0a588dcc3178e8d0d89e2d467d33c3377a6a2c67ed36660f9c127842bc10719e6bc3bc53e645a9cd148a17695ffd0457afbc825dc9230f9781b8e6bcf7e226921a46ba493697950709fec7ae7daba6ae5bf57773cb8664ebbb1c1c878a8b9cd3db34da943731281c30148d499f9c5513cc480f35a56ef8b18fea7f99acaef5a507fc78c7f53fccd4d8398d3d2ae02ccb1123692493839e95b3a3f89a6b37bcb28840639c889cb23640e471cf5e6b9cb36cdf4716ddbb813bbd383559e416f7d32ab8919e420007907358d4a1789d14b11cb2d4f7ff0002ff00c224fe1eb59f53d52ea0b860e1d511881f39c7f01ec077ae4751686e2dd959c80401c0f7ae3745d4afe0401c5cf95b48552ec141cfff00aebd7351d5f40b8d0ae2cacf4cd31eea46052488a17182a48002e7a03f9d7974e84a9d5bb3d49d78ce9e8796dc5ab8b9db0a960ce40c91ebc54b76244b24b76502446c95f4ebfe35b7ad4a8b122a69eb1385605c2e0e78e7a57352995ae19a595d548e1d89c135ef29a94523c49c7de20185e075abfa9c664b4b23cf09cfe42aa431b4d20c2151d3a66895e566f2cbbe233b4727fcf6a725a130d244d630891cc3ce5467f5ff00ebd757a3581584c16a1a4999c9556239e067d3b0acdf085aa3dcb492ed20c47ef2ff00b42b58bdfd937f68416373258c5c49748ac228d8f1b4b0180795efdc7ad70579df43d4869666a68babebde1eb2d62096cad520bb8ca333fcc42a87048dadd70d5e75afcd26a5a94b244aadbb69e38e8a077ad4bdf11bdede08e42c9124843ee9f2aca4f39f6c0ad257d13ec693a49a76f6382014ce39ff000ac68d2b3bb0c4d64e3647197be43f12390b8e481ef5973058e39864e083e5fbff009e2b535e9ad8dd2884c3b3cb19d8463393e9546e0446ce424a67cb3b738f4ed5dea2796e451d333e696c7ce54e47e34efbd4cd2c80dc9f9b69cfaf5a7f983fb8055a447309aae765ae07407fa55360ec7ee8ad09e15b858bf7e1303ebd71ef4834d8c9e75255fc3ffaf540995f4c69e2bf8dad5164b819d8add0f073e9db356a7fb519599e3512b312e33c03dc75a486216374972b2097603c0e3a823afe34933b3ce24de7f78dbb19fbb934ae05ad34a1b86594ed902f2076e4550d3b8b841f5fe557ec0c2b74c6496353b7ef311cf4aa16841bb4c11dfa7d0d4b65a48b601131603f8b356c4b218c0555355c9da49c558b59e3da032a9e3b9aca5b1a4746767f0cef342975287fb7ef64b4b6f31c3bc48c481e5f1d15bf8b03a54de31b4b117b24ba64d2cf6af24ad13bf05933f29c60751ed599e19d52c21d42277d1eda4405b31b6dc37ca7fd9ff38aedbc53a969777a5d89b5d26ce129036f116d246557ae147a1af35ae5a9a1eac2ade079b4aacc82203907356ecbc51a8e81285b686d58e4bfef558f518ecc3d2ad3dddbf985058c591fc5c64fe959fe238a37d46358e0539887dd5f735e9f35e28e0e76a4cabe2bf1a6a3acc2b1dd4366802b8fdda30fbc067ab1f4ae7a4ba85b498620ff0032b92460fbd2ea49b1d95e3da32c06462b21ce242a0fca3a7a56b4d6871d6aaf98b979726638f97a76151a12179f4a803e0f22a40e08c71f9d5daec9552ec914827ad086351876229a98f51534210382caae7fba7bd449599a4a5a1a563f3c7c72aa064fb57b1fc0cd675db3b8f2742b3b5ba75b593226e3e532a927ef2f7c578b58ccc247cc4517238e808aef7e1c5c39d4a4116b6da3ff00a3b7ceb36ccfcebf2fde1d7afe15c18da4e51d0f4b01348d3f1534b677012450b98c373cff0011f4acc8d16588b82492b9a9bc70d1bea08cba8a4a042a301f3fc47deb35755820b758f1193b36e7cc03a0adf05b158caa8af7f6d74666f2e20c323ab0f4fad6bc367b90afcdc9f515cfdddef9ac596ebcbc9e824f6ad0b5d5a1443bee901cf7985773dcf2e55342b6af60b0399017ce58f2476ac6965918ed0ab815a1a9dec73b9c5dae32dff2d33d6b22e25897eecc84e7b30a72d854e63c925aa1b904edfc6ac078377faf8ffefa1505cc90e571347dff00885641727b21841f43fce9d1918aad14d1aa0c4e9ff7d53c5dc207fcb3ff00be850171ff00c7f8d1202474a88dec40fdd43ff0214d7d413fb8bff7dd30b92b23bf6a7c68e9daa8adf91fc1ff008f52b6a24f44ff00c7e98b9cd068ddfb5472c408ef55135223aa1ffbee923d4013ca8ffbee80e725d9b0d2ee3e8298d7b1f754ff00bea963bb84f558ff00efa140738f033d69aeaa3b9a73c906389e3fc18540ef1e7fd7affdf540ee3c1c74a6bb31ec29d1b418e678ff00efa14e6109ff009788ff0031fe352c13225ce7a53e90247dae53f3ff00ebd0634ff9f95fcfff00af526898e94298cb4a4ab8e807a5773f092df4db8be921bcb89638a492056641c8525812383dab8367006d20499af4bf861ad68b61a46ac9796da7c770f6f1881e59115d5c2bf2b919ce48e9ed5c38d8ba9071476e1da52b96fe275f5be997b2e8da449f68b3b7951a37994ef398f71cf41d58f6af2a9660476fcaba3f185e9bbbe967498c9b997e60fbb385c75ae5a4da07515382a3c91b334c4e216c863907350be33d69cede86a26e7bd7a2e2923cfab276b92139715a162328c3d4015999c375ad3d25c34f1a9c72ca3afbd63523a15095ddcb42f040be412a0afa83f5feb4f8204760996c9aa9aac47fb5a655ce001d07b0adab08d5a412f1c12318f6ae5acf9207528b9c91d97c30f0d3eaba8001252b14b064aba8e093ebf4ad5f8bde1e1a5162a25cfda117e7753d6327b5777fb3a69e92dc4e5e05c33da104c79ea5eae7ed23a40899da38f7037910c2c5ff004c4d7c8ff68ffb6b8b7fd687ab4a9ad8f99421de29193ef54e461c523630dd2beaa12b9e435691561189d87b574362bbc7e3fd2b9d0c05c37d2ba2b1600707b9efed58e291a42fcc8ddf0c829e24d2f03fe5f21ebfef8afb63e1ca97f055816ffa69d3feba357c59e1674ff848f4bddb7fe3ee1ea7fdb15f6b7c3d913fe10bb0dbb7ac9d0ffd346af90ce276e5b9d75fe1563e37f8a91e3568faff00c7b2ff00e86d5c2de8c2267d0d77ff0015c81ab47d07fa2a7fe86d5e7da8b7c8983d8f7fa57bf96bfdd21e27dddcbfe1b01a73ff005ccff315f7169cc20f0b5d88ce4f9c0f3ff00af867c2ec7ed07aff00ab3fcc57db56577e6784ef2558feecc06037ba7f8d7cff00115d5585bfad8282e76be47cb5f177508dbc4f74978cb1a2dedc8caa9ce37f3eb5c15fcba3ac426b6bb91d99b04329c631feefb56ffc6abaf33c457ca62d84dddd0ce7fdbaf314793cc319959801d335f6192c5c70d16ce5cc34a9635668caa138a8e27fbc3f0abb380f0b63159aa089587fb55eb46573824890ae58d46454ac7150b669b60869028c534e69466aa24c90f4815bb0fcea686c636392a0fe269d1ae5855d076c78f6ab466ccfbc82de21cc67af6269860210e31f9d5b939634c32ee18e2ad2208ada1249ce3b55d85550f23b532d8fcdcfa8ab6c415aab0d152f22201e9d3fad3fecdfe8bbb8fb99ebed4eb9049cfb54324a426de3a629d84c974f872074e87bfbd32e23427a76f5aab14c55c9e3a53649b2e3a74f4a6416a2c464103d29f75765630016ebe82aa86040a8ae572bf8d03452864677009ad586043102cb9f9477ac9b566590703fc8abb0c84c9dba8a8422da47086e50fe751cac12ddb19eb492b9dc7a54321ca1aab0ec2db664623dc55a68088c74ebeb54ad721cfd455cdfcf6a96345bf9361e0d3bcc509d0f4acf734b1b8148d0b8d2298c707ad24ee5d0c80f4e2aabc829ab2e3d2980f0ceae250df70eeab726af71736cb6fe63614eee5571dffc6a8492823a8a8b3cd3b858d084ac52a900d5ab8b93246a809e98e40acc49b27b7e54fdf91494c762dc33c900cab63b700546cecee189e831506ffa546d2fcbda9f303448ef97c1ec6ab5c3af98410690b649a82e5c0efdea1c8cd90f9aa4e003532722abc5c9cd58ddc628211344334e91b7303ed50c4db6861cd0688bb6b3615c73c0a932cd186538cd5684703f0ab318a19a225008a093eb50e680d8a83425f98f714a8046c33fa5405a9865cb8418e69a02ea0df2003f88d59361e58f3be5f9b8e09ff3dab3e194ae41038ad6b57c59a4871c923f5354809a0d1c31dcc2338ff68d5b5d3e14645d833903ef1ab1693c7f70b724fa1a905c2ef2010769f435ac910f731f53b7114edb401c8efed56d093a5cadfed8fe95a57f07dab4e8d8e797cf071ea2b194c82064da36939ae793b1d3157467042f70738e5ffad771e16d1a1b9b18d991092ac79761fc55cee89686e2f955c103cd51c11dcd7a56996ad6f6691440b05ce37119ea4d79d5aa1d986a473fba09e512cc8cd181823a1ff3cd757e25f00bda689a2eb110b5586eedbed2cbe6b962bb51b041180707b1aad79f0ef59bcf0ddd6af0594afa740eb1cb379f10dad95e304e4fde5eddeb19a2860862b64762d6ebb2507f84818fc7a1e95581c37b69ae62b1d89f6349f2967ed5f67b34b68b72a21e0601eb93fd6aba3fef44afc91c54009de5bfe591e8dea680e0f19afb3a1868d24b94f8aa98a9556f98b1198a47760a7e53939ae73c6cd1c96c1029e2553cff00ba6b793e5cb0fad713f106fde224009feb57a83fdc35c799ddc4bcbdaf68ce1645e2a0279a5697e94c2d9af12c7b229e68c7ef052669cff7c7d29d84c43c1ad085bfd063fa9fe66b38f5ad0847fa0c7f53fccd16116ac1d52fa33302cdce08f4c1a65bd919efee6e06dc472ef19273d49fe949647fd363fc7f91a7c07f7d79fef1fe669735d92e2efa16daf655fdcef385e7a0ae8fc17a85adb6b76f3ea11cb2dba97dea8064e5081dc77c77ae3f24d6a69d24911113a81192493dfa573626368dd1dd8795f46779a9ddd86a92ca2c6196350cd8127a1e9d09f4ac0b9d26e2794c01e2d8bf30049ff0f7aeff00c37e2cd207862e34b4bc533c964b6e50c4f9ddb0ae338c75efd2b83f1124aa4aaa82038ea7dab9b0b5a57b33a67496e669bd822b6692247520f1c67d3deaac667926570e312303c8f5351b88c388edd8bc646493d73fe71566d95965863886e2ec0367b57a12a9689c8e9de6ac74ba248b6d12ef049da471f5a64de26bf5f0cdd6871dc3ad8dc4824962f2d3e66054e738c8fbabd0f6a54bbb8d3ad904288d283821f9e0e4f63f4a3e2678bae7c5b7ab7f7296caf1dbac20428ca301d9bf889e7e6af25c9ca677545cb038e89e2b99e58514825b69cf4e4914f92ce783e40e9b07400fff005aaa5a46d37da988ff0057cf1f8ff854ba7df4b04a52354242f707d7eb5e9c568799524ca97c890be5d72b8e40fad441bccb6989e8a87cbf6e0fff005aa6d6d76cc08fee0fe66a9aa0b89618b9e582f1ef8ae848e56c874ff31a7650c376de4fe5523b1614ff00205aeab34233f2a0ea73d40355994374cd322e4c8e707da90316634c9e568562c01d3bfe15135ec84f013f235434cba250b11865cb4ac72ac3a01fe41a75b2f9b32447ef330553d81350cc61f2cb239207a8a6c0763a4abce086e6a794a532e6a6b05b9fb2b21fb52302ee0fca4119e3f31daaae9c845da138effca99a924cec6f8a0db210a0e78e063a75ed50e9ec45c2e31dff00950e03533565906e65e7a914e8402808aaad311276eb52cf7445a27ddfbde87deb3702fda1bb6bb92e91a23b719fe46bbdb9bdd0ee3c3b1c763677115ec3698b991cfcaf26c1c8f98f1907b0ebd2bcb2d2fe359955d80539c9da7d2bd1dfc63a3bf8663b2fb62f9b1d9795b7c993aecc6338c76ae0af07cfa23d4c34d381ce282c80ff00cb5fe26ec47f9c549e2422df5884440afee41f5eed58d73ad8036c26365078cab5432ddfdaae5776de98e01f7ade29d91949c53652d78bbbee63904b1ac47551ce2b635621428539fbd595b496c915d50d227055e572185411d291460d4c178a369ab83d48e4b31b838a703229ddb86e1d0d041a722ee7123718e28a9b8e6ac895679d00323e41e9802b634496527cc57c02a474f7ac9455775c13c115e95f03f4f9351f14dcdb2ab10b62eff2b007fd6463bfd6b8f1134a275609b38ed4a7bc79434932b6171d07afd2a83cd23300cd9c1f4aec7e2132cdab4441ff0097751c7fbcd5cf4708d84f3d28c23b978ab99723b962035376cb372ac076e6af488039e4d5b48c01debb5ee70b5a186d1cebc175f4a6142bcbe0fd2b4ef00c9fc6a91a72d854d0d58c67a545320dc38ef561bef8a649d456636c6ac4bb071fad288467b7e75228ca0a76680b910853bafeb4be4c3dd3f5a93346680b9088d0f6fd697c941fc3fad29a729a770b0d16e87f87f534820887f0fea6a42693345c2c42f0c7fddfd685857d3f5a973499a2e1619f67039c0fce98f128edfad4c69281dc80439e98fce831483f896a7a426a58264415c7714a59877a9280691a26356609110f932e7e561d00ff0039a7453c841cb73fc3c0e29db463e7241f6af53f825e16b0d7f47f12f992dd0922b78b608d9464b2cbd723dab9f11561463cd23a6842551d91e5a6ee7540b249903d00a818b11d6ba9f1b6833693acdc58b23882264daccea589280f38fa9ed5cca967e1801f4aaa7563562a5116228ce93bc88b6f06a36c8352b05cb7278a69002e456a93b5cca72538e833ab8abda6b6cba88ffb6bfceaa751535b1c37e22a66ee8a87ba8d6d4181bc797b9c0fd056b695b4a7438dc7f9560ee05456fe82eb90b9eac7f9579d8bf80edc34af247d59fb3c59dbff006689523c3f9368c4ee3d70d573f680861fb109664dd9bc8c704ffcf26a6fecfb323695b4b7dd82d074ff0065ab43e35c711b40fb9b9ba8ff00f45b57e515aac9660cf569b7ed1fa1f18cc30e3e950b1e1aaf6a0a639d71fddeff008d50b80cd8c8f5afd4e94af66791574994c9ff00496fa7f856dd8cc40c73d7d3dab0a51b6435a964c51833800827f956b5e37894a5aa3adf0a2349e21d2c823fe3ee1ebfef8afb47c00ed0f82ec013de4e9ff5d1abe2af01cb1b789f4f666c6dbd808e3fdb15f60786af88f0fdb22ed2016ec7fbcd5f09c4578ca28f529d2f69147cc1f1917cbd5a3ffaf44ffd18d5e6b7b27cab9cf435e89f19656fed14181ff1ea9ffa31abcc6e1b233f5afa8cb23fb9898e64acec8dbf0b3ffa4375ff00567ff4215f5f5b5f490f876e6da362bba50dd063f87fc2be3ff05ec6bc6de48fdcb74ff7857d52d296b19071d47f4af0b88617ab1febb1db93d2538b6fa1f377c65553ad5d48e32c6e2e9b3efbabcce14767322900115e8df17d917599f71c66e2e7ff004215e7b68035d31539f97fc2beb329bac2c4f2f364bdb348d7b672f09cfad557e263fef7f5af4cf16683e03d3745b84d0b5ad4aea4c2b28997a92c01ff00966bdabce6690798533f229201ef8aee83d4e09e846cb9a89cf15293f39117cdf5a84815b58c9323279a01a71c5271eb5a441b2f407f9d3a590818cfeb4d8471f8d24ab93564318afcf3fce88d7079a695c53d860d5232265e3914f1213ebf9d421b8a15b069dc099a42c3907f3aad2649e86a6dc3a60d249b76e71daaae0cacc054320c30e7b54aee37639a85ce587d293640a1c8207f5a91b2c82a0230454c1f083ad4dc688420571c0fcaa487893a7714d0e0c83ad3c6037e3426524492b0de698172a682417342b64555cab0e8405c9e29c245de791f9d4649da71e951c60990fd2a5b25a246909fff005d20739ebfad348a613835371dc98b67ff00d74872298a6959f345cab8bcd0284e69c4628b8c722e0f5a9338151a9c9a711c524810ece6a39297245210735561b19d01aa577924e33d6aeca76a1fa1aa2edb98d2b18498e8781cfad3d725bf1a611b4d4b18e334c691215f96827e6a5439a4239a0a45888e054c8e3fc9aac9f769c09141699632298ed4c0d4d76e6958398917914eb78b7387eb8e3a5361e455f687ecb0b138eb9e0d3487cc3ae6d4c5f6538c09793f2e3d3f3eb5b36696df63489e4841193ce3d4d50be9d65b6b2c06ca277fa0aa882ea49db648a063b8ff00eb55241cc6f4308de1964e9e9523288a58c1604c8dfe7f9d625b6a522b842cdcf3f7455a82edee6fadc1270b281c803b8ab96c37b9d2a2b1b658d413839e07d6b0515fec12464379a5b2bc7cd8e3a7eb5d24722c31866079e38acf86d4c976937cbe5a8208c9cf43fe35c95763b69ad09bc3361287577de992841286bac962d4a58c41a7c37771229c9102b336df5c0ed922b162b828628e12548c03915d17817c5b65a27892e7fb523ba9d3ecc5008514fcc59083c91db35e3d577958f4b0e92572ae85e25d72dbc3d71a7ddddea2914b36f6b796e5c2bfddc12a7af23afb7b565dcdc896477116c2c49639fbd9fe7563c41756f73a8c6f6c8e9108802add7393ee7dab2dd99d8ec380879cd7d7e5982b4798f94ccf1b76e24bb8a2efdd9078db9e05359b0783fad46ce0a80734c0c77735eed1d1d99f3d37a5d16e391b69ce7a7ad70ff1070e4e40ff005abffa01aec4ca1633d7a570de39b80ccdf7bfd6af6ff66bcacd249e88edcb134eece289a4dd431a6135e2247aee63f753cb7ce39fd6a1cd293f353b0b9c977726b42261f618f9ee7bfb9ac9dc79abd1bffa147f53fccd3b09d42ed81ff4e8ff001fe469f0b013de7fbc7f99aafa7b937b1fe3fc8d3a324cd79fef1fe66b2e435a13e65a93a3291dab5b4bb68e65dc6f90fcc463af6fad6242a48ab168665940b4711a739079e71f8d4d5a7cc8d155e59687aafc3a1a05a4d31d46e34c625a2dbe794078dd9ebf851e3f1a4dd6a53496577651c25d36f92ca57ee60e3071d6bceb7e22776e6445c93ef535adc99ecd15c92724f403b9ae6a787e5773b1d7bc4bd158db2c6556ee266278200cff003a7e936ca753890ca1bf7ca071d3e6acd80bac830715a9a3bc6976b2153b96456cfbe6af10acb42284f9a5a9e85e1cbbd0f49d5656d62d74ebb8fca2a16e8a00189520fcc0f38cd707e278ac2e2e945acd6d6f118c0263dbb7393e98e7a5757a6c7a06a372c75ab19ae814ddf2b95f981001e1876af38ba65086220ee6e41edd6b9e9d1bea74e22a6961d6da5411b4a7fb6620ae791c018e7fdaa6886d2cae1a413c17008dbc63f3ea7d2a948576ec00ee618cfbd45b44681651bb1e95db0479959d915f5294b0cb75c0ea7deabdb1643e7007f7786fcb9a92f977dc2a0eebfe352c8821b4db8fbf1e38fa7ff5eb732b15a299ae75296739f997b9cf4c0eb4c518a6d81db70c9e8bfe14e539a08b0dbe00ac5c763fd2aa8c063902aede636c59f4ff000aabb54b1e295c762fd9a42d61206742dbf8ce33daa27183b57e9c53b4b84cd7b1c03186cf07e86a4ba4f22764f46238f634b987c824de6dc5847691c6ecc8db8ed049efdbf1aab623f7ebc7aff2ad1d3e7104ed2b6482b8e07b8ff0aa964079ebc7aff2a7cc0a23a403cce9de9d381f644e07deff001a5940f30fd69d328fb2a7fbdfe350e40a236ca01e6012301c9e587b57797fe0b8ed7c3b6ba935f2817169e78536f8fe00d8ceee7af5ae374a8c5ddda438e5b3d78e8335ecff00126d9ac3e1ef863054093496ced39e9145ebf5af3f113b4d2b9eae1a93e4b9e2e22459da3c2b003ae2a1d419adae17664fcb9e38f5ab24c7e509029dc4e09a65e8592e5770cfcbfe35d94d5d6a72558bbb336696490a970df89a8dd87403f2ab37610155008ea2ab300bce2b77a239941b771452d34538543d18e52d4281cc813a668a7c6bbcf983b71cd0e572d2e62d5bc603c6010c491dabe83fd9d743fb33aeb4f1f13d9cb1f30e3fe5b2ff00177fbb5e3de07d01f57bc5c98485922fbccc3ef13e83dabe99f03da47a17856ced4280537afc84b0e5d9bbd7cde6f8b504a2b7b9f439760af1bb3e6ef1536fbd472d9c44075cf73592affbb7e7b7ad4fae5c33c9924fdc1dbdea8dbe5a3939ed5ece06fcaae7958bf8864872739a97ce3b7bfe755e6caa0fad377e4577bdce16f41b712166efd4f7a8b2295ce4d31a9cb6220f51dd58547370454a832c29b70395fc6a007c3ca0a6d2c27e414dcd002d1499a334008685a08a0501cc293486834a680e61a68a28a07cc14514517b0ed7d82929c2822a3990f95adc6d14b8a5029365a0208601bafa1af68fd9d6e1213aa422555337d994aeec6eff0058318efd6bc688cfefdf955e08effe79aeff00e0e5f8b6d6d366f0af736db8000e46e3fe35e66694e5530b2b1e965f5542aa4cf4bf8a9e145d510bdbc004c6746668edb7310108e48e71d2be7fd5b4f9ed1f2629146d0798caf7c57d84a62bdf9d54f3cfcdc74e3b578d78d7c316d259c8e914608451cc8dfdeaf97c93359426e8cf64cfa7c7e02388a3cd1ec78785e252c704f4cd310fca17ae2ba4d5740786550be500ccc3ef35635dd935b4cc0ede303827d2bede1898cd5933e3658595295994d4e38a7ab608a8db834035b38e8615656958bd0c99ff00f5d741a21cdc2041bb93d3e95cb44de95d1f86ae6386f6359158e598f1feed7062e3ee3b1dd845efc4faf7e0518ed74885a42aa65b7b53f37cbfc27f3eb5a1f179c5dc1e5c4dbb1728df29cffcb33fe35cb7c31be1369762b0ee5d90db83b80feed6cf8d6e4420bcdb9b32a8f947fb26bf24c447fdbd9f5b4b08be2f23e4fd483acebbd587cbdc7b9aa170e0818f7ef5ade22b889e7015587eec75fa9ac295c0c9e6bf50a0af14cf96c6da35081f990e4fe75762c8612090c8a3a8078acf762d21c55ab795117ecea082c73edfe78aed6ae8e5e7d51d9f801249f5cb368addbe4b98092ab9fe2afa6749bb962d2a184bbc6ca4e7e620f53dabe61f87dab1d375bb6572e44b7300f9541e8deff5afa2ecb50865d3e2ba659087247419ea47afb57c3f10d26e48fadcae2a74cf11f8cf2a1d4531b49fb2a77ffa68d5e64edce5ba7bd765f12ef4ddea28c4b1ff004751c803f8dbd2b8899f761067d2be9f2e85a8a3c2cc2a5ea58e83c231996f1bcb723f744fcbcff10afa76691a1b2918317008efee2be55f0bdf1d3ef19896ff005457e500f520f7afa262d5a43a44cd70cef871d147b578f9dd26eac5ff005d0f5b25a895397f5dcf10f8bd7092eaf2642a9fb45c77ff0068579f7cc9f346e79e3e5aec3e27dcc171aa4c511c113cfd7dd87bd719109368c30c57d365b0e5c3451e163aaf36219a8faadcc8a564965707fbd293553cf2f2125cae4f76aed7c73e01baf0f59c9333d9e1515bf7723b757dbdc57097117961376093e95d50e57b1cf52e594baf21c903cde31f7a94cea7b8fcea960950578a69571dc56f639ee5ef301fe21f9d1b87afeb543730ef4e12b0effa5081c8df5c088f3de9af823ad0398c814a50eccf3d3d2ada18cd83cb1c9eb43a8dd4a14ec1c9a7ba73d692258000afe14b1a027bf4a45e38cd491e077ad13023d9b45432ae6ac4fc0e2ab1279a04c8b18355d88a9e5273deab3823d68331c0669e0114c8bad4c71ed40d0dc0cd4cbc2fe1554121bbd5846f97f0a91a119b0688da98e46681c50cb2563914c2b939a01269c0e3b5210d238a6d3d8d3293a62b8a0d181eb40a471ef4d682b0e001a5e077a6c7f5a493eb4a4ee52958929ebc546a734fcd34362bd31e949cd21aa2591c83e5fc2ab1e0d5b93eefe155587352c960a39a9836171ed51a0a78192050891f19cd3d5f2bb970715241171d3f4a1e3584f96086cf3d2aac524242a2462cf91b4e78ab2aa921f2d4938e696c61124aa9b82ef603a7ad69dce9cb67089b786dc76fdcc7f9e94ec51564b231a9810312dcf247f9ed51c56ee1882a72a7d456ac0cb1dd23ce06003f7fe87d6a95ddd46b7aa102ed790f46e319aab13620781cb9241fcc5490c0cec320fe74dbfb9c485634e847dd3ed512cf26e1b77fe0691691a505bbc5b98038ebc91443992edc1feee78fc2afd8a79964cce79f2c1e7e9541576ddb957eddbf0aa43b1a46dadda40f1bb9c71fe78a86300cb222f386c53b4d38b766693277773ec2a1b0b98ffb425560bfeb40e5bdcd44e6e4822f53790469a4c2acc410c7f99a60b958e40b110d31e5548383fe79a4ba647b7545650036783f5aca966d88581ccc3ee8cfcd8f6efeb5972de2ee7542a58deb6b98e49e3591803b807c03c73cd77e3c39e19b6f0859788e3d42f8ea7752b43344d8f2954170081b339f917b9ea7f0f139afe586394f98e24604afce4107dbdeb6bc27abea5716a96d737f76f022332c524ec554eeea0138cf27f3ae5a382f6952e6d2c5a8c59bd3b7f2a84b714c77cf7fd69a0e6bece953e5491f1f5aaf336381e697218530e077a89e5118e48fcf15bb928a385c5b90ebfb8586ce5048ff0056dd8fa5799f882e43df48411d57b1fee8aea3c49a8ed89943f5571c495c2dd39966662739c77cf6af0b1952ecf6706b9510934d34ec518af38edb0dc529029fb6936e29dc3946a92a722ad4576e83185fc8d418f6a5033fc3fa5170e52ca5fcbe72b6d4e3d8d363bc901b82153e7cf63ef50aae0e71fa54aa800cedebd78a5f0e82e56dd8916f6516cabb5383e86a78f54985c2c8cb18c0c743fe35576f6c7e94f882b4814c6067be2a673bab1bf2f22d4d48f582c9267cbe9fdd34c3acbf9223022e0e7ee9ff001aa734489b7695f9bae053d204f2c3e14e7da95d38d89949a572c8d665dc1144449ff64ff8d431dddcfdac4ad1c60799bbf5fad355232c1bcb5523daadd82c6f361957018751d79a8a925081a51bce68d0d3e2d4350bb76b58124ca67ef01c0c0ee6965ba99616daa86bbdf8717d6b6b39893c3b0ea0eb03670809fbe0e7ee9fa579bc92edf918673cf26b928622f2677e228da289ee6f14c7119485c0ec0fb533fb5edd6308b229c7aab5665d3198edddb7a8eb512da841b9a40ddb915d718f33b9e74ea72ab16ee7599cc806d8ba7f74ff008d65dc3cb732972abf789e3de965047cc54f1eb4d0cdd94fe15a3d0cd0fb69e4b694fcabd31cd491dec83b27e46a00bb8e58fe741da7a2815372ac493ced2f50bdfa542bc1e69c31e8294807d29a64b42873bc1e2ac8bc2a9b7e5e98e86990aa6392bd6a294287e31d6938ab8e35aeac48b7726ec809f91a9df519a6bc472b1f0b8e01f7f7aa44803ee8a73900ee51d3d29b77d0a8ad2e589aee567fba9c1f4a7b4ef2c0a985c839e2ab443218b0e4f4cd6bf86f4b9b50b96454720465b88cb7702b2af51538dd9ae1a83a9337be17e9536a1e28b3508c54b48095603a46c7bd7a37c7d296ba1786ed1492c96d346c0f5042c42b5fe1178623d371793c681e3b87c6fb7da706303a9fad70bf19f536bdd64dbb31db6b7172880c9b801b80e076e95f371c4ac4e2938ec8fa3951f6186773cd89fb38f38756f979e9fe78a69f9a853bee9e37fb806467a678a07b57d128bb5cf9c7579a5ca5db0d2a7d42dee1a28d98429938603a83ebf4ac9bab292dae196452b8c0ea0f6f6af64f829a3c17da6eb5e7a464f930eddf106ea24e99ac8f1e784d86a3379111c6f4fb96dfec7b579ffdad18d774e4cf4e1964a5454d1e561768dc3b53d11ce78fbf5ad2e8f3c73ac4d1c83233cc46ba6d1fc272dd408e227f9554ff00c7b13d4575d4c74231d59c5470b52acf96c7111da4a0e029e9ea2b6fc3da05d5e5d244627f999ba3a8e8b9ef5dfe9be0b3b43490f507ef5a7bd753e1af0cadadc24c621f2b37fcbbe3aae2bc4c66790841f29ef50c8dc649b37fe1cf869b4cd2d1a459577c309e5d4f453e9f5ad2f1ade4561a4c44b81fbf0bf3027f858f6adb81c41a646026d0908e9c745af2cf8b1af0fb38b704652e10ff00aeff0060f6fc6be5f095258ec45d9f415230c3503c5b536dcdff00011fce8807ee4ffba2a3baf99bf0a9a1c08bfe035fa4528f2c523f3dad2bc995651f39a4078a99941634d60a0f515d28e4655997269a883dead32023a8a6a4593ffd6a63444061c513f216a678f0e3e9e948f1671fe150e4091142a768a663157628b0a38fd2ab32d2522ac3452114f4427b7e94acb8aa4c9e523a69a94ad308a4ead98fd98da29db69767f9c50ddd5c396c478a50b4e231466941dc434656229ff2d09c815afe1674b7bc58ae4ec5b992352472719e718fad641886ec09f73763debabf873a626a1e20b413bab08aea0f91d376fcbf239fa57363671a74db6cedc1d26eaa47a5e8de0bd2b51d322ba5b8bd21f3f75d40e188eebed5e4de28d19b4c9421571fbb0df3303d588edf4afa974cd3e05b54b44863b444c90cb185079e98e3d6bc57e28784ef2da6f39669ee55604ce2038fbe463a9af99c0664a55b95b3e9f1d977ee1492e87932b021813d29d1024f0334e951e0b896396068fe72b965c74349800e52407e95f5f492923e4395a95897690e0e2b67c31298b53b7738e268cfe4d590ad9527157f4b9024cadc02194f5ac2b52e6c3c91d146a5aa23e96f02eaab2e9304619090ae7ee9fef9a6ebf6a67b478d412081d08fef570df0e75811c6aaee30227eb2ff00b75d558df9b988a348492dddf35f98e230d2a588949773f42c0d653a16f2397d7f457cc0b12bb17dc0e597dab86d6f46946a935bcc8ea8bb48219739da3fc6bdc2386d9b6994c2ec31b43004e7dab3352d12d751be902c30a49c312210c700015e960f30f64ecce0af81f6926d1f3a5e698cc86e30f85007de1ebffd7aca68b0cc0e7835ec77fe1c29a54c05af71cfd9fdc57257da0ec491becfd989fdc57d5e1b3484cf9ec4659283b9c5284281493c5686972159d564c2a92493f85691d19842b2884e09c7fa9aa36113c770a2585b6724bb2f038aeb9568d48bb1cd1a7284d1f497c1ef35f4c89d54158e1b62a7d46d3d7f2adff1e8b9bbb60b0c6af2f9ca48ce38da7d4fd2b9af8586ca0d2a0f275bb795a582dfcc8d251984ed3f2901bdc8edd2b67c697d6f69002350889f35467cd03f84fbd7e7189c3378e6ff00ae87da53a8beaa8f997508dc5c2ed19f97d7eb546e4b8037003ad5dd6a244903477eb26107dd6f7fad651667273213b7d4e6bf46a1f0dcf83c5abcc4f93713935244ea232c0f435031c39555dc7da9e5d769555073e95b9972e8741e1a9505e452eef9a392361c719ce6be8ff035e1b9f09593fcbb8ef240047f1b0af993c343fd3e32f26c4f363ce4f18cd7b7786f54369a4c290485a30182ec930bf789ed5f2f9dd0e76ac7d364d55463a9c27c4e9a2370040dbc7909d41ebbcd79e9d9fbc2c48639e3deba1f193dc8bb556f3a5cc43924ff0078d732d1c85c13bc64f4c57b580a6a34923c8c7b739b689eda4200538c62bd9b43bd8e7f0f5c5b58b094bcddc1073f293d71d8578c5ba3994a796dc0f4aedb4c9f588efe3f274cbeb7879dca8aeaa4e0f27031e95963a9295bc8bcba52d51cd78d770d4a618f9d669770f439ac08768fde03fbe230cbd80ff38ae97c656d224fe73efdf2b48cca5790720e0fe75cc21dac491838e9e95df8569d1491cd8ca76ad767d01f1a35537da1dcb2ec23ca8978523fe5a83debc1a605a50c7b366bbdf13f8812fbc3f7284ab31da3fd76e3c329af3f2e5cbe056782a6d2771e26698498ce69a452a8ca0c9a335e835a9e7b5a0c229a569e692a9c741d27667436f6e597b75f5a9e7836439e3ee9efed50c93ef42a71cfb55c965530daf3f754678fa55335b197fc341627bd4b7b20370cc3be3f95403a5408500e7ad4aa0e3ad451f0df8d3e43c55215874dc8aacf8c9a91c605445bb5592c8dc64d4170463f0ab0c3355e51c50664709cb7e22acedc8a863eb530140d0c60334f03e5fc290f34aa2a468694c9a5c734e3d29318a19639129ccb4894a46690990914c27152330f3940e78a194330ce7ad0a6d8d21a1a9181f5a56288dd6987cd61f7452926559099607ad28c9ef42175c8600539114b64934463721c47a75a71a5519a531e4f7aa48068a1eac4506477fce8540a8473544b2a39f97f0a83033569f19350b81b89a9648806054900cb7e22a2181dea547008e69228babf2a8c54582f2067e71c511b64538caf8c30515a2027b50e278d9081b581fd6b4753b991ed12366ce1f3d07a1acab5085f249ea0d5f7daca0039ab43b9a5776c6e232c9b46001c9f7ac3b8b7292316c13192783e95bd24c16d1d548273e9f4ac4fb3cf2cd2304c8dd9ea3d6861720464662ec09c8a72e5509269cd048921dcb8fc453fc8c4655b233ef5171dcd5b59a4360e15b1fba1dbdab391e712925c74f4abd04d0436bb59c8c201d0f6151b6b16b1c413cd1c1fee353b87313db928854f42735490a477e5b079973fad52b8d6ceeeb1f4feeb550bad53cc2394effc269c5c6c6699dac738638e7f2ac9bc9b6ceb20c860bc1c7d6b986bcf97f87f23559a777b859885ca8c71f8ff008d4cad6d0a94f4362ea779ee42eee7790323d4d747e139523b8304a0b32c44923a7de1fe35c14b21925427190dc62baaf0229fed391df80606e47fbcb5b6057bc71d59c99daa504e2a3764ce7754135d22291b8743d8d7beea248f29536d92cf291ebd6b2354be653805bee8ec3d69d2ce2463823f2ae6755b87da448147ca3a7d6b8abe22c75d2c35cadaddcb4ad8c9eadd40ac82bf283561dd5892a726a30acc7915e3559f333be14b948f14629e1697158dce8b0cc50066a4029c3ad2b8588c28ee29e360ec69d487ad2e60b08548603229ebbb6b73d298a053f8aa72e6627a4c137119cd4f008e41e62291838e6a018a9d43adc2b30c60566fa8e6dce4923434bd35af85c31d844583c923ae7d3e94cba805b9309c7ca7b1fc6bdb7e06e9234ff0d788350baf32349ece1990ee04101253d073dc57997c479619fc4d77716ce5f7b47d46063cb51dfe95e7c313cd59c51e8d4c1da926ce5930796e455881e232a244acac58024fad5763b47152c443b267b115dce0e7138a2d539ab1eb9f008c2de2dba82f50caaba7b9c2f1cf991fd3d6bcd7c5ba74ba66a31c6cd1f3086f9493d491dfe95d3fc2ed43ec1af4edf27fc7ab2fcc09fe343daba5f8e5e1e6b8ddaf059736d6d1c5c3aede653d475fe3af2635234abf2bea7b6e8bab47991e2edb89041a9198081778279a6a2ed3293d57a7eb499f3621bf8e7b57b77b45347cfca1efb4c86e5b74448ff3cd471e4479f6a924c8906d19e298bcbe5b8c1abdccf61adbcc60823ad2fca3b52b3067214e6900e69582e2119e940523b8a750588a9687714064ee28c679348df2f06921c0ded9f7a49307149e83b0a7a8a101f2c92475a5413487f7681ab434fd3ae251b5a32189380187a544a6a1ab368d394b4441630b4f2a202bcb28e7debd6be156803ed25d844736effc6dfdf159fe0af0bdcb2ef8e291b2232ffbc4e3ad7abf86ad1f4fb544954aa8561c907ab67b57cb6719aaf822cfa7ca32d7f1491aeceb65a74ad102a0303c73d481debe73f8877467d7ef1b27fe3ea72720777af64f1b6b305b58cb119172515b9463fc7ffd6af03d5e513eab772820833bb703d58d470f5094bde915c415943dc894597f761c7de27ad285db41059cd2c48c50b91f303802bebb68b89f2d1859a91ed9f04d8c3677217812c76f9fc9bfc6ba8d7ada192f642e99e4773fddaf2df867aacb626542b18593c904904f0377a1f7af48b6ba6bc73e5856e33c0c7b77af80cce94a9621ccfb9cbeac25875167297da0c125f2388d384c72edef5dbf86b48820b6894c6bf3a463866f4aae34d9d7508c08cfdd3fc43deba9d108d8d149c6d0aa71f8d7978ccc67cb68b3be8e169c6a26915ee6ca286301100c1f5350c7ba1f973d79e2b62e047e6989589dbcd50963c42c066bca8d59d5f88f4eb5925626d52f160d1c921b9b76e807f76bc0be22df4771a8cd90e479887903fb95ebbe259443a54e09033049dbfd9af05f13b86d4657f52bff00a08afaae1fc2f2cf98f9bce6ba54ed73166396fc2951c85fc2a3734919afd0231d0f8694aec7eef9aa398303d474a7b535c568662a03b7ad4d02e4fe151c6a6ad423152d8d10ca3e71f4a7aa82052ca3e61f4a72f6ac1c8d5445da028aa4cb9ad13f70551667f39781d2a798be5162418e94d9d47eb520dcc464504b07200156a44b442ebc544c39ab33a64ef4e702a07791f0aca005e38a6e2999b931a053c8a54caa8dbcfd69474a71ec17b9115a4d94e23e6fc69e0715337c9b171891a44ab207c723debd47e16e996f79a8d94fa746217b79addee4c8c7e739cfcbd7d1bd3ad79ac69313ba540ac3b035ee5f0386913cb1a45752b5c2b5a891369003f3c7ddf5cd7859dd6953c3ca47b197413a899ec36b625a05966dac8720004e739af36f8bd2491787eea7b66d85638f048cff00cb51fe35ef561a424d631f326793c30f535e29f182c6fed74f9a39600a0c31b7de07fe5a7b1f6afcf728c67362ede7fa9f4988c529d2703e62d4a6966bb76b96df9918f031d4f355f6a13fb91b7eb5735488c1a95d31c82f339e7ea6aa03129f32562a0f1c57eb9425eeab1f135d59dc9a22361fad4b049890019ea2a051835203d2ba63ac1a6735ed2b9d7f87b507b64055987ca470a0f7aec744d4ee1665cc87ef1fe11e95e5767384eb8e9e9ef5d0699a85ba1111900cb13f74fa57cce3b2f526dd8fa5c063b9558f66d10cb772acd230648d91883c1c75edf4adcb358bfb66795148063c75ff0076bc9f41d436dd42e9b485742320fad777a56a825bc792428094eca7d457c862b0b284f43e970d8a8c96a168a97fa14f2119c49b7e6e3fba7b7d6b94bcb0f392f946dfdd870324fbff008575f0dd2ff6748c08c86f43ed59a248da1bd5ddfeb1483c7a835bd09ca0ee3aea1511c79d2c8d221fb99de7f88fa9ae72eb4596e34c96eed9a24890856566392723d8fa8af4b86248f4d89413c31ebf5355a48a01e13bc54762c651807ea9ed5e950cc24a47055cbd357465fc3d58ac360452acfe4894839dc467d7ea6b53c6ec6fddadadfe575915c97e98dbf8fad58d0c5c5be8f74e91a906dc1e4fa29f7aa92ddea575a7450a5bc276b6ee38f5f53ef58b97356f68cdf97968f29e40fa76d81a4982360f626aa416b1c9e708d402bea4fbd7a5699633c9a4cd12212ad272770cff000d55b6d1ede58751567944a8a46d0475c371d2be9218f496a7cccf032948f3fd3ac1dafe44628404cf53ed50470c4b28429d79ea6bbfd1b4aba498c51c44a8438cb2e7a8aaf61a1c914aa245915b2481bd7d2ad63e0dee296025638fb2497ed8b142c14bc81467ebc57a1e9f7573a6e89045349b99588250023924f7aa369a5ce35446f2db6a4c0e770e9bab798ccf7af6d1a866419c7e5fe35c98bc442a23a30b879d338fd5a78a7be459959894fa773512e8cb3cf0b22a052c0e0b1e848aedb5dd3e67d5e1f390a8f2bb30f56ab7268a20b9d22693cc52cead1fcc086e54ff008573fd7d53b24754303cef5394b3f0e446e9c6c8b3b7fbeded5e8963a64a3538bcc68cdb60ef404e49c1f6fa77ab1730ee73e6657e86b6b50ff44f105ba8ff009e59e79fef57935f3295467a183cb541b6797fc5ed0e08ede1b9b38d23216777cbb1278523d7debc7863ce66946e0476af68f8d731096a4e3f782e3ff65af1c913e72feb5f5794547530e99f3b9d4542ae84f24ade59849e1b9e9fe7d2ab2e033003a9a57a07ddfc2bd9a5051478752a36c6f3bc81494b9e69a6a1bf78a5f08a693145266b46ec8c93d4dd62378031d29ceee54005b81c73513a9539a9370c20e79a573a489f2464939f7a5da7de9d3818c0f5a6f99cf7a100a0629720fa535ce45350126ad087c8722a12bcd389a515443233c540fcd5971cd57906282048d454878a8e36e7153019140221a7ad0cb8a107352342919a41c9a942e6a323068659220e291b8a6a3f38a7e33484c889c4a3745b78ee2a29033c80231ebd0568e9f6e6e275171871920f38eded5b36fa7e949226eb562d91c876ebf9d7661f0e9ee6529d8e6becd39e7c891fdf61a49ecee2ddb0fe6f4cf2a4577434e8e51fe8eaa83fda63581e295956600301fbb1ff00a11ad6bd151442aaee606d391b8fe75210020208a4922936ab1653c669e8b98c66b836674465743d69dbb068519a366684264f14831d3f5a80939c7353451f1daa0b8609301ed544b295f3b46475e73dea385cba8273f9d2ea4d9d9f8ff4a8636d912d4b249cb0c751f9d3416278c9a8995c77153dbe3bfb54a1dcb36fbf0386a988773f7197f0a884e883a353ff00b421652556407dc0ff001aab85cb70421464b81d3a8a984889c1753f8d6249a849bb0acc067fba2a19af65033b8f5f414ee2e63a5b9bd8d1480e87fe0750c7ac431060638c93ff004d00fe95cd1b8958fced9fc054524996039eb4db2798e8a6d5a2924242a0cffd34159f36a1296e1df18fef9ace087602314e114a622db978359dc5cc587be9db8df263fdf350991ddc92ed8f7352a41fbacb60fcb9eb4f5b64f215f68c93ea68b87332b1deedd1a90c6772e73d7d2af0440785a360691703bd128b8a2ae422db72039ffc769cd00170a028db8e7e5e2af18f6c63a75a6903c866c720d1195a3a9495ca32423cc56503e5393815d0f8625d9270bb4f9679071fc42a9e8d67f6bd420b63b4f9f2a20c9207cc71ce3eb5e91e21f037fc23be07b1d782db03717260cc72bb37fcb43c8618c7c958d3c62a53368e1f991cf4d75b7f8fff001eacfbbbb241c31eff00c559f7575201f78f4f4154dee9b0724fe42bd558872573ce952e565b6d44c6c7a9ff0081d44ed15fa1fb89dbb1e9cd66cd28663d69b1ce62e23257bf4ae2ad55b67452560ba81609301c3727a0c5444f1c0c53a6677f9ddb3de98ae1b800d67157dcd26c28a5c521a862e60a51d69b4e1d68b0730b487ad2d21eb4f94398052e3de8087d453821cf6a97eeb0f881573deb7bc31a1dcea57089fbe662cc00f28b1e17359314448ed5ee3f0cfc332da5f4571398195257c8576cf31e3d3debcdcd319f57a7a6ecf672dc1fb49a6cea272ba37c3816c9188dce91e5c8ca3cb24ac38c91f89af9df5a9d9afa498b9903103ef67b0afa07e27df5b41e1e9edd6390335a4e8300633b31eb5f39cac1dc86e45716557a8bda3ea75e6f35462a28887270dfad2825654c74cf6a6487f7ea07a53dbe5da4d7d1467f64f9b95fe23a3f0b5ca417af23328cc4472d8ee2be80d66ce0f11e81736e1a3dae55490a241c32b74af99ad19c7cca71915ef5f0ff00559a4b46b73236e69d8fdd18fba3fc2be5b39a72a535511f5793d68d587233ca3c65e18934fb9b86855d923794b6db7da30a7bd71ec3728dbf2fd2bdf7c536493e95aec92a866104eca72460ed6af0c36f894a0c0c7bd77e578c75696a70e6984f673ba33a5dfe700a8c78ed4d887facde369f7ae926d32382fa357553f2e7863ef5937969bae1d620ab9723927d6bd28d74cf2dd1667aaed72c3e607d28c1cf435a874e30d9a3bec249c704fbd567847a0fcead554f633749a2b03ed4633daa6f279ed522dbe476fce875109536571148df3156c7b8ab3069f24806d0ff00363a267ad6d69f631dcd93b85190f8e49f6ae874ad1d167b20ca843b2670c7d457157c7286877e1f04e6cc6f0e68ae0e25819be43f7a1f7adbd0b4a65bc8f7296e4f063ff66bb5b2d2ada2988110e17fbc69fa4da5adaea3135c445d46490ac7d0fb8af0b1598b945d8f7b0b97252573a6f0769d14368725177c71f54036f06a7d7af21b21e58b88ced7033e601d466a15bd8e2b775b60e994c264038e38ae17c65ab3c7232dc33bb091725547f76bc0c361678baba9ee626b43094b4307c79ab9b99c2a4e4830a8e25cff0011ae0d89f36424e496356afa79a6b95def9f971d07bd550872e4e3d6befb05875878687c1e3b10f1152ec42db46719a76378cf99e58a2301f8348ea194a81c1af4e10e68391e7babaa89d0f82cc9fda0b179acc1e589579ebc9e95f4ff00c2ad1226d3e1967d392e19a29325edc13feb3dc57cd3e0016efad58a08db72dc4009cf7ddf5afb2be195b98b45b7906dda52400679ff00586be173b95e763e9b0337182b18da9e9715b8330b242540e9081df15c7437be5de5e830ecdb21c7cd8e84fb57aa6b6d1e0c4ca4ee507f5af12f125ffd9f54d41222cbfbf947407a31af98a58753dcfa7a5894a3766c25fbb5c348236604766cfa55a7381cf4f7ae6bc397c663b642c7084f41eb5d0dc3e61622b9aa43d9d5512a389f6899c57c47d4443645148e639870f8ec2bc4b549ccf216ee48ef9ed5eb3f116169a16391c2cdd7e82bc8ef62f2dc838ea3a7d2bf40c8e0a304cf8ece39e726ae56614d518a7b5333cd7d523e787e33411cd2a74a47e286344898c54f1d5643562139acd9485947cc3e949e94b2fdf1f4a69ed5cecdd123b7c83eb549810c09cd5890fca3eb55497719dc29157458b68249b2577f18e8334d951e29d836ee3d462a5d36ecc3e6024f6e807bd32795ae6edf07b03c8f615498ad762c51bf4019ff000a7c71295977461481dd7eb5b5e13b24bcd521b691436f2dd49038527b7d2bb4d6fc04b6fa34d7d1a5b2e6dde5ff005ae4f0b9f4af3f118d8c27ca74cb0aed73c99b11b1e84507a53efe3f267689b0718e9f4a85cf15eb50b4a9f31c9287282f2df8d487a54511f9bf1a91cf159c173cacc49922093cf58f7312466bdafe08c36c6ee23e6456922c96bd80698e4fd39fcfad78ac2ce675941f9c700d7b5fc0f7b09ae0b5cc12493c4f6c63607015b2dcf07d40af9de2277c348f632e7ef58facbc3e15344b772a2463b81f5fbc6be7bf8f0b73796134d15dcc8ab6f12e149233e6fd7debddbc3d7cbfd9104787dc3713c0c7de35f3bfc6cb9be8b45b9104ea8be4c4482a0f3e6fd2bf33c869cbebc9aeebf33d58d16e351bfeb73e78d52de73732822490876e4a93deab22ec40b3419c7f7d7fc6afcfa88592412ef69589f98018ddebf9d54691e43be53b94f418e735fb5d37c94d1f3188dec4383ef4f5a1791499f9b8f5adaf639b71f9dbd2acdbc8e640c03647a5543d2a6b532aaf99b8601acab4534694e6e2cec74ad47cafb30106edbb3761bd31d78aeaf4fd6079a5bcad80affcf4f7fa579ee9771e5ab193272011815a706a249d88586067902be7f1585527b1ee61b12d2dcef21d5952d595b182d9e64fa546977949981fbe32bf37d7a57312dda35bb2a86049ee0558835140b0a61f8001e0579ab0da6c7abf58b2dcebf4e9a36d3e24919430c93b8f3d4d325913eccd68b1a90e73c7f87e158d1dd031064dc01f5029d67733b9f39df214e3a0cf4ffebd72cb0ad4ae7743129d33a38e658f49b88846173015eb8fe1354ec51534d8a569002c48c1e3b9ff000aa735ff00eeb612df3291d053ac9dae215b753c2e5b9fafff005e94e2e2850a8a489b4eb70fa34d2a8f240931c2ff00bb4691670c516a0e7cb99a45cf2a339f9bfc6a4b1328d3a4b72c36b3e48fcbfc292ce68912e911583a8c67b679a2f2e835c81a0da2bea72868846be51ea9c75150a5a40baa4512bc73065272141ec78a9b42be2bab4ab3967511740075cad54b7b8813508e58d1d4283fc8fbd52e642bc58d8ed123d5d71b5f75c0f936ff00b5d2ad4e8b16bd70c6c84636019d98ecbed50db5d4526acaeaae19670727d7754da95ccd2eb53ab3e4000f41e828bc985a289b559a293568a36850031fdf38e3ad3af24024b205bcd087e4c9fbbd3a7a550d46649b5a80c21962f2f055ba93f37ff5aabea574f0de58c5b8fef24dab8038e57afe74a545ca69209d554de8747792c62cd25f314c8cd829bb91d6a7d4ef91f548ae1dd7e58f1f33fd7bfe35c96b97b2c2362b91206193818c62a9eabab48d2840cfca8fe11ea6ae1975d363863524ca7f182f61bc5b158da32504c0ed70dd767f857974a30c57d2ba9f163c92796eed9c6f238fa573246e3bbd6bec328a3ece8247c766557dad6640eb4847152c8298c38af5e2b43c7a9b909eb494e239a3159287bc6917ee8c3494f229b555236428ee6d6e1499a6856cf7a728f5a93a50bcd27978e79a9171ed4c6634d0c5070298ed934bd691b14ccd8c614f8cd2329f7a4008f5a2e03a4e6abcb93daac609a63053e945c9b11c20ff002a95ba7342803a629b2139a2e4d863f3488714ec64526de698d215b9a63f22a541eb48540ee0d05112020f02a50587614d271d0539493fc069ec43658b2bc3653ab45b4e327e607b8c56943ab5edcc17204509014f4047507deb1921df19666d9838e455bd29502dc2fda57900633f5f7ae85882794824b899be5755047a559d24a0bc8fe63d4ff2a40889336e0ae31dc53ada645ba422055ebfca8756e09221b98775ec857273213d7de904332dc3109dbd454f74eab286242ee627ae2a17b9884a737083fe062b163bd85f2657eabfad31a000e1b23f1a8d3554d87e45ebfdfaa571a91690e011c9e8f502e634963853ab30aaeab1443ef1fc6b367bb91870efd7b3d44f3c8dd1dbfefaa09722cdf147fba73d6aa27c86985dbbb13f534d6727a67f3a08b9397a6b4b8f4a8b9f534e0b9a2e3b8194fb51963d85384608edf9548a17d05171108463da9c226c74fd6ac00bc7029dc7a5170b112db01cfcdf9d4b1a053d4d4cc840eb50e0eeebde801d2118eb4d27e6a1c71d684196140d13a9fddfe14c1cb54e1408fb74a8d71bba0a063e21f21fad10afefbfe0429e3014d3613fbdff00810a973bb148b538f907d69224f322287b9a91f0507d6a3597638c0e3eb595491d50f84d0f0db08b5780938093c79fc1abe8db5b383c55f0e34cd2d1e4668a779c88ced3c3483ab0c7f157cdb64c124f301009218735ef1f03efe436b10925629f679301a4e33e68af9bcdae97323dbca126da6782ebd6b25a5c2a6d3b0a0249209ea6b1a662818a60e739cd7bc7c49f09c70f852f6f92cd049188c0c5ae1b991475fc6bc36eecee2de46f3e0963572769742063db3f5af5729cc557a5739331cbdd39dca8232d0ace472c71edfe78a60c16dc7b53ca127cbf3f6a8e473c530e3ca3c8ce6bd18bbbb9e5548dd587610f393c521619c034c553b492c7a53942840c48e7bd5ca77d04a2921ab4fcd30d28350db0d053cd002a8c1268a36ef1c1a13643d447c800af34f44678c330c67d29a9c1208cf6e6b445ab9d3629111b963d17eb5339d8da9d3b95518c172bb795c649353416d3dc4aced1f05b31e08e73fe457430787e3bbb277499410d8c88b38e9ef5d3e85a2dbac084c51486dd5377ee47cd81dfd3a57057cc23081df470339cd5d0df07f84aeaef4782ebc9972e1ba488070e477fa57b56a4d6d63789757723471a272719c6720741ea6b274b922b3f05d8cf05820dd232e1142ff13fa0f6ae53e28f88648ec65d3d19fcc962471309f95fde74c7e1ebdebe52739633116e97fd4fac5c986a1f23cffe24eabf6ad7ae31b0c02ea7f2d82904a96e0fe55c8be3cc3221c83c73535ecf2493937059f731c348d9cf3d79aaaf90e769257b01d2bed3098650a691f198daceacdd84534f069aab4ec5754b4671c5684b1b5771e02d424835089c840c1df0083fdcae156b5349b9686752b395193f387c638ae3c7617dbd3b1dd80c4fb0a87b33cfbf4ad4a35c1379032b71d32add3f3ef5c17fc2313c521b911cbe5bfca09917fcf6a9f4fd5259211bae5d446a31994fef3fce3dfad74315e413e8d06668c49b8929bc123935f3b4a9cf08da3e92a548e2a28cdb7d2ecafeed25796618057e5207627b8f7a99b4a55765b5f31f61c1dcc3f0f4abd60f149a8c48b1240a41ce318e86af092044bc5468d9f040c119cf35cb57133b9b52c2d3399b983caf96e32801ec73cd665fe9664898461d93032770eb9aeb4222d9a5c5cdbac818e3f78bdf9ee7e9515f491dbb6e5b259230327030339fa55d1c549135b074d9c541a234c5902c8557873b978153c1a079729044be4e3e56deb927fce6b76c9556ede4de02cd203b3b28cf4fd6b5acd6d9af9e29da28a254c877c6d278e39fc6b79e325b2328606066693a5aad848f0f98ca24ea5875c0aea2daccc1159aa863e72a86c91c74e9f9d50d1268a384dab2a10ee5b71238e076fc2aedddcbc4d111b9803f2e1ba631d2bc9c55494e47a387a7181a1b61b69d977b6e03041ac092f1a371110b9233d0d4f71aa451b9965642c782ad20c8ae32ef54792fe32a5b1b31c49f5ada8619ce215b11181d06abac34500c797f2ab7553d8570bafeaf25dcccb88fef03c291dbeb56751bf660eac4ff0010197ae66e5d8dcb9193d3bfb57bd96613959f3d8fc65f4b91b49bbd2845c9cd37663ffd55227a57d1a5a1f3d395d8bd29a18ab6d7e01a90ae686505c6e0071dea64ac8228edbe18db69c75ab4924b89437da6dce00e33bbe95f58f856e3c9d3615b5c3801b1b87fb47e95f21fc3e4075eb2559f6e6ea01c7fbd5f5d7836210e8f03311270e3247fb66be0f3e7667d4654ae88b56bdb87819b64780076f7fad787f8fef1a1d45a421726694f20fa8af73d5224606346520a8e40f7af0cf8a50c097a07da62dde64fc719ce47bd78b97439ea2b9ea62a768e845e14d4a4900958460146e80ff7abb196e0490b18c83f8579bf86a450a231280021e777fb55d9dc4f885bca6ffbe5ab5c5504ab2691387adee338ef1e5d6c0e1f68ff005bd8fb57975ecc5e76d983d3f957a1f8b8ef2e663ff3d3ef579d6aa144ade491d47dcfa7b57d7e551f751f398f7cd36576a41431a406be8fa1e3bdc71a406909a052622453cd5889b8aac2a443c549a264aed4d0c2a391a9a1bdeb0ada9ba97ba4aee2ab038420d2c8def4c53b8e0f1f5a1af74ce1b93a9cedc55cd3d11ee583123e5cf1f8550070540e7e95d378274d8efb507579553f725b94cff128f5ae6c55450a5a9d3463cd33d9bc19a144d162eccd1c9e6b602b0e9b47b1f7a5f1d69b696da6c9b6594fee65ea4761f4aedbc356118b660db14f987f7853a702b9ef88e90c5a7ccaed191e54e371c0edd6bf3da58ae7c46e7d5ca95a91f3778836fdba4580ef705720fa6dacb635abe27962fb748b0042432fef108e46df6ac6635fa360dfeed1f2788569b1ea69d9a894d3b35db2d11ca9ea5940a0f98c718af61f801751457576370cb3db7507d5ebc65095f91ce73cf35ecbf024419ba6c47b87d98f6ce7e7af9acf237c2c93feb53ddcad7ef51f42c374ef6c88814e093d2bc6be38ea1147e1abcb7de32d144d82a7fe7b0ff0af4eb7bb641908718ecd5e09f1bafe494b446360ad6d1e7e6e3fd69af89c8708a58b52f35f99f4f98cfd961df9a3c92e19247ebd49a47664855100383dea39082c98c0e79c5395be7208c8c77afd4e31b687e7f25cd36c71a6e6909a426b4464d8ecd087653734dc934da1265b497e95661bad9e9f91acd538a9038f5fd6b1953b9ac6a58e9edafc4b6acae5465bb03ed4f3710c4bb83f38cf20d733f69611954247d1a8371214f9a46e9ddab8de1d1dab12750fab66d5154a1c1fee9f7ada9750923b193013a8ea0fa8ae06098940324fe35ab15f48d6ae24dff7bf89fe95854c29d14f17e674c35069ed8ab6c1f263807b8a7da5d4705bae580ea3907d6b9c82fd5508e3a7f7ea43a82792a3e5ebfdfae49611ec75c3188e8f4bbd36b118e3da72c5be607d2af7f68c928f3404261f9ba1ff003dab99b5b85484c9b83e1bfbd52daea71ac772a4292c3006ff00ad672c2b6cda38b47456da9b5dcc44bb00c67e506a18ef16dee14e57a67906b9ab7d48a5cb0c151b7fbf8f4a12ff00ce1bb773d3efe6a3ea8efb17f5c47476f7c56ede5f97fd66ee87d687d4da5d5266f930547407d05604179f315ee4e3ef52c970617326393c75c5691c1bec672c6236ae2e255ba469d55005edf8d36eb548d1a008ca4e7ba9f6ac796fdb3ba653c0fe37ff001aaba85dc72088c7b73cfdd6fa56d1c13bec66f148d2d62ec4e496207cc0f00fa556ba9913508e707854c74faff8d635d4970fd0cb8cfa9a469a492d5d897c838e4f3dabd1c3e09a38ebe2d588f5d94cd32b0c11b98fe78acf0a4d5f9806894b609db9e6abaae7a0fd2bdba3479558f0abd5e6656741ef4cf2beb579e1ff0038a4f278ff00eb56fc863ce66c9173de9a22fad5e962c1ff00eb546233e87f2a874c7ce57111f7a6bc7f5aba2338e87f2a8a443e87f2a874c6a65b2e3de93752139a01c5731e82179a1c628c6ea936b3b824534320079a76d269ed160ee39e39a629df2941ce066999b1d9cd1c54cb61781c2c50ee07d587f8d6a5a687a84caa12dc966038debd4fe35a729173141a66cfa576567e09bf9407b9b795011fc33275cfe3589e20d2edf4dd4e248de5398837ce41ea48ec3da8e50b99006290806a6e55cf1c31a718d10f9ac48ddc51ca3b9509c539466a795548ea6a232ac40f3f98a915c639db4c5c9ef552f6e37b1c63a8eded4d86eca29076f5f434897234001dc54b1b201f74d633dcee933c75f4a6cd3ee5c71d7d2822e6c3b80855f241f4a209ad200cc627c9e78fff005d6199f287a7e551ab93bba525062e7366e75052e7cb0ebf502ab8bd996e14973d3fba2b2ce4b52a024f4aab585ce6b6a978c63849279073c0f6acd6712313cd063257f0a44879ef49b279d8be6281800d31b0791534716df5a738c0a2e0408198632295518739152a134dc7145c191bd08a0f5a561428a2e214d0b4b8a72d22872f4a50314a05045034393152a81e951a0a94505123b656abb6777e3529e94c229dc918e0fad394618528a72d1704485c84c7b5362c96fc28a00a5719203914e857e7cfb8a488715247f7bf1a951bb1db4267385aaeeddaa594f1f8d47fc06a671d4da9bd0b36bb9f6e0f4c57a37c3bf1049a681007906d85c7ca8a7ab83debcc6de4dafdba8ad8d3eef6ff0077a1ec7d6bcbcc70dcf0b1ea65d594267d41e2db437de0ebe47daca59010491d1d4f6af1ff00883e18b5163a7b470c618c52162647e4e16bd1adf53b49ad5ed525051db24ed39cf07fa566f8862b4d4aff00485695f16b2e3e5e3ba75c8ff66be37038896127cad9f555a82c544f0ad53c38b058c738588167dbc3b7bff85605ce9ed18c653a67a9af76f891a7dbc368b3db3c8f234eaa43118c6c3ec3d05723e2cf0e4c976af24720c443f8d7fbc6bea30f9a2d399ee7cf6272b717a1e63730324718057915235939d3a37ca72dea7debae8fc2772629ee648a50aabbd0891391c9a9e2f0bb49a5c370ab3191d88237ae3193fe15e83c74124ee79d2c14fb1e7eb4ec56d26972cb034ca8c429c6770ff3dea91b3334c6250c5d5b6e323ad75fb783393ea952e523c54ad1b43205c8e99e2b5ad743bd231e41c63fbebfe35d2dc682b25bb341e6bde0c08e32ca148cf3fa67bd73d4c6535a5cde9e026d9c7c367e64664f97a67a9ae82ca289742b70cb93b8f43eed5d5da6844e94038904cb00dca19701b6f4fcebabf0f69cdff08bda5bc8181566380c3fbcdfe35e4e27318a4ffccf6b0d96bdd99163a2dbc5e1aba9ade3546594609763fddabda25979161772c814e620c704fa1ae8a6d1f6e85711c8245cb83f787aad627da63b6b4ba8518129195f981ec08af05621e21347b9ece14d17a1d46593c3b6d6703b2ac6e5802a31d5bbf5ef5e79e2fb859f4d98dd8692fb6a88e4030a1770e303fe05dbbd7426efcdb28f76d1f37607debcf3c59766eee032ed23ca038047f11f5af4f2cc1b8cf99a3cacc2aa942c9982caf33b79c4308cf1db1fe714c380c71f73b0a92639541e829af86840f7afaa8736c7c8b9f24845a71e94ab43e6ba230ba32954b31a0d3a162ae23ec79a10521df9e82945d9d996f55746c5b5dbac61771e000bc0e2b4ec2fa7da3321e87f847ad73b6cc7b81daae2ec2bc935c18dc229ea91e8e071bc9a3676967a8c8c7ed28cc150e39519e9ff00d7ab6350882b145904b20e5b031bbd7ad733a2cab34cbe61c7cc4703daa7bc22397311ddf31eb5e44f2ff23d586335dce8a4bfba96cd2de597722b6e0368ebcff8d4bac4ef34816d098ed8a8de8c064b67af7f6ef5876d725ed103ed1c9e83dcd57bbbe74425820e0763eb587d4b94e8facf3753587ee30f2f24f2bb7b62af5a5cd998c4b7b1492a1e817839cfd47bd72c35b97cbd88223c63ee9ff1a45bc99d4332a0cfa0ff00ebd44b0ad951af6ea756d710c13ac688e1c8c83daacde5e9486232163f2e4600f415c2adf8fb6c6d95e07a1f7a736aed89917cb39c8fba7de93c036cbfaea48d3d4efd64bc90b8729c606075c0ae59ef9e23bcb371e8053ee2eee0ae42275ff3deb3d672be95ebe1f06a313c7c4631ca5b92dddd3ca11831f9b27903bd57f989c93492cc58f6a58735e9e1e9a81e5e226e404e69c839a71a55aea48e46f51c0714c7ff005ea1b9e29e682240e0db2871eadeb4a4b466d1674be040b1ebf60ca31fe9501ffc7c57d6de12b8dda1db839e8ddbfdb35f29f81350bf3a8409e4c3b5258431ee067eb5f4478735ab4fecc86da79952440c4808dc7cc7fc6be038829b6cfa7caa4ac6cea1a8c305bbbb2c858630401ebf5af07f89625b9d45ae030d8259df07ae0906bd9afdacee606b88a66655c2938239cfb8f7af0cf8ada73c77a9751ab14324f2125874c835e664b07ed55ffad0f4b1d6e52b7864ab918073b0f5ff007abaa9ee995488c91f80af3ff0f493491a954531ed383f8d6fdecf1c90b156c9e0743eb5ec62f0f7a88f329d5e58b337c5d3968dcb927893b579f4ee5a66d871f5adbd7ee2612b2ed5dbb9c560c982727ad7d165b4796278f5eaf34d8ad4da09a426bd6679ec09a729a68348952c489334f53511a4cd4b3443dda9a1a9b9a69aca4ae3e6d0739a4277c80271f5a6d282194d5742e1b5c9a26dac037273dabb8f85f653ddeb12885e35ff004663f31ff6d47a57116ec5658871f7857b5fc258d25b38b7123f7321e3feba57879c55f65419e8e5f1e799ee5a4daa5bdab09d432efc90a4fa0ae4be226962f74f9f013cb114dc33107047b575ba7c90ac0de4b963bbb8fa561f8c45d4d613031aedf2a5e41ed8fad7e5f82ab278947d9d482544f967c5fa6a58df4a23555019470c4f55cf7ae71abb7f88d1f93792f5cf98839ff72b88afd7f2d939524d9f0d8c494d88b4fa666941af467b1e6df51e32c77b9ce38af56f82f7b05bdd346524fde3dbaf007ab7bfbd79444d85f2db86272057a67c31d6b589668e2b5b5b6920b46816562082aa09e7ef73c03d2bc5ce68ba9879451ece51371ac9b3deaf6fe282cd0a2c83e6c7407d7debc07e28eb3a7ea0e4a43383e422fcc00e8e4f635ed126a5f6ad3a3f2363ddeecba6d2005e79e7f0efdebc03c797e2462095cf94bd01fef1af96c8b053a75af247d2677898ba29238a764329280801bbd29249c8a64acced9c0c669401b060f35f7f18b4f53e165276ba026909a4a4aa26e3b3413b69b4b9a68962a9dd436569334669f28b9854900f5a32f23800f19ef4c3d285eb51ca87cccb711f2bef73f4ab4247684807bfa55043c5383669fb34c6aa34590e5012dcfd2a48678a4e0ab7ad53cd488462b37451a2accbd6f7cd15bb4521624b67803da923b8f98bf3b739e9544aaec3c9a488019ac9d146cabb35239d269498c3038cf35179e609d63c9e4678154777cc69d19da69c6821baed1a50dd6d9431ddf781e82adb5da4cc5086e39e40ac7dc4e3a55cb27c0e7d3fad74430c8c258865d96412c2c67cb76f4a492184451b469b4edcf24d2b383d0d4673d8575c30abb04b12ec2799b570f93f4a61503f76075e69f993fba2891c9f4aec8d048e39d76cad2a9dac38e01a8e25c20a9e4048a620c1abe5b19395c715cd284e3b54a16a4dbc56becccb9ca1347f4a688c67a55b9539a558ce693a63f6856f2c63a5432a0cf4ad30b8151491ee3dea7d907b433451824d3b18a963406bc53dd42449ebfcaa5dc147dd19a705c5453b80e060f4a68646ce5b78e6a7d1628daedfcc65c6c3f787b8aaa1816207734c33c96f29656c718e99a66723b4b9d5ad6ca40bfd990bf19dd903dbd28b6d66d5a6495af21b301836d3381dfa76e95c1dcea3a84bf34d701b8c7dc03fa553791a73890eec7e147b43167af5cf8baca1b54486fade660dd52ec671cfa570baaea1f6bbf8e777c854dbf349bbb9eff8d60411c4a385e71eb45c4a546de7a51ed09b9a33dfc24e1563cae7a38aaf737ead0aae40c1cfdfac9575064241c9a8e46054119eb4f989e6341ef580eadff7dd4125d33f73ff007d55577dd4c1409c895a4c9f5fc6895b9e2a3209e94e450dd6826ec40c69793ea697001c53c0503a505218a876d3e24ce7fc2957ee9a7c43ad353158688c6e3d3f2a7c6833d07e541fbe69e838aabdc7ca0d803b5301c76a491be6c7bd19e2a1a1f20edc69a4e6949a4032690ec3d00f6a6629c0520a02c31850a29ed4da07ca03ad396994f5a570b0f1466814da2e224534fdd51a504d1715c90b52669a28a042eea916a2229ca698d12d396a206a44e940c9970075a01c1cd464d283c534f52d7c23a47e3ffaf42e769a89cd4a0fc86b3a92f78883b3110804d5ab59003d7b7ad51cf26a4809ddd7b546217340da9557191ec4fe27f32ed047a7fd9576ff000cb81df9fba2b7e1be867b8d2e4768e13bd0e0b8fdee4af1effaf5af2182fefe4d462579c1420e46d1e87daba8f0f6a6cf7f08d48bce20953ecdb140d9cfb633d17ae7a57c962b2d4e5cc8fb0c063d286a7a0f8b351b4941b56b081b648ad9241cfcbe98f7a87c511db5e4c1818917cb00f008fbc4d60eb5ac584b7b229867f332093818e9f5a9aff52826ba4b489245675c8240c7193ebed5e5d4c3ce0d5ba1dd1c446b365ed5eca34d1e158f62eeb7232ab8ddf28acdd2f4894e9f149e7b9439c2ec381c9f7ae86f84773a35ba46a43c56f872dd09da3a7e55059992df4780161b431000fa9a7ede6e36b8a54a17d8e2f42d221b788c127973ee72df3463d076e7d2a7b0d0ec7edb339b5b6cf999ff0050bea6ba6f0c6929709e6baa122423ef11fc23fc6abc76cc9a95e22ed0a93118cfa31aea9e2ea3ea631c3413332f3448e527c92b073fc317b55ed5b4b815b6c73c704a5415da80375fad493b4c6768e37031cf22aedf2417d3acb0a1570bb4163f53fd6b055a72ea68e10891cab12e92912a2065836bca00c93b7ef1fe75269f91a1dbc69739218fce0f5e4fbd51b8ba892caf10abe218d849c75c039c7e46b36cb55171a7456fa7ef89d49625d463193f5ee451ec675114b13182376e75f91ecdd763e091ff002d7dc7b579feb1e236b7b8b853016f31dc7faec77fa7bd20d66e7614795883fec2d739a9cf15c4d2b32b12acc7278af6707952a72d51e262f31e64ec4d71e21ba946c8a1990039f9653fe159534a5d096ce7dcd27ce23124442e78e6992919da01e6be96961d412d0f9eab8a9b7b9101bc9a72c3ce33fa54b147dc639a97ca27904577c609238e7513dcaea9fe7148c9cfff005aad88fe94d3173daaa31b194b5d48113dbf4a9163c9e57f4a9e28be953796a7a0a6b0dccee375b95588638971d00fc29b2a30e84fe157520e3b7e74d923c7a55ce92b58509bbdc2c9dd58142cbc9e87daa56b9914b97dcd8cf56a4b45c0c8f5a182959830cf06b17844cdd62649ee34ea6de585552b83d9e9649dae226c92bdbae6abc36cb2370074ee4d3da291633b0a8ae3ab83475d2c44823cc6d9fbdcd5bf34b42b852bcfad521b9172e73c76a1ae71180b91cfa0ae6faa1bbc4cadb93dc790972bb678feef623dea84fc33b2cdd493c1aaece8f3a9c1e94f250e17079e2b4850462b10da226964236ef7e3de98ef9e82a47508c70298a82ba234d2392551b9088327a54cb903a522003b54abb4f6ad392c54a5a0a452a8a5340a1ab221ee06914b13bf262c7f074cfbd29a0618fcfcb7635098ef6347c3f70f06a509174d1666438df8ddcd7b6f87257934c8662edf306f9f39cfcc7bd786e891c32ea508910b6c9931cfbd7af691aadbda69915ab24bb53380003d493ebef5f2d9c515367bb96d5b236354d65e3b7678e668e0006edb361739efdbd2bcb7c4faf4b712dcc72ef9937481374c5860fa7e95767f186992dabd9cd05db24841236281c107aeecf6ae4b56beb1bab955b686545dec087f4278ee6b2c0e5fece57b1b62718dab16747fb44aa1a39658232a71b49c75adab96921539762319eb8ac3d32e844de49dde52a9daa00e0e7ffd74ba8eb3942a4c9d07f08f5af42a50bcd1c70ab78b20d66e6270c36a6ef9bb8ce6b00e59c93902a6ba9bcc62fcf526ab8937f0b91f5af568c7916879f2779b1d486909a4cd7433163a9c951e69d19a9603dba5464d48dd2a26a965a0cd2669b9a3345bdd090b40f947069295c151cd42668b4893c4df3c7c73915ebff0abed46d63f2966ff0052ff00773ff3d2bc8ad54178c9f506bdb7e0fdddbc169107473fb89071ff005d3eb5f3fc40bf71647a993eb33dc2dd62319d8c91f3db15cc78fd275d2e6305ec99f226e109feef1d0d74311845bb610e73fe15c878e3508edeca6dc1c8f2e5e807615f9ae0a9db108fb3ad2fdcb3e77f183dd7dbe5f3c4d20dcbf7f279dbef5cb9aebfc5d7b0dd5dc9b15c7cea7e603fbbf5ae488afd7b2ebfb35747c0e31fef18ca294d257a52d8e0d98ac0fdf50491dc5747e1ebad4208c8b24ba83704f31a12cbbbae09c75ef581687170acfcdb8cef51d49c7ffaab66cb529ac24003b08a5236a8504851d8e7d8d716263cdeeb3bb0b52cee8d7d4358d5ac6113c7af5e89d9b6b5b2dcb2b20c1e4f39ec3b77ae3ef669677064bc794e318672dfd6bab864d15ee5b50d52ce69c4abb7e4620e4600e0301d05607881f449a40745b39adbe403f7ac4fcd9393f78f6a8a308536ac8e8c5559545a992cedb954c654671b8ff3a7cb8584146f30e7a2d3096c0598eeec314ec0440546057a0da7a9e4ca7cba086909a5a69a81262d2d368cd218ea29b9a3354990c5340a4a70a121b1ea6a4047b54229ea0d6891171cc69013ef4a693343434c955d4a1e07e7488e39f945310a053c1eb4e8de204e55aa7947cc28625ce109a72a9079cd4d03db96ff0056dd3fcf7a91630c715a421a8a521620a54671d2a68d4f6fd28106003c7e75244429c5774299cb299246adea6a75181d334918e6a74031c8aeae448c5d5645903f8299b067b7e5568a27f7698f1e3d29d89e720741b7b74f4a8447cf1fcaac3f02923009a7c82e7140f6a781c518a7815a588b9048bcf4a58f9ed523ad26cdbe94582e35d0e38fe551956f7ab00d35c8148ab98b1a935306db405c5230cf7af9a3e94786df4d603612dc53376deffad319d9860e57f1ad622721acec772a007b5471c64392e31c53d9d2142c76b719eb8a862b817121006de33c1cd67339e4c5b8873ebd3d6a38a039e87f3abc406a45500f4ae37208a21f2f1eb542f94fd8a43f4fe62b4e5e2ab5ec60e992b63b8edee2b6a4c8a88c271955fa52843b054981f952af4c5752304862a53f68c514993ef45cd06b252d3a93145c04a5c52814b8a2e02a82d52471e0d16e3d7d6a5240f4ab8b0623c648a8dc6da9838c751f9d413b647156d82222d934e5e94d45e69cc7158499a21734b9a6d28a92470a6e31452e6801a6929d8a00a0040334f0b4d1c1a7eeaa00ce29714d3cd3b352018a502901a70a402d140a7629d8561b9a70a50b4b4586392958d22d2353b00f0c7da8eb4991ed413e940d815cd2914d2c7de968e5b9171a7ad2a9a0834e4534f96e8a4ec598650a739fd2b4ac75011ba8257a8ec6b25193d16acc610e08db5cd570f73aa957b1d9e9ba944c832ebd0ff09f5ab85d05d25d44774883001e9dff00c6b888ee5a21f293f8362b4ec6fe4581a091df7b3643b3f2071fe15e556c1b67ab431891dbbea8f3db2c6046404db2e01f978fff005d69c17b059f876d9c49f2972a09527bb7a5722f7d0c9696e2231a34518f376b8cc8703ef7e47afad10df0b81e4bcdb225f9950c99507d87e26b81e5f2ec7a31c7c6db9b7e1fbc7366e2d42bc3e61dcc41041c0ffeb551b7bfb6b5d62574933235c65c329c0218d73b6d7b3c37d1a453cb0c0412db5caa6707af6cf4a7dbdff97a864da79e1e51ba427a73f789c7e35d4b2c6cca58f474fabdf5cdc5c3cd6491cb3311b94820018c67923dab3f50d66e6e6331cc90a9207dd07a673eb595a9cf31bf926b59e450d80238d8f0303d2a17bbfb55f464c3f671b71827ebcf415bd3cabc8e69e3d3ea694d73a74764c1ee183bc6778da7838e71c5671d4ede1b2448240c81b82ca73dea3bc916dc8c402e8499e3fbbfcfd7f4a864b8492d9631a4ac7839ddb7ebed5df4b2e48e49e3558636a1232952139f635464cc926e23be6ac48ab9f9547e02944595ce3b7a57af4f0e789571172ab264629924673d2af4718cf3fca98c9cf4fd2b7f62737b5b8cb743b7f2a94a1a9214f97f2ed5285cf6fd2b78532255083cb3e94c64e6ae6d1e9fa544ca3356a267cc361538a9d69221ed5285a7613630f4a8d854e578a615a7ca2e62188734f740477a704c77fd2924071d4d2702a1508846bea698ed814e3b877350b9cf15cf2a67542a95ae5f3e9deaa9c9357648f77ffaaa33101ffeaac1d32dd52148feb4be5f3dea64e9d28efd293892a440e94a1302a493e94d66cf150e255c60fbdf8d4bb72298179cd48a78a120b8d4e2958d3cae298c293293b829a52369f31b8029bd29542885a392519273f31ace51b8d6e5ed17fb405ec7358409295911be6200eb91dc576c35cd6258c5a5fdadac413e6f901ce7fefa3d8d7176179fd9ad13afef0315380db7a7ff00ae9352d66e6f2fa468c4b08383f2ca4f603dabcdaf8473677d1aaa28bfac6a97179191224432a07ca0fae7d6b9ed8c252c0756cd4d2df7983063d9ff0002aa92ce41e0e7e86ae950e533a956e684641501b8a86ea50ca429cf1547cf90f771ff0002a6a48c4fcc4fe26b6952263501c36e271de9a491d6ac878f6f3b3a7ad43315278c7e15ad3858caa486034d6340148455333145489512d4919e6b365a1edd2a226a66fbb55dfad050dcd266928c7bd16d4952d47669f19db1956e326a2a7a92df79767d686b51d49684f6f8425fb0c1aecbc17aa69b66ff0069b8b8285e265fb8c47de1e83dab8a45f9d40937027915e97f0c8e88eab6d7f65a7b9485d899950e4ef18e08f435e7e6104e1a9e865d2b33da7c1daa45aa69920775e662bf2291d154f7ac9f1edb44b66fb198ee8e6ebf41469f7f6da4c461b4b68a605b7e6260bc918c700fa560fc46d44dd692ceb73f667104c768979c951c76e95f014b04e78c4d1f572aebd8b3c6bc576f241a84b305e19957923fba3fc2b171572f6796472269de6e41cbb13dbdeaa57ea187a5c94a28f88c455bd563694521a335a2a6615257d85510ee08ae4ca7eeafad6ff87a386482e8df3b4491aae0a7a60e7d7d2b11551d0aed58dc9e24c722ade8f04f7374b66b7324692bac4ce324609c648cf35cb5a099d3879346f5ddaf872e34e8c5b5fdcc971bf2c85480179e795fa77ae56ea40c0fd2b4b58d365d275396da3ba79953003aa9507201f5358f266a68c237d4d2bce562355e734e6e05229c50dcd75ca31385362134d2694e69a6a6c30a7669869735202d28a414a3a55a4025028a290878a5414da7ad34214d2529340e9540c414e5a6d394d0c94482a5889cd46a38a9e303dab5a68993278874fc2adc4062ab463a5598c1c77aefa7b1cb36598c9a98138a8633cf4a981f6ae98a3063831a0366901f6a6138ad2c2b84a335174a919b3519a865224573ed4edc7daa107da9dbe9c4561e73e94d0734864ff39a68603d2a98d2158e29a25c7a523b8f6fce98306b2915629f5a8e47db48cc08a8b7ed26be7ec7d04a43b3bcd4335caba928187d4543773a9ee3afa5674f705cf6e9e95713194c9ee6e8e0ab127a8e829da63fef091c7ca7f9d503935a1a571ff7c9fe75954d88bdcd888f1f8d267e6fc698bc1a73360579ef73788d9cf1f8d4370d9d226ff787f314f2e18d36edb3a5cdf51fcc56f48999889c96a4e8e45238e681d2bb13d0c6c2e6969ad4ab4058334ec5250280b0b4b4941140587c4d8a1dc934d2290d0985852c714d049eb4b9a7039a771d84071463341e29319a863b8b8a5a5c52114082940a6e29e5a80148c0a8d9b069c4d26280101cd4816983ad381a7715c5c629714668068b05c5029e05341cd18a2c171d8c519c53734f519a2e170df4ecd1b6a40b4d09b1ab4354a05260d3b317311053ed4f54fa53c0a9a2534e3060e44223fa53847f4ab410e29c16b68d333e6299414aab8ab9b3eb4863fad5fb31f39515109fbb53c41076a76c26a68508fd28e4b8b9ac2288987dd357521f322338c7ca71cff9f7a8d781524f26f3dba51f574ca55da14992dd72586241dbfcfbd4524f32f31bedfc052aae454522e18d2faac47f5a916a099258195831627834f46745608d80455280107a55a5c91d288d0d43dbb1c924bbbf76e164ee48ed4b292b3acac72aa39c75a55c8a8f1c5742a3621d562bce023b364e4129c74a586eb740aad92ddce05579064d3e118a1c190ea31e235ea453f72e36807d2814b8aea824724db630a9ce45376f3526290f5a6c98a63d06054882989d29c3ad5458490bdaa371cd494845310b10a7e698053b39a2c0c09a6934ec528a648c208ef4c606a5db4d6149b0488185432478f4ab26a222b391aa762bd31c54d20a6806b268ab912250539a9d41a561c54b81a29151d6a22bcd5a7424f4a6ecacdc0be618aa36d3963c9a91129f8a3909722090d459e6acbf4aad275acaa42c6b4d83534889e505d49e2814f5159c4d24ec1215936050404e39a82567594ec3835648e2a2706b4693467ed6c40c04dc45f2fd6a36b795396653f4a959714c73c56528d8b4ee40c1fa06029c467a52aae4d3cab1ed599a2d080ab67a8a519ef52147f4a4c30ed4f615ae2546e6949a69e6a18081aa54a605a54eb516025278a611cd3c74a638c9a761dc8c0a3140045072688ee26acc08a713f301273f4a68c8a70058feec6e14a5b96d5d12200597cb18c11d6ba5d0a396d635bcdcbf3a94e393d7ff00ad5cfdb12acbfdec8e3debabd065658c798001b4ff003ac7170e681d584972b3d220bc58cedf9b76720e05713e2dbad46e66990dc2984348369500ed27a74f4ae89f54b0f28b473e48f546ff000ae47c47ac995da24f2c8cbafdd39af2b01815ed949a3d5a989fddb47297422590a6d3b8753dba54056ad4c8198b9cf3516dafa7946d647cbcdde6d9015a4c54ac29acb41a4751a7292069398c7503ad6df86e6b686f23792372a644231f5fad645bc7e70e73d71c52cd088b919fc6b9a746e6d0abca741e2e6fb45dc935afc8aceb8ddd7eee3deb95639a90c84f07151b0a9851b0e75ae3714628c52815afb330e7108a8d854869869343b919eb4b4ea6d4582e28a70e94d14b4c2e29e9494a692908514e069a296a9098a4d2a9a4145500ea55eb4d514f5a76249a31c54f1af3504753c6b5bd346726598f8c55a8c8c5558874ab318e2bba08e6916508cd4808c5463ad3856e8c58f0c298c734134d635a5c49062a3738a0b544ec3359499a2449bc7bd34b8f7a88bd34b8a9522b949f78f7a68627bd43be9778a1cca511ef9a40e45465e9a5c543915ca50326c1c9fccd54baba50080477fe2aaf71745b8c9e9e82aa3867c9cd78ad1e94e43a595dd8e0b7e74c3447f29e69c306a918dee00f038abfa7120743d0ff003aa3c0238abd64c07af4feb58d4d8de08d453934b28caf07b5568a5f949e7ad114e5a5da49fbd8e95cae269160432b679a6ced9d365ff787f31562e70101f7aab371a64bfef0fe62b4a6824661a1860519a0f4ae833421a1695a85a2e214d20a5a00a2e02814b4521345c009a4eb4628148685029c8b4d069dbb140c1c52474139a3a53b12c5cd19a314014803f0a314b8a4cd0021a4cd3bad1b68012945069569885029c169ca052ad3108169769a951734f11834ec172029fe714e8c1f4a90ad3e2404d546045c40bc74a784f6fd2a658c11d2a558c7b56f1a5721c8812327b7e952ac3edfa55848c63a53c2815aaa24f3147cbc76fd2a4893fce29c69f18e688d3d41c8705e29427f9c548ab4a315ba819391195c0e94d3c76a98e0d30af343889488579356221512ae0d4d1d66a23721e4529514a685e456aa243900e98a8a5524f7a93bd24869826314f3d2a68dbdaa3400f6a90e076aaba43e71e5fda92917068a6a689e71ac32695460528a0f145d31739253a980d38538898b8a8dbad494d6eb4da2a2397eed28eb48bd28cf34e2889b1d4a0d3334a0d50890534500d2d0161c0d14ccd2834c561f9a6914b41a2c17232b51ecff0038a989a666a5c439885d3dbf4a411ff9c54a79a55153c85730c31f1ffd6a6b2e3ffd55629b228c50e234caac29bb453dc60d00567ca5dc157da861ed52a2d35d79a2c172071c540eb53b1a89ab9e7a9bc3422dbed4e0bed466a4028853b84e426de2a364ff0038a9f1484735a7b23245574ff38a8654e3ff00ad56df8a825e4561561636a722a0383d29cbbc9fe2a704c9a780dea2b08c4d252b0c2ad8ef4c656f7a98961dea3666f5a72804257202b4de952374a8cd64d162834e5151d4b1f2695807814114f038a46aa510b903e7fbb4d5073d0d4ea558f4a76d51daaa9d3d499cb52020fa1a72929f218c8cf39e95380a7b538aa9ff005832689d3f7915cfee841188d84c5c3e086dbfae2ba5d135b8923119d1d24c29f9891cf3feed73b1c7e98dbe9ed572191e21fba3b7f0cd6b3a09c49a75acce9ac668c8e76919ee7daa9eab25a64e2180b7cdd319cd518ee0c2bb727d781504dbe46df918c93cd44282a72d0b9621b8d8ad74c49f9612067b0a848a9e52e7e507a544e38aec50e6dce58cb7642d8a61eb4f71cd36b9e51f7ac109fbc3558a0f933f851bd9cfcf9fc4d395360f9b9fa546e4138151c8cddcd0d9401d3151934e7e3ad308a870684a69899e69eb4d029ea288c640e511a4531854ac38a8da86864669314ea4acd8052e2814b4806d141a6d0263a9d4d14e15480514ec520a70aa244515228a62d48b5690992c75613ad411d4e82ba29a3093278eacc478aad1d598ba5764763164c29d9a60a5ab4c8b0e26a363c75a5351b9e2a9b1a4231a85db9a566a8646ac24cd9214b530b5349a631351cc3b126ef7fd68dd50eea52d52e45243cb7bfeb4d2dfe734c66a6eea9e62ac73d4a16851522d79a74d86814a1067bd29a51cf7a0b484200c55cb2c63af63fceaa91ef56ec938ebd8ff003ace4684ecb0c6bc3b5320688499dc7a8a5d9bdb96a7b428ab9dcb9c7a56174348b0cf0b281bcfe54cbb39b093ea3f98a8add371fbddaac6a4812c24c63b7f315512998640ddf8d28c6f34cdc4bfe341cef35d08c242e697348052e280419a28c50452631ca294ae6901c505a90c4c51413480d3b8ac2919a7014829013ef4863fa50690669769a02c009a7006955454800f6a626300a0c78f5a79c7b52727b1a5626e340c5230353a479edfa50c807a7e55a288ae5745c53c2d3f6d491a648e3f4aa8c46e6864686a744e6a58e2e3a7e952a4473d3f4ade30317323588fbd3bcbfad5948f8e9fa5298fdbf4abf664f3151a2fad3e24e7bd4cebc7ff005a923539a71889c89123e3bd48ab834a838a72835bc6264d801814849a900e29081ed5560b955c1a7c23fa504734f418a948649da8a3b515a2258521eb4b487ad0c91829eb4d029eb5253169d4da514c429a6d3a90d310aa69c4d314d2934c070a29052d0014a29052d021734b4ccd2835631d40a4cd20345c43e8a6834668b887e69734ccd2e6810ecd3b351e69d4c07834669a296980b9a33494504d85cd1ba9293140585a6eda7519a02c19cd230cd2e2834c642c94dd98a98d2362a594988bc50d42d29152ca4caed51354f22f15030e6b9e48d531bb734e55228152823da9242620ce290e69e314ec0f6ade264d904b822aa48b9356dd4e3bd57706b1aa8de2c882501714a739ef4fc562a212646c38a8990935676d26df6aa711c5941d49a66cfad5b91401ff00d6a81ab092348b222314fdb415cd2f3ef58db5354c7a0c538d2460fbd49b0fbfe55ac51126302d48ab4043e9fa548aa6af948b8d0b4e8d369a701c53855c620de8283cd4f0ae4544a9cfff005aac45f28add23091a17d6d020251dcf03afd7e959ee76e40a7c86523e695cfd49a67b1a7ca53910b0563f3122abb559913be7155dfa50f4253217a8cf5a91e986b9a4f53588d14869691aa59431a9869e69b59b28053d69ab4f1412c8da986a56a8cd263444d498a7b52566d1620141a5a4268130269a69692902129e29b8a70eb4218e14b8a45a7819ad110c16a4419348abcd488b835a450a44d10e2a71d6a28ea702bae08e693248ea65e951276a9474ad91931e0e29dbf8a60e6976f15a9004e698e78a5638a639e2a5971227a824a99cd41275ac646f110d309a73546d58b650b9a4269a69a0d4dca4389a4de290f34c6153728ca2b8a4c52528ae1475d85c50a0fad14d02980e39cd5cb2271f81fe75408e6ac412002a248772fc3827a5492264555926910676ad5792f243c6d4f4e86b1506cae62f2b888f43f8532e6eccd632024f503903d45671f324e768a5615a28d897219d0834a0e643f4a6938a335a2326c766941a6d28a0a42e694d2528a4c628148c29734b48686019a785a514ecd003318a318a526942d3b05c4069ea69314f4e94589b80a51cd3d16a40b54a24b910edcd4fb00ed4e54a7aa56b1a643908a0629ac99f4ab0aa6948ad540cf98a81466acdbc60e38f4a08c9ab16eb8fd2aa30d49721e2318a78029fd0500d7446264e434629e306973466b4e512642f4201430a107359a45364a0f15202298a38a01ad5104879a69068a42286343545380a6e29c05458a14514515684c290f5a5a4cd262014e149452450b452514c4c78a298296a9081694d36814ae161c2969b4d145c2c494e14c14b9a2e161696999a5aab858766901a4a28b887034669a2968b8ac3b34b9a6d029dc561d9a766994b9a2e161e0d2e699453b8587e68cd2668cd171585cd2e69b9a4a2e1624a314ca5a2e161f9a43499a334ee2b0d34deb52669b8a4305a4738a5c518a4c688d8e6a2615330a630acda344c8b18a7aad2814a0e6928836285a43c53d69c3a568b4336432631559c726adc9cd4254e6a668a8b21080f5142ad4bb48a149351188e4c66ce2a3618356f6e4531a3fad394422ca12722a02bcd5d963c7ad57618cd734a26f16438c5388141622a48d6b2e5d4d2e2478a98629003522e6b7840ce521302969eab4a462b4e427988f34a0629e28e69a889c87254bdaa35a91456a919362af9847ccc0d34e01a79a69e94da26e452eeec6a06a9641cd40d5948b891bd466a5351b573491ba1a290d29a6354b1a623530d3e9a062a2c500a9169aa69e0669a44b18d4c353b0c8a89d693434c85a9314e6e28acda2ee3714d229e68c516131868c53a90d2b021314e22994fc5090ee03ad3d691453c0ad1221b1e9d6a6419a85054c82b68a224c9d16a5151c7d2a61d6ba608e7931c9528a62d3c74ad92331e06294b52134c22ac5606e6a27e94f2698fd2a59488d8d42fd6a57a824158c8da2465a9a4d29a61ae66682e69a462822909a86ca4216a4dd4134d350d9465d14506b951d419f7a453452118aa25b14d286c53334d27d295896cb0f3b37507f3a88bf3d298589ef40cfad351279c956523a29fce959b351027d685269d87714f5a5c5028ce2a407528a4a5141685a5cd252669318e069453054aa38a430c52d2e2940aa4896c6629ebcd382e6a448f9ab5125b18173da9ea9fe71528414e0b54a243635233eff954ab19ff0022a5551520515b46067cc46919ff0022a411ff009c54880629e056f188ae46138ffeb5056a6c714c355ca221d9fe715344714d1cd3d4629244b261cd20a4538a01ad510d0e1452668cd0d8242350a294d0b5286c78e94d14b401564d870a28a42686cb48314b499a3349122e68a4cd19aa0406928a2a58c33ef4a0d369450863a9334b4da621d4669052d3131334b4da514842e68a28a005a334945002e6806928a7701d9a4cfbd19a4a2e03b34b9f7a68a28b887e6969b4a2980b9a33452500381a5cd368cd3024cd19a6e68cd3158766909a4cd250161d9a5069a29680b0ecd19a4cd19a2e3b0b9a5a6e693340587d14ccd19a62b0114d2a69dba82d536043714a139ffeb519142b64d161dc76da43c53fb5358532591b0cd205a91853735121c4630a50a3da94f5a414e212148c531b34e269b91448225797a55765c9ab321e2a03d6b192378b232833dbf2a7291e94a45288fe959a5a94d8f400d48107f91444952115d10899498816865a900a46156d13722c53ca8f6a5c5382d489b23db4f5cfbd3f6814d240aa448ac69a4d231a69349b1a4364a81c54cd513f4aca46b1442d51b54a6a37eb59345a18698d4f34c6ac98d094dce69d4d0315250e5152af02a35352a8cd52258951c9521151b52686881fad15215cd37159b458da283499a2c20c52629d452043314e028a51d68431ca2a4514d4a954715a44860839a990531054ab5d11463264b18e2a55a8e3a9075ae88a31648b4ea6ad3c568480a5349d28cd500d6a638a9298fd2a58d10b0a85c73561aa171cd632344404531854ac2a36158346e865466a43d6986b26521869a7ad3cd30d66ca3328a290d6074887ad18a2973410c4229a4538d21a096340a314f028229b624228a700452a8f6a7115372d2101a43cd21eb453421cb4e269829695c070a0022954714f0b4ec3b88b4f00d2a27f9c54e8831d3f4a1443988914d48a869eb1e3ff00d54f0315aa890d88894f48b07bd2a54aa0fa56b1892d881314f51460d3941ad1225b245a75228a535a990ab4ecd356814d00ecd21a5a2980da55a4a70a0070a5a6d3aa9098a2941a6d15421d452668cd4885a5a6e6973ef40585a2933ef467de80168a4cfbd19f7a02c2d2519f7a4cd016168a4cd19a02c2d029334b400b452668cd016168a4cd19a02c140a4cd2d03168a4cd19a005a293346680169452668a00751499a33400a29734dcd19a007668a6e6941a648ea4a33466801c296999a5cd301f9a5cd3334b9a62b0fcd2537346680b0f14669b9a3340587e68cd33752e69dc63a8a4cd267de8b80a6928a28b8098c500d069b4843e94714d069d9a603b34114d14e14c00d30d389a69a9012948a4a1b3400b4c75c9a519f7a522802bb8cd46455875a89ab368b430ad380c1a6b1a556cd4a45dc951aa5534c44c8cd3c0c56d13290034119a5c52d510336d0139a5269435002818a4268cd1400d6a8da9ef4c6a9634432544c78a99fad57e6b191a4463d467ad4add2a26159334421a6353cd358564ca430f5a318a5c5079a450aa6a5519151a8a914e2a912c71151bd3c9a69e6ad928858d36a42b4d22a19771868a5c50054584c314629452d2b1571b8a5514b8a72fd29a892c00a910d2019a91138ada28860b532531454882b78993241520a8c0a9056d1466c78a5a6834ecd510c7514506ac1087ad46d4fa6354b290c35149529a8a4aca45221715191533d44d58491b22171cd318548f4d7e958b34445484538e29a6a4665514ecd15ca74dc61a5c53a8a04262822969a7ad0161451494e14894872f4a53d2905230a92831494e41526dcd5a44b646052815214e2851cd0903041c54c89cf6a54e956231b6b58c486c48e2fa54a23c7a52124d394915aa890d88c0533bd4ac38e29aaaf9e95490ee3e24e2a6db4d8d78e69d8e2ad225b10f14e534c2b4f41c55244928a0d203cd38355881692949e6928402e693340a78a603475a7514500252834519a62628a5a6d2d3b885a29b452b80ea29b451701d45368a2e03a8a6d145c07514da41d68b80fa29b4a0d170169452668cd1701d453734668b80ea29b9a3345c0294525145c761d45368a2e161d45368a2e161d4a2994a28b8587514945170b0a693345145c2c2d1499a3355726c3b34b4ccd2e7345c2c3a8a414b9c5170b0b9a5cd3734668b8587668cd3734b45c2c385148297345c2c00d28a4cd19a770b0f1494dcd19a2e161e28a6668cd170b0ea4228cd21a57158338a7ad3281d69dc2c4b8a42690514ee160a434b8a4a02c14a4e69b9a5cd0161c29acd8a334d66a02c239e2984669c7a530d4b432375a722e0d21eb4f19a2c3b9327029f50a9a901aa44317766909a05069dc56108a6814e34b45c2c3453a90d25170b08d519a7b531bbd4b652431aa022a57a8dab265a236a6629ed51b566d142114d229c692b36521b8a4c53e9b5162ae00d3c0cd300a7818ab44b0c521e29f4d35448c26994f2292934526328a53454d862014e02940a7014d21dc6e29cab4b8a78ab5121b1a2a543c53714f515a24436394548a29abd6a45ad12326c5029452d2d6a8962ad2d20a5a6263a8a4a0d3250869ad4ea434ca4466a292ac1e950c839ac9a2910bd44d533f4a85ab192348b227eb4d7a73f5a635612364c8cd318d48d4dacc665528a414e15cc740514e029b400534f5a7534f5a00514a28a5149a121453a31b8d254b0ae0d34863d2318cff4a52a053f3c50066b4488646d4d51cf4a9b6501714240c7462a64e6a21d2acc4056b1443248d0639c7e54aca01ed4bda9c9196f4ad513622718e9cd037e3fd5b7e55215d8d96e7e95299a2f2f1b5b38a84c64519cf5e3eb4e506a31f3b1dbc7d6a615a44962114801f7a7134ab8ad51218a5a4a334085c52d0294f4a10094ea6d28a603b3466928a005cd2514502628a29297345c419a33494503b0b9a334945016173466928a02c2e68cd25140585cd1d29294f4a02c19a3349484d0161d452668cd016168a4cd19a02c2d1499a3340587668cd25140c5cd29a6d2d00253853696800cd2d36945003b3466928a005cd19a4a2801723d68c8f5a6e28c55123b23d68069b8a5a00901e2909a6834b400b4537346681d8752e6999a5cd0161f9a5cd305140587e68cd3734668b887668a6e697345c05a29334668b80ecd19a6e6945002e6969b4a2801c0d19a4a4cd301dba8cd329735448fc525206a6b35002b1a6d2668cd0029a69a7534d3b031a6a418f6a653b14589b8e18a764547cd19a4225cd19a8f34b9a0a1c4d2e6999a4cd003c9a4cd373484d002b1f7a61a56a69a9658c7a61a7b532a19446d4c22a56a61159b191914d352114d22b3634474034ea6e2a4a1c0d19a414e0334d12c5cd14829c2ac4c6914c22a5a6914585722c518a931462958b420a70a5c528149031053968028535aa218e15228e2982a44e954436281522d3453856c8cc752d252d5898a2969052d0c42034b4d14ea1121484d2d318d514809a8dfad2e691aa194889fa544c3daa77e95135652454481fad466a57eb51357348de246d4c34f6a8c9ac99467514515ca6e14514500145145002814e14c06941cd2650fcd4f0f26aae6aec09f30aba684c7ed34e55a97680299deb7b18b2361428e69e450b49143d0715362a25a954d688963d3822aca3e05575a7735689118f151f7a95871511eb4d20b0e02a5535103522835690343a81486956aac66c7519148692801d4fcd462806801f9a33494500038a7669a692980a79a281466801452d36973400668cd251400b9a41451400ea69a28a007514dcfbd19f7a2e03a8a6e7de8c9a2e03a8a6e4d19345c029452668a403a9b4b9a4cd0028a5a6d2e680168a4cd19a005a2933466801452d2519a005349451400a2928a4cd0028a5a4a33400e14b9a666973400a696999a5cfbd3403a8a6e7de8cfbd002d2e69b9a334123b34b9a66ea33ef4d00fcd19a667de8cfbd301f4b4ccd2835203852519a6e6801e29734ccd2e6801734b9a66697340c7e69334dcd266a84480d2e6a3cd19a648ea2933453b8585a5cd25145c2c381a334da28b85828a28a2e014c14fa653b885069c0d3714b4ee02d21a33ef454dc760a5a4a5a2e3484345068a2e3b0521a2909a4210d30d3cd30f4a86521a69b4e34d3d6a58c4c53585498a69150cab90b0a5229e4521a80b8dc5380a4a72d34002969db6931ed54881a5734869e29a4555864669315211462a58c6e29452e29c0552062538518a7edab4436228a705a00c53aad10c5c51452815448669568db40eb4d098f14b9a68a5cd301d4868cd25300a1a8cd0d498094c614fa631a4044d51b54afd2a26ace46888241cd46fd2a57eb51bd612358911a6b53cd31ab166a8cca290506b90d45a290529a0028a514a68018053d4521e4d2e38a4c62edabd0f5aa712d68275ada9a136484f14cc53fb5256cd18b63714a052bfcd4e9233888f3fe714921dc402a50b8a60e1aa4156912d8e5a78a60a7a74ad1215c46a681935348c09a7460e2b3732d112a669ea2a651cd5d822ff00447ebf7bfc29aa8538998c3140a9265c33fd4d44b5a2998c90ea3029a3ad3aaae4d829075a43d681d68b858900a0d368a2e161a0e69d8a290d3b8084e29d4da5cd1701c28a6e68cd1701d9a334d149de8b8587e690521a5a2e161690d14d3d68b85875145140051b85148a6801770a370a09a55340094a293346695c2c2d2519a0d170b0a28a414a68b85828a4a05170b0b4514945c2c3852d345145c2c29a4a28a2e161452514a3ad170b00a5a290f5a2e16014b4d14e145c0434b486814c05a290d029dc05a4cd250695c90cd2e69b4da60499a33518a753b80b9a506999a33485724cd19a6e69a280b928a5a8852d0171f9a5cd368a7618ecd03ad20a4145c07d1480d2e68b8066945069290c9052669a283400a4d266928a00334669a4f1499a09b0fcd19a683c5253b887e68cd328a6161f4a29a2941a92c752d20348281a14d1476a4340c4a0d3a90d1710c3494e3d686a404669a69c690f5a006e6834ea6354b4310d2114e14951601314a0528a70e94d2000734b8cd140aa489108a654b41e95560b91628029c68a9682e369c294d02985c31525466a45e95689614a0520fbdf8d38d592c00a5a0f4a414c91d9a4a51d291a9a13145142d2d3016834945300a0d1487a526026698c6a41de98d48063546d523546d51234442e39a89fa54cfd698d5848d224069ac2a47a89ab168d51962834515c66c0294d145002af7a534514009de9dd851454b1a2587afe15753ad1457452259276a4a28ad998b17bd4d2fdc8be9fe1451490d919fbc6a414515a2258e14f4e945157d0903f7aa78ba51457348da2482b420ff8f47ff7bfc28a2922d99b71f7dfea6ab8a28ada26121475a751456a48d3d681d68a2801d451450014868a2a8425145140051451400a293bd1450314d2d1450014d3d68a2801d45145020a6ad1450029a55a28a0028a28a9185068a280014a68a2801281451400b49451400a28a28a0028a28a0029475a28a005a43d68a2801053851450210d028a29a00340a28a6025068a28244a6d145080053a8a2980da05145048ea68eb451400e14b451400a6814514d8d0a2905145218e1451450c6879a4a28a0428a0d1450034d028a280187a5251450028e94b45140985145154216945145496385028a2818b4868a2818b4868a2900d3d686a28a04c8cd21eb451400531a8a293180a4a28a801453874a28aa402d028a29a258b41e94515421868a28a962629a05145343606a45e9451548901f7bf1a71a28ad10314f4a414514103874a46a28a684c55a5a28a60145145300a43d28a293001de98d451400c6a8da8a2a196889fad31a8a2b091ac489ea26a28ac19aa3fffd9]]></dynamic-content>
	</dynamic-element>
</root>